{
  "numFailedTestSuites": 5,
  "numFailedTests": 29,
  "numPassedTestSuites": 7,
  "numPassedTests": 147,
  "numPendingTestSuites": 0,
  "numPendingTests": 1,
  "numRuntimeErrorTestSuites": 0,
  "numTodoTests": 0,
  "numTotalTestSuites": 12,
  "numTotalTests": 177,
  "openHandles": [],
  "snapshot": {
    "added": 0,
    "didUpdate": false,
    "failure": false,
    "filesAdded": 0,
    "filesRemoved": 0,
    "filesRemovedList": [],
    "filesUnmatched": 0,
    "filesUpdated": 0,
    "matched": 0,
    "total": 0,
    "unchecked": 0,
    "uncheckedKeysByFile": [],
    "unmatched": 0,
    "updated": 0
  },
  "startTime": 1783204948655,
  "success": false,
  "testResults": [
    {
      "assertionResults": [
        {
          "ancestorTitles": ["TerminalWorkspacesManager right dock"],
          "failureMessages": [],
          "fullName": "TerminalWorkspacesManager right dock keeps terminal-only layout by default and exposes dock tab controls without PageHeader",
          "location": null,
          "status": "passed",
          "title": "keeps terminal-only layout by default and exposes dock tab controls without PageHeader"
        },
        {
          "ancestorTitles": ["TerminalWorkspacesManager right dock"],
          "failureMessages": [],
          "fullName": "TerminalWorkspacesManager right dock browser tab shows the dock shell and keeps the switch in the top toolbar",
          "location": null,
          "status": "passed",
          "title": "browser tab shows the dock shell and keeps the switch in the top toolbar"
        },
        {
          "ancestorTitles": ["TerminalWorkspacesManager right dock"],
          "failureMessages": [],
          "fullName": "TerminalWorkspacesManager right dock opening right dock browser side-by-side keeps native terminal policy live",
          "location": null,
          "status": "passed",
          "title": "opening right dock browser side-by-side keeps native terminal policy live"
        },
        {
          "ancestorTitles": ["TerminalWorkspacesManager right dock"],
          "failureMessages": [
            "Error: expect(received).toBe(expected) // Object.is equality\n\nExpected: \"hidden\"\nReceived: undefined\n    at Object.<anonymous> (D:\\devhub\\src\\components\\__tests__\\TerminalWorkspacesManager.right-dock.test.jsx:493:96)"
          ],
          "fullName": "TerminalWorkspacesManager right dock pizarra fullscreen marks workspace terminals hidden in layout so native layers can disappear",
          "location": null,
          "status": "failed",
          "title": "pizarra fullscreen marks workspace terminals hidden in layout so native layers can disappear"
        },
        {
          "ancestorTitles": ["TerminalWorkspacesManager right dock"],
          "failureMessages": [],
          "fullName": "TerminalWorkspacesManager right dock opening swarm wizard suspends native terminal surfaces and renders modal above the terminal layer",
          "location": null,
          "status": "passed",
          "title": "opening swarm wizard suspends native terminal surfaces and renders modal above the terminal layer"
        },
        {
          "ancestorTitles": ["TerminalWorkspacesManager right dock"],
          "failureMessages": [],
          "fullName": "TerminalWorkspacesManager right dock shows active swarm summary without End swarm button (close workspace to terminate)",
          "location": null,
          "status": "passed",
          "title": "shows active swarm summary without End swarm button (close workspace to terminate)"
        },
        {
          "ancestorTitles": ["TerminalWorkspacesManager right dock"],
          "failureMessages": [],
          "fullName": "TerminalWorkspacesManager right dock shows active swarm summary from cached control snapshot when devhub_agent_runs is empty",
          "location": null,
          "status": "passed",
          "title": "shows active swarm summary from cached control snapshot when devhub_agent_runs is empty"
        },
        {
          "ancestorTitles": ["TerminalWorkspacesManager right dock"],
          "failureMessages": [
            "Error: expect(received).toContain(expected) // indexOf\n\nMatcher error: received value must not be null nor undefined\n\nReceived has value: undefined\n    at Object.<anonymous> (D:\\devhub\\src\\components\\__tests__\\TerminalWorkspacesManager.right-dock.test.jsx:698:7)\n    at runNextTicks (node:internal/process/task_queues:64:5)\n    at listOnTimeout (node:internal/timers:567:9)\n    at processTimers (node:internal/timers:541:7)"
          ],
          "fullName": "TerminalWorkspacesManager right dock shows terminate swarm action for active workspace launch and posts launch-scoped terminate request",
          "location": null,
          "status": "failed",
          "title": "shows terminate swarm action for active workspace launch and posts launch-scoped terminate request"
        },
        {
          "ancestorTitles": ["TerminalWorkspacesManager right dock"],
          "failureMessages": [
            "Error: expect(received).toHaveLength(expected)\n\nExpected length: 5\nReceived length: 1\nReceived object: [<div data-testid=\"terminal-p1\"><span>p1</span><span data-testid=\"terminal-visible-p1\">visible</span><span data-testid=\"terminal-suspend-p1\">live</span><span data-testid=\"terminal-native-policy-p1\">live</span></div>]\n    at Object.<anonymous> (D:\\devhub\\src\\components\\__tests__\\TerminalWorkspacesManager.right-dock.test.jsx:764:77)"
          ],
          "fullName": "TerminalWorkspacesManager right dock batches swarm runtime requests into a dedicated workspace instead of replacing the same split",
          "location": null,
          "status": "failed",
          "title": "batches swarm runtime requests into a dedicated workspace instead of replacing the same split"
        },
        {
          "ancestorTitles": ["TerminalWorkspacesManager right dock"],
          "failureMessages": [],
          "fullName": "TerminalWorkspacesManager right dock materializes all swarm panels in one workspace from a single launch event",
          "location": null,
          "status": "passed",
          "title": "materializes all swarm panels in one workspace from a single launch event"
        },
        {
          "ancestorTitles": ["TerminalWorkspacesManager right dock"],
          "failureMessages": [
            "Error: expect(received).not.toBeNull()\n\nReceived: null\n    at Object.<anonymous> (D:\\devhub\\src\\components\\__tests__\\TerminalWorkspacesManager.right-dock.test.jsx:882:41)"
          ],
          "fullName": "TerminalWorkspacesManager right dock preserves 3-column layout when director arrives first and workers arrive later (two-phase dispatch)",
          "location": null,
          "status": "failed",
          "title": "preserves 3-column layout when director arrives first and workers arrive later (two-phase dispatch)"
        },
        {
          "ancestorTitles": ["TerminalWorkspacesManager right dock"],
          "failureMessages": [],
          "fullName": "TerminalWorkspacesManager right dock opening right dock editor side-by-side keeps native terminal policy live without mutating fullscreen state",
          "location": null,
          "status": "passed",
          "title": "opening right dock editor side-by-side keeps native terminal policy live without mutating fullscreen state"
        },
        {
          "ancestorTitles": ["TerminalWorkspacesManager right dock"],
          "failureMessages": [],
          "fullName": "TerminalWorkspacesManager right dock dock tab buttons toggle visibility when pressing the same tab twice",
          "location": null,
          "status": "passed",
          "title": "dock tab buttons toggle visibility when pressing the same tab twice"
        },
        {
          "ancestorTitles": ["TerminalWorkspacesManager right dock"],
          "failureMessages": [],
          "fullName": "TerminalWorkspacesManager right dock switching to editor reveals the shared pane with contextual subtitle",
          "location": null,
          "status": "passed",
          "title": "switching to editor reveals the shared pane with contextual subtitle"
        },
        {
          "ancestorTitles": ["TerminalWorkspacesManager right dock"],
          "failureMessages": [],
          "fullName": "TerminalWorkspacesManager right dock legacy bridge state hydrates as browser edit mode and persists normalized state",
          "location": null,
          "status": "passed",
          "title": "legacy bridge state hydrates as browser edit mode and persists normalized state"
        },
        {
          "ancestorTitles": ["TerminalWorkspacesManager right dock"],
          "failureMessages": [],
          "fullName": "TerminalWorkspacesManager right dock rehydrates persisted visible editor dock state for the same project",
          "location": null,
          "status": "passed",
          "title": "rehydrates persisted visible editor dock state for the same project"
        },
        {
          "ancestorTitles": ["TerminalWorkspacesManager right dock"],
          "failureMessages": [
            "TypeError: Cannot read properties of null (reading 'visible')\n    at Object.<anonymous> (D:\\devhub\\src\\components\\__tests__\\TerminalWorkspacesManager.right-dock.test.jsx:1081:21)"
          ],
          "fullName": "TerminalWorkspacesManager right dock right dock visibility and tab state stay isolated per workspace",
          "location": null,
          "status": "failed",
          "title": "right dock visibility and tab state stay isolated per workspace"
        },
        {
          "ancestorTitles": ["TerminalWorkspacesManager right dock"],
          "failureMessages": [
            "Error: expect(jest.fn()).toHaveBeenCalledWith(...expected)\n\nExpected: \"native_browser_set_visibility\", {\"request\": ObjectContaining {\"panelId\": \"browser-project-1-ws1\", \"visible\": false}}\nReceived\n       1\n          \"native_browser_probe\",\n          Object {\n        -   \"request\": ObjectContaining {\n        -     \"panelId\": \"browser-project-1-ws1\",\n        -     \"visible\": false,\n        +   \"request\": Object {\n        +     \"panelId\": \"browser-project-1-ws5964\",\n        +     \"requestedMode\": \"native-gtk\",\n        +     \"tauriAvailable\": true,\n            },\n          },\n       2\n          \"native_browser_selector_command\",\n          Object {\n        -   \"request\": ObjectContaining {\n        -     \"panelId\": \"browser-project-1-ws1\",\n        -     \"visible\": false,\n        +   \"request\": Object {\n        +     \"action\": \"deactivate\",\n        +     \"panelId\": \"browser-project-1-ws5964\",\n            },\n          },\n       3\n          \"native_browser_selector_command\",\n          Object {\n        -   \"request\": ObjectContaining {\n        -     \"panelId\": \"browser-project-1-ws1\",\n        -     \"visible\": false,\n        +   \"request\": Object {\n        +     \"action\": \"clear-selection\",\n        +     \"panelId\": \"browser-project-1-ws5964\",\n            },\n          },\n\nNumber of calls: 3\n    at Object.<anonymous> (D:\\devhub\\src\\components\\__tests__\\TerminalWorkspacesManager.right-dock.test.jsx:1128:24)"
          ],
          "fullName": "TerminalWorkspacesManager right dock switching to a new workspace keeps a hidden native browser from staying visible on top",
          "location": null,
          "status": "failed",
          "title": "switching to a new workspace keeps a hidden native browser from staying visible on top"
        },
        {
          "ancestorTitles": ["TerminalWorkspacesManager right dock"],
          "failureMessages": [
            "Error: expect(received).toBe(expected) // Object.is equality\n\nExpected: \"ws2\"\nReceived: \"ws2987\"\n    at Object.<anonymous> (D:\\devhub\\src\\components\\__tests__\\TerminalWorkspacesManager.right-dock.test.jsx:1163:67)"
          ],
          "fullName": "TerminalWorkspacesManager right dock keeps a single shared editor dock mounted while switching ws1 → ws2 → ws1",
          "location": null,
          "status": "failed",
          "title": "keeps a single shared editor dock mounted while switching ws1 → ws2 → ws1"
        },
        {
          "ancestorTitles": ["TerminalWorkspacesManager right dock"],
          "failureMessages": [],
          "fullName": "TerminalWorkspacesManager right dock shows a workspace browser indicator and lets the user close the dedicated browser state from the top toolbar",
          "location": null,
          "status": "passed",
          "title": "shows a workspace browser indicator and lets the user close the dedicated browser state from the top toolbar"
        },
        {
          "ancestorTitles": ["TerminalWorkspacesManager right dock"],
          "failureMessages": [],
          "fullName": "TerminalWorkspacesManager right dock browser tab submits localhost urls, navigates back-forward, and reload remounts the iframe",
          "location": null,
          "status": "passed",
          "title": "browser tab submits localhost urls, navigates back-forward, and reload remounts the iframe"
        },
        {
          "ancestorTitles": ["TerminalWorkspacesManager right dock"],
          "failureMessages": [],
          "fullName": "TerminalWorkspacesManager right dock does not preemptively block localhost:3100 with framing warning",
          "location": null,
          "status": "passed",
          "title": "does not preemptively block localhost:3100 with framing warning"
        },
        {
          "ancestorTitles": ["TerminalWorkspacesManager right dock"],
          "failureMessages": [],
          "fullName": "TerminalWorkspacesManager right dock browser pane uses an isolated solid viewport shell for smoother embedded rendering",
          "location": null,
          "status": "passed",
          "title": "browser pane uses an isolated solid viewport shell for smoother embedded rendering"
        },
        {
          "ancestorTitles": ["TerminalWorkspacesManager right dock"],
          "failureMessages": [],
          "fullName": "TerminalWorkspacesManager right dock browser toolbar exposes an explicit maximize toggle for workspace-only browser mode",
          "location": null,
          "status": "passed",
          "title": "browser toolbar exposes an explicit maximize toggle for workspace-only browser mode"
        },
        {
          "ancestorTitles": ["TerminalWorkspacesManager right dock"],
          "failureMessages": [],
          "fullName": "TerminalWorkspacesManager right dock keeps the same browser iframe mounted when switching between browser and editor tabs",
          "location": null,
          "status": "passed",
          "title": "keeps the same browser iframe mounted when switching between browser and editor tabs"
        },
        {
          "ancestorTitles": ["TerminalWorkspacesManager right dock"],
          "failureMessages": [],
          "fullName": "TerminalWorkspacesManager right dock keeps the same browser iframe mounted while toggling browser and terminal fullscreen views",
          "location": null,
          "status": "passed",
          "title": "keeps the same browser iframe mounted while toggling browser and terminal fullscreen views"
        },
        {
          "ancestorTitles": ["TerminalWorkspacesManager right dock"],
          "failureMessages": [],
          "fullName": "TerminalWorkspacesManager right dock browser maximized mode exposes workspace window tabs so terminal views remain reachable",
          "location": null,
          "status": "passed",
          "title": "browser maximized mode exposes workspace window tabs so terminal views remain reachable"
        },
        {
          "ancestorTitles": ["TerminalWorkspacesManager right dock"],
          "failureMessages": [],
          "fullName": "TerminalWorkspacesManager right dock rehydrates duplicated workspace window ids with unique replacements before rendering tabs",
          "location": null,
          "status": "passed",
          "title": "rehydrates duplicated workspace window ids with unique replacements before rendering tabs"
        },
        {
          "ancestorTitles": ["TerminalWorkspacesManager right dock"],
          "failureMessages": [],
          "fullName": "TerminalWorkspacesManager right dock hides the workspace path chip when the subtabs bar gets too narrow and restores it when space returns",
          "location": null,
          "status": "passed",
          "title": "hides the workspace path chip when the subtabs bar gets too narrow and restores it when space returns"
        },
        {
          "ancestorTitles": ["TerminalWorkspacesManager right dock"],
          "failureMessages": [],
          "fullName": "TerminalWorkspacesManager right dock active tab in right-dock tab strip has 1px accent inner border",
          "location": null,
          "status": "passed",
          "title": "active tab in right-dock tab strip has 1px accent inner border"
        },
        {
          "ancestorTitles": ["TerminalWorkspacesManager right dock"],
          "failureMessages": [],
          "fullName": "TerminalWorkspacesManager right dock inactive tabs in right-dock tab strip do not have accent border",
          "location": null,
          "status": "passed",
          "title": "inactive tabs in right-dock tab strip do not have accent border"
        },
        {
          "ancestorTitles": ["TerminalWorkspacesManager right dock"],
          "failureMessages": [],
          "fullName": "TerminalWorkspacesManager right dock dock maximize toggles between persisted panel size and full width",
          "location": null,
          "status": "passed",
          "title": "dock maximize toggles between persisted panel size and full width"
        },
        {
          "ancestorTitles": ["TerminalWorkspacesManager right dock"],
          "failureMessages": [],
          "fullName": "TerminalWorkspacesManager right dock dock drag overlay never blocks editor interactions and clears after pointer release",
          "location": null,
          "status": "passed",
          "title": "dock drag overlay never blocks editor interactions and clears after pointer release"
        },
        {
          "ancestorTitles": ["TerminalWorkspacesManager right dock"],
          "failureMessages": [],
          "fullName": "TerminalWorkspacesManager right dock right dock layout placeholder never captures pointer events above the real dock layer",
          "location": null,
          "status": "passed",
          "title": "right dock layout placeholder never captures pointer events above the real dock layer"
        },
        {
          "ancestorTitles": ["TerminalWorkspacesManager right dock"],
          "failureMessages": [],
          "fullName": "TerminalWorkspacesManager right dock resolveRightDockLayerStyle anchors the dock to measured placeholder bounds when available",
          "location": null,
          "status": "passed",
          "title": "resolveRightDockLayerStyle anchors the dock to measured placeholder bounds when available"
        },
        {
          "ancestorTitles": ["TerminalWorkspacesManager right dock"],
          "failureMessages": [],
          "fullName": "TerminalWorkspacesManager right dock resolveMeasuredRightDockBounds derives exact left and width from the real placeholder rect",
          "location": null,
          "status": "passed",
          "title": "resolveMeasuredRightDockBounds derives exact left and width from the real placeholder rect"
        },
        {
          "ancestorTitles": ["TerminalWorkspacesManager right dock"],
          "failureMessages": [
            "Error: expect(received).toBe(expected) // Object.is equality\n\nExpected: \"580px\"\nReceived: \"68%\"\n    at Object.<anonymous> (D:\\devhub\\src\\components\\__tests__\\TerminalWorkspacesManager.right-dock.test.jsx:1767:34)"
          ],
          "fullName": "TerminalWorkspacesManager right dock measured right dock bounds realign the absolute dock layer after workspace switches",
          "location": null,
          "status": "failed",
          "title": "measured right dock bounds realign the absolute dock layer after workspace switches"
        },
        {
          "ancestorTitles": ["TerminalWorkspacesManager right dock"],
          "failureMessages": [],
          "fullName": "TerminalWorkspacesManager right dock browser tab resolves free-text input into a searchable web url",
          "location": null,
          "status": "passed",
          "title": "browser tab resolves free-text input into a searchable web url"
        },
        {
          "ancestorTitles": ["TerminalWorkspacesManager right dock"],
          "failureMessages": [],
          "fullName": "TerminalWorkspacesManager right dock browser tab defaults plain domains to https navigation",
          "location": null,
          "status": "passed",
          "title": "browser tab defaults plain domains to https navigation"
        },
        {
          "ancestorTitles": ["TerminalWorkspacesManager right dock"],
          "failureMessages": [],
          "fullName": "TerminalWorkspacesManager right dock shows a visible localhost error state instead of leaving the browser blank",
          "location": null,
          "status": "passed",
          "title": "shows a visible localhost error state instead of leaving the browser blank"
        },
        {
          "ancestorTitles": ["TerminalWorkspacesManager right dock"],
          "failureMessages": [],
          "fullName": "TerminalWorkspacesManager right dock rendering the visible right dock does not emit React key warnings",
          "location": null,
          "status": "passed",
          "title": "rendering the visible right dock does not emit React key warnings"
        },
        {
          "ancestorTitles": ["TerminalWorkspacesManager right dock"],
          "failureMessages": [],
          "fullName": "TerminalWorkspacesManager right dock right dock browser state stays mounted across slower timer advances",
          "location": null,
          "status": "passed",
          "title": "right dock browser state stays mounted across slower timer advances"
        }
      ],
      "endTime": 1783204954567,
      "message": "  ● TerminalWorkspacesManager right dock › pizarra fullscreen marks workspace terminals hidden in layout so native layers can disappear\n\n    expect(received).toBe(expected) // Object.is equality\n\n    Expected: \"hidden\"\n    Received: undefined\n\n      491 |       expect(view.container.querySelector('[data-testid=\"pizarra-host\"]')).not.toBeNull();\n      492 |\n    > 493 |       expect(view.container.querySelector('[data-testid=\"terminal-visible-p1\"]')?.textContent).toBe(\n          |                                                                                                ^\n      494 |         'hidden'\n      495 |       );\n      496 |       expect(view.container.querySelector('[data-testid=\"terminal-suspend-p1\"]')?.textContent).toBe(\n\n      at Object.<anonymous> (src/components/__tests__/TerminalWorkspacesManager.right-dock.test.jsx:493:96)\n\n  ● TerminalWorkspacesManager right dock › shows terminate swarm action for active workspace launch and posts launch-scoped terminate request\n\n    expect(received).toContain(expected) // indexOf\n\n    Matcher error: received value must not be null nor undefined\n\n    Received has value: undefined\n\n      696 |     expect(\n      697 |       view.container.querySelector('[data-testid=\"workspace-swarm-terminate-summary\"]')?.textContent\n    > 698 |     ).toContain('Terminal swarm');\n          |       ^\n      699 |\n      700 |     await click(view.container.querySelector('[data-testid=\"workspace-swarm-terminate-button\"]'));\n      701 |\n\n      at Object.<anonymous> (src/components/__tests__/TerminalWorkspacesManager.right-dock.test.jsx:698:7)\n\n  ● TerminalWorkspacesManager right dock › batches swarm runtime requests into a dedicated workspace instead of replacing the same split\n\n    expect(received).toHaveLength(expected)\n\n    Expected length: 5\n    Received length: 1\n    Received object: [<div data-testid=\"terminal-p1\"><span>p1</span><span data-testid=\"terminal-visible-p1\">visible</span><span data-testid=\"terminal-suspend-p1\">live</span><span data-testid=\"terminal-native-policy-p1\">live</span></div>]\n\n      762 |\n      763 |       const visibleShell = getVisibleWorkspaceShell(view.container);\n    > 764 |       expect(visibleShell?.querySelectorAll('[data-testid^=\"terminal-p\"]')).toHaveLength(5);\n          |                                                                             ^\n      765 |       expect(view.container.textContent).toContain('Lanzar Arranque limpio guiado');\n      766 |\n      767 |       const persistedRuns = JSON.parse(window.localStorage.getItem('devhub_agent_runs') || '{}');\n\n      at Object.<anonymous> (src/components/__tests__/TerminalWorkspacesManager.right-dock.test.jsx:764:77)\n\n  ● TerminalWorkspacesManager right dock › preserves 3-column layout when director arrives first and workers arrive later (two-phase dispatch)\n\n    expect(received).not.toBeNull()\n\n    Received: null\n\n      880 |\n      881 |       // Still buffered, no flush yet\n    > 882 |       expect(batchDeadlineCallback).not.toBeNull();\n          |                                         ^\n      883 |\n      884 |       // Fire deadline — all 5 roles should be in one batch\n      885 |       batchDeadlineCallback();\n\n      at Object.<anonymous> (src/components/__tests__/TerminalWorkspacesManager.right-dock.test.jsx:882:41)\n\n  ● TerminalWorkspacesManager right dock › right dock visibility and tab state stay isolated per workspace\n\n    TypeError: Cannot read properties of null (reading 'visible')\n\n      1079 |     expect(ws1State.visible).toBe(true);\n      1080 |     expect(ws1State.activeTab).toBe('editor');\n    > 1081 |     expect(ws2State.visible).toBe(false);\n           |                     ^\n      1082 |   });\n      1083 |\n      1084 |   test('switching to a new workspace keeps a hidden native browser from staying visible on top', async () => {\n\n      at Object.<anonymous> (src/components/__tests__/TerminalWorkspacesManager.right-dock.test.jsx:1081:21)\n\n  ● TerminalWorkspacesManager right dock › switching to a new workspace keeps a hidden native browser from staying visible on top\n\n    expect(jest.fn()).toHaveBeenCalledWith(...expected)\n\n    Expected: \"native_browser_set_visibility\", {\"request\": ObjectContaining {\"panelId\": \"browser-project-1-ws1\", \"visible\": false}}\n    Received\n           1\n              \"native_browser_probe\",\n              Object {\n            -   \"request\": ObjectContaining {\n            -     \"panelId\": \"browser-project-1-ws1\",\n            -     \"visible\": false,\n            +   \"request\": Object {\n            +     \"panelId\": \"browser-project-1-ws5964\",\n            +     \"requestedMode\": \"native-gtk\",\n            +     \"tauriAvailable\": true,\n                },\n              },\n           2\n              \"native_browser_selector_command\",\n              Object {\n            -   \"request\": ObjectContaining {\n            -     \"panelId\": \"browser-project-1-ws1\",\n            -     \"visible\": false,\n            +   \"request\": Object {\n            +     \"action\": \"deactivate\",\n            +     \"panelId\": \"browser-project-1-ws5964\",\n                },\n              },\n           3\n              \"native_browser_selector_command\",\n              Object {\n            -   \"request\": ObjectContaining {\n            -     \"panelId\": \"browser-project-1-ws1\",\n            -     \"visible\": false,\n            +   \"request\": Object {\n            +     \"action\": \"clear-selection\",\n            +     \"panelId\": \"browser-project-1-ws5964\",\n                },\n              },\n\n    Number of calls: 3\n\n      1126 |     await confirmNewWorkspaceSetup(1);\n      1127 |\n    > 1128 |     expect(mockInvoke).toHaveBeenCalledWith('native_browser_set_visibility', {\n           |                        ^\n      1129 |       request: expect.objectContaining({\n      1130 |         panelId: 'browser-project-1-ws1',\n      1131 |         visible: false,\n\n      at Object.<anonymous> (src/components/__tests__/TerminalWorkspacesManager.right-dock.test.jsx:1128:24)\n\n  ● TerminalWorkspacesManager right dock › keeps a single shared editor dock mounted while switching ws1 → ws2 → ws1\n\n    expect(received).toBe(expected) // Object.is equality\n\n    Expected: \"ws2\"\n    Received: \"ws2987\"\n\n      1161 |     const editorPaneAfterAdd = view.container.querySelector('[data-testid=\"shared-editor-pane\"]');\n      1162 |     expect(editorPaneAfterAdd).toBe(editorPane);\n    > 1163 |     expect(editorPaneAfterAdd?.getAttribute('data-workspace-id')).toBe('ws2');\n           |                                                                   ^\n      1164 |     expect(view.container.querySelectorAll('[data-testid=\"shared-editor-pane\"]')).toHaveLength(1);\n      1165 |     expect(\n      1166 |       view.container.querySelectorAll('[data-testid=\"workspace-right-dock-layer\"]')\n\n      at Object.<anonymous> (src/components/__tests__/TerminalWorkspacesManager.right-dock.test.jsx:1163:67)\n\n  ● TerminalWorkspacesManager right dock › measured right dock bounds realign the absolute dock layer after workspace switches\n\n    expect(received).toBe(expected) // Object.is equality\n\n    Expected: \"580px\"\n    Received: \"68%\"\n\n      1765 |     await flushEffects();\n      1766 |\n    > 1767 |     expect(dockLayer.style.left).toBe('580px');\n           |                                  ^\n      1768 |     expect(dockLayer.style.width).toBe('380px');\n      1769 |\n      1770 |     await click(view.container.querySelector('[data-testid=\"workspace-add-button\"]'));\n\n      at Object.<anonymous> (src/components/__tests__/TerminalWorkspacesManager.right-dock.test.jsx:1767:34)\n",
      "name": "D:\\devhub\\src\\components\\__tests__\\TerminalWorkspacesManager.right-dock.test.jsx",
      "startTime": 1783204948694,
      "status": "failed",
      "summary": ""
    },
    {
      "assertionResults": [
        {
          "ancestorTitles": ["TerminalWorkspacesManager split layout"],
          "failureMessages": [
            "Error: expect(received).toEqual(expected) // deep equality\n\nExpected: StringContaining \"w-3\"\nReceived: \"relative z-30 w-px shrink-0 flex items-center justify-center bg-transparent hover:bg-[rgba(var(--accent-rgb,88,166,255),0.08)] transition-colors\"\n    at Object.<anonymous> (D:\\devhub\\src\\components\\__tests__\\TerminalWorkspacesManager.split-layout.test.jsx:390:31)"
          ],
          "fullName": "TerminalWorkspacesManager split layout renders horizontal splits as side-by-side workspace columns",
          "location": null,
          "status": "failed",
          "title": "renders horizontal splits as side-by-side workspace columns"
        },
        {
          "ancestorTitles": ["TerminalWorkspacesManager split layout"],
          "failureMessages": [
            "Error: expect(received).toHaveLength(expected)\n\nExpected length: 2\nReceived length: 4\nReceived object: [<div class=\"h-full w-full min-h-0 min-w-0\" data-testid=\"panel-slot-p1\"><div class=\"group relative flex h-full w-full min-h-0 min-w-0 flex-col overflow-visible rounded-md border border-transparent\" data-testid=\"panel-slot-p1\"><div class=\"pointer-events-none relative min-h-8 shrink-0 overflow-visible px-1.5 pt-0.5\" data-native-safe-zone=\"floating-chrome\" data-safe-zone-min-top=\"30\" data-testid=\"panel-safe-zone-p1\" style=\"min-height: 30px; border-bottom-style: solid;\"><div class=\"pointer-events-none absolute inset-x-0 top-0 z-[1] flex items-center justify-start pl-2 pr-[108px] pt-1\"><div … /></div><div aria-hidden=\"true\" class=\"absolute inset-x-0 top-0 h-[calc(100%-0.0625rem)] rounded-t-[8px] bg-[linear-gradient(180deg,rgba(15,23,36,0.18),rgba(15,23,36,0.01))] transition-opacity opacity-70\" /><div aria-label=\"Panel Alex controls\" class=\"pointer-events-none absolute right-1 top-0.5 z-10\" data-floating-placement=\"inside-top-right\" data-testid=\"panel-chrome-overlay-p1\" title=\"Panel Alex actions\"><div … /></div></div><div class=\"relative min-h-0 min-w-0 flex-1 bg-[var(--surface-app)] p-0\" data-testid=\"panel-body-p1\" style=\"box-shadow: var(--terminal-chrome-shadow-panel, var(--chrome-shadow-panel));\"><div class=\"h-full w-full overflow-hidden bg-[var(--surface-app)]\"><div … /></div></div></div></div>, <div class=\"group relative flex h-full w-full min-h-0 min-w-0 flex-col overflow-visible rounded-md border border-transparent\" data-testid=\"panel-slot-p1\"><div class=\"pointer-events-none relative min-h-8 shrink-0 overflow-visible px-1.5 pt-0.5\" data-native-safe-zone=\"floating-chrome\" data-safe-zone-min-top=\"30\" data-testid=\"panel-safe-zone-p1\" style=\"min-height: 30px; border-bottom-style: solid;\"><div class=\"pointer-events-none absolute inset-x-0 top-0 z-[1] flex items-center justify-start pl-2 pr-[108px] pt-1\"><div class=\"flex min-w-0 items-center gap-2 text-[11px] leading-none\" data-panel-metadata-source=\"display-name\" data-testid=\"panel-semantic-header-p1\" title=\"Alex · OpenCode\"><button … /><span … /><span … /><span … /></div></div><div aria-hidden=\"true\" class=\"absolute inset-x-0 top-0 h-[calc(100%-0.0625rem)] rounded-t-[8px] bg-[linear-gradient(180deg,rgba(15,23,36,0.18),rgba(15,23,36,0.01))] transition-opacity opacity-70\" /><div aria-label=\"Panel Alex controls\" class=\"pointer-events-none absolute right-1 top-0.5 z-10\" data-floating-placement=\"inside-top-right\" data-testid=\"panel-chrome-overlay-p1\" title=\"Panel Alex actions\"><div class=\"pointer-events-auto flex items-center gap-0.5 rounded-md border px-0.5 py-0 backdrop-blur-md transition-colors\" data-testid=\"panel-header-actions-p1\" style=\"box-shadow: var(--chrome-shadow-control);\" title=\"Panel Alex actions\"><button … /><button … /><button … /><button … /></div></div></div><div class=\"relative min-h-0 min-w-0 flex-1 bg-[var(--surface-app)] p-0\" data-testid=\"panel-body-p1\" style=\"box-shadow: var(--terminal-chrome-shadow-panel, var(--chrome-shadow-panel));\"><div class=\"h-full w-full overflow-hidden bg-[var(--surface-app)]\"><div data-testid=\"terminal-p1\"><span … /><span … /><span … /><span … /><span … /><button … /><button … /></div></div></div></div>, <div class=\"h-full w-full min-h-0 min-w-0\" data-testid=\"panel-slot-p2\"><div class=\"group relative flex h-full w-full min-h-0 min-w-0 flex-col overflow-visible rounded-md border border-[rgba(var(--accent-rgb,88,166,255),0.45)] shadow-[inset_0_0_0_1px_rgba(var(--accent-rgb,88,166,255),0.18)]\" data-testid=\"panel-slot-p2\"><div class=\"pointer-events-none relative min-h-8 shrink-0 overflow-visible px-1.5 pt-0.5\" data-native-safe-zone=\"floating-chrome\" data-safe-zone-min-top=\"30\" data-testid=\"panel-safe-zone-p2\" style=\"min-height: 30px; border-bottom-style: solid;\"><div class=\"pointer-events-none absolute inset-x-0 top-0 z-[1] flex items-center justify-start pl-2 pr-[108px] pt-1\"><div … /></div><div aria-hidden=\"true\" class=\"absolute inset-x-0 top-0 h-[calc(100%-0.0625rem)] rounded-t-[8px] bg-[linear-gradient(180deg,rgba(15,23,36,0.18),rgba(15,23,36,0.01))] transition-opacity opacity-100\" /><div aria-label=\"Panel Avery controls\" class=\"pointer-events-none absolute right-1 top-0.5 z-10\" data-floating-placement=\"inside-top-right\" data-testid=\"panel-chrome-overlay-p2\" title=\"Panel Avery actions\"><div … /></div></div><div class=\"relative min-h-0 min-w-0 flex-1 bg-[var(--surface-app)] p-0\" data-testid=\"panel-body-p2\" style=\"box-shadow: var(--terminal-chrome-shadow-panel, var(--chrome-shadow-panel));\"><div class=\"h-full w-full overflow-hidden bg-[var(--surface-app)]\"><div … /></div></div></div></div>, <div class=\"group relative flex h-full w-full min-h-0 min-w-0 flex-col overflow-visible rounded-md border border-[rgba(var(--accent-rgb,88,166,255),0.45)] shadow-[inset_0_0_0_1px_rgba(var(--accent-rgb,88,166,255),0.18)]\" data-testid=\"panel-slot-p2\"><div class=\"pointer-events-none relative min-h-8 shrink-0 overflow-visible px-1.5 pt-0.5\" data-native-safe-zone=\"floating-chrome\" data-safe-zone-min-top=\"30\" data-testid=\"panel-safe-zone-p2\" style=\"min-height: 30px; border-bottom-style: solid;\"><div class=\"pointer-events-none absolute inset-x-0 top-0 z-[1] flex items-center justify-start pl-2 pr-[108px] pt-1\"><div class=\"flex min-w-0 items-center gap-2 text-[11px] leading-none\" data-panel-metadata-source=\"display-name\" data-testid=\"panel-semantic-header-p2\" title=\"Avery · OpenCode (ses_ve)\"><button … /><span … /><span … /><span … /></div></div><div aria-hidden=\"true\" class=\"absolute inset-x-0 top-0 h-[calc(100%-0.0625rem)] rounded-t-[8px] bg-[linear-gradient(180deg,rgba(15,23,36,0.18),rgba(15,23,36,0.01))] transition-opacity opacity-100\" /><div aria-label=\"Panel Avery controls\" class=\"pointer-events-none absolute right-1 top-0.5 z-10\" data-floating-placement=\"inside-top-right\" data-testid=\"panel-chrome-overlay-p2\" title=\"Panel Avery actions\"><div class=\"pointer-events-auto flex items-center gap-0.5 rounded-md border px-0.5 py-0 backdrop-blur-md transition-colors\" data-testid=\"panel-header-actions-p2\" style=\"box-shadow: var(--chrome-shadow-control);\" title=\"Panel Avery actions\"><button … /><button … /><button … /><button … /></div></div></div><div class=\"relative min-h-0 min-w-0 flex-1 bg-[var(--surface-app)] p-0\" data-testid=\"panel-body-p2\" style=\"box-shadow: var(--terminal-chrome-shadow-panel, var(--chrome-shadow-panel));\"><div class=\"h-full w-full overflow-hidden bg-[var(--surface-app)]\"><div data-testid=\"terminal-p2\"><span … /><span … /><span … /><span … /><span … /><button … /><button … /></div></div></div></div>]\n    at Object.<anonymous> (D:\\devhub\\src\\components\\__tests__\\TerminalWorkspacesManager.split-layout.test.jsx:431:24)\n    at runNextTicks (node:internal/process/task_queues:64:5)\n    at listOnTimeout (node:internal/timers:567:9)\n    at processTimers (node:internal/timers:541:7)"
          ],
          "fullName": "TerminalWorkspacesManager split layout renders vertical splits as stacked panels inside the same column",
          "location": null,
          "status": "failed",
          "title": "renders vertical splits as stacked panels inside the same column"
        },
        {
          "ancestorTitles": ["TerminalWorkspacesManager split layout"],
          "failureMessages": [],
          "fullName": "TerminalWorkspacesManager split layout keeps two visible split native panels mounted at the same time while focus stays panel-scoped",
          "location": null,
          "status": "passed",
          "title": "keeps two visible split native panels mounted at the same time while focus stays panel-scoped"
        },
        {
          "ancestorTitles": ["TerminalWorkspacesManager split layout"],
          "failureMessages": [
            "Error: expect(received).toBe(expected) // Object.is equality\n\nExpected: \"command\"\nReceived: \"display-name\"\n    at Object.<anonymous> (D:\\devhub\\src\\components\\__tests__\\TerminalWorkspacesManager.split-layout.test.jsx:517:72)\n    at runNextTicks (node:internal/process/task_queues:64:5)\n    at listOnTimeout (node:internal/timers:567:9)\n    at processTimers (node:internal/timers:541:7)"
          ],
          "fullName": "TerminalWorkspacesManager split layout renders minimal semantic metadata derived from the initial command",
          "location": null,
          "status": "failed",
          "title": "renders minimal semantic metadata derived from the initial command"
        },
        {
          "ancestorTitles": ["TerminalWorkspacesManager split layout"],
          "failureMessages": [
            "Error: expect(received).toBe(expected) // Object.is equality\n\nExpected: \"agent-run\"\nReceived: \"display-name\"\n    at Object.<anonymous> (D:\\devhub\\src\\components\\__tests__\\TerminalWorkspacesManager.split-layout.test.jsx:564:72)\n    at runNextTicks (node:internal/process/task_queues:64:5)\n    at listOnTimeout (node:internal/timers:567:9)\n    at processTimers (node:internal/timers:541:7)"
          ],
          "fullName": "TerminalWorkspacesManager split layout prefers devhub agent run metadata over the initial command for the semantic header",
          "location": null,
          "status": "failed",
          "title": "prefers devhub agent run metadata over the initial command for the semantic header"
        },
        {
          "ancestorTitles": ["TerminalWorkspacesManager split layout"],
          "failureMessages": [],
          "fullName": "TerminalWorkspacesManager split layout wires reset and per-panel close intent while keeping the visible sibling mounted",
          "location": null,
          "status": "passed",
          "title": "wires reset and per-panel close intent while keeping the visible sibling mounted"
        },
        {
          "ancestorTitles": ["TerminalWorkspacesManager split layout"],
          "failureMessages": [
            "Error: expect(received).toBe(expected) // Object.is equality\n\nExpected: \"Panel P1 controls\"\nReceived: \"Panel Alex controls\"\n    at Object.<anonymous> (D:\\devhub\\src\\components\\__tests__\\TerminalWorkspacesManager.split-layout.test.jsx:674:60)\n    at runNextTicks (node:internal/process/task_queues:64:5)\n    at listOnTimeout (node:internal/timers:567:9)\n    at processTimers (node:internal/timers:541:7)"
          ],
          "fullName": "TerminalWorkspacesManager split layout renders floating per-panel chrome outside the terminal render body so native content does not cover controls",
          "location": null,
          "status": "failed",
          "title": "renders floating per-panel chrome outside the terminal render body so native content does not cover controls"
        },
        {
          "ancestorTitles": ["TerminalWorkspacesManager split layout"],
          "failureMessages": [],
          "fullName": "TerminalWorkspacesManager split layout keeps the native-safe floating header while hiding the upper V1/V2 chrome",
          "location": null,
          "status": "passed",
          "title": "keeps the native-safe floating header while hiding the upper V1/V2 chrome"
        },
        {
          "ancestorTitles": ["TerminalWorkspacesManager split layout"],
          "failureMessages": [],
          "fullName": "TerminalWorkspacesManager split layout keeps floating panel chrome invariants under brutalist-stage morphology",
          "location": null,
          "status": "passed",
          "title": "keeps floating panel chrome invariants under brutalist-stage morphology"
        },
        {
          "ancestorTitles": ["TerminalWorkspacesManager split layout"],
          "failureMessages": [
            "Error: expect(received).toBe(expected) // Object.is equality\n\nExpected: \"34\"\nReceived: \"30\"\n    at Object.<anonymous> (D:\\devhub\\src\\components\\__tests__\\TerminalWorkspacesManager.split-layout.test.jsx:806:67)\n    at runNextTicks (node:internal/process/task_queues:64:5)\n    at listOnTimeout (node:internal/timers:567:9)\n    at processTimers (node:internal/timers:541:7)"
          ],
          "fullName": "TerminalWorkspacesManager split layout keeps floating panel chrome invariants under brutalist-stage morphology",
          "location": null,
          "status": "failed",
          "title": "keeps floating panel chrome invariants under brutalist-stage morphology"
        },
        {
          "ancestorTitles": ["TerminalWorkspacesManager split layout"],
          "failureMessages": [
            "Error: expect(received).not.toBeNull()\n\nReceived: null\n    at Object.<anonymous> (D:\\devhub\\src\\components\\__tests__\\TerminalWorkspacesManager.split-layout.test.jsx:854:73)\n    at runNextTicks (node:internal/process/task_queues:64:5)\n    at listOnTimeout (node:internal/timers:567:9)\n    at processTimers (node:internal/timers:541:7)"
          ],
          "fullName": "TerminalWorkspacesManager split layout keeps per-panel split controls working from the floating overlay chrome",
          "location": null,
          "status": "failed",
          "title": "keeps per-panel split controls working from the floating overlay chrome"
        },
        {
          "ancestorTitles": ["TerminalWorkspacesManager split layout"],
          "failureMessages": [
            "Error: expect(received).not.toBeNull()\n\nReceived: null\n    at Object.<anonymous> (D:\\devhub\\src\\components\\__tests__\\TerminalWorkspacesManager.split-layout.test.jsx:910:73)\n    at runNextTicks (node:internal/process/task_queues:64:5)\n    at listOnTimeout (node:internal/timers:567:9)\n    at processTimers (node:internal/timers:541:7)"
          ],
          "fullName": "TerminalWorkspacesManager split layout uses the clicked terminal as the split source for global split controls",
          "location": null,
          "status": "failed",
          "title": "uses the clicked terminal as the split source for global split controls"
        },
        {
          "ancestorTitles": ["TerminalWorkspacesManager split layout"],
          "failureMessages": [
            "Error: expect(received).not.toBeNull()\n\nReceived: null\n    at Object.<anonymous> (D:\\devhub\\src\\components\\__tests__\\TerminalWorkspacesManager.split-layout.test.jsx:966:73)\n    at runNextTicks (node:internal/process/task_queues:64:5)\n    at listOnTimeout (node:internal/timers:567:9)\n    at processTimers (node:internal/timers:541:7)"
          ],
          "fullName": "TerminalWorkspacesManager split layout uses the last native-activated terminal as the split source for global split controls",
          "location": null,
          "status": "failed",
          "title": "uses the last native-activated terminal as the split source for global split controls"
        },
        {
          "ancestorTitles": ["TerminalWorkspacesManager split layout"],
          "failureMessages": [
            "Error: expect(received).toBe(expected) // Object.is equality\n\nExpected: \"suspended\"\nReceived: \"live\"\n    at Object.<anonymous> (D:\\devhub\\src\\components\\__tests__\\TerminalWorkspacesManager.split-layout.test.jsx:1011:94)\n    at runNextTicks (node:internal/process/task_queues:64:5)\n    at listOnTimeout (node:internal/timers:567:9)\n    at processTimers (node:internal/timers:541:7)"
          ],
          "fullName": "TerminalWorkspacesManager split layout suspends native surfaces while Grid dropdown is open and restores them when it closes",
          "location": null,
          "status": "failed",
          "title": "suspends native surfaces while Grid dropdown is open and restores them when it closes"
        },
        {
          "ancestorTitles": ["TerminalWorkspacesManager split layout"],
          "failureMessages": [],
          "fullName": "TerminalWorkspacesManager split layout keeps native surfaces live during internal split drag and settles layout on drag end without changing active panel",
          "location": null,
          "status": "passed",
          "title": "keeps native surfaces live during internal split drag and settles layout on drag end without changing active panel"
        },
        {
          "ancestorTitles": ["TerminalWorkspacesManager split layout"],
          "failureMessages": [
            "Error: expect(received).not.toBeNull()\n\nReceived: null\n    at Object.<anonymous> (D:\\devhub\\src\\components\\__tests__\\TerminalWorkspacesManager.split-layout.test.jsx:1146:24)\n    at runNextTicks (node:internal/process/task_queues:64:5)\n    at listOnTimeout (node:internal/timers:567:9)\n    at processTimers (node:internal/timers:541:7)"
          ],
          "fullName": "TerminalWorkspacesManager split layout emits only the focused panel as active for native workspace sync",
          "location": null,
          "status": "failed",
          "title": "emits only the focused panel as active for native workspace sync"
        },
        {
          "ancestorTitles": ["TerminalWorkspacesManager split layout"],
          "failureMessages": [
            "Error: expect(received).not.toBeNull()\n\nReceived: null\n    at Object.<anonymous> (D:\\devhub\\src\\components\\__tests__\\TerminalWorkspacesManager.split-layout.test.jsx:1195:24)\n    at runNextTicks (node:internal/process/task_queues:64:5)\n    at listOnTimeout (node:internal/timers:567:9)\n    at processTimers (node:internal/timers:541:7)"
          ],
          "fullName": "TerminalWorkspacesManager split layout emits non-rendered focused-mode siblings as hidden for native workspace sync",
          "location": null,
          "status": "failed",
          "title": "emits non-rendered focused-mode siblings as hidden for native workspace sync"
        },
        {
          "ancestorTitles": ["TerminalWorkspacesManager split layout"],
          "failureMessages": [
            "Error: expect(received).not.toBeNull()\n\nReceived: null\n    at Object.<anonymous> (D:\\devhub\\src\\components\\__tests__\\TerminalWorkspacesManager.split-layout.test.jsx:1239:24)\n    at runNextTicks (node:internal/process/task_queues:64:5)\n    at listOnTimeout (node:internal/timers:567:9)\n    at processTimers (node:internal/timers:541:7)"
          ],
          "fullName": "TerminalWorkspacesManager split layout emits previous workspace panels as hidden after workspace switch",
          "location": null,
          "status": "failed",
          "title": "emits previous workspace panels as hidden after workspace switch"
        }
      ],
      "endTime": 1783204956442,
      "message": "  ● TerminalWorkspacesManager split layout › renders horizontal splits as side-by-side workspace columns\n\n    expect(received).toEqual(expected) // deep equality\n\n    Expected: StringContaining \"w-3\"\n    Received: \"relative z-30 w-px shrink-0 flex items-center justify-center bg-transparent hover:bg-[rgba(var(--accent-rgb,88,166,255),0.08)] transition-colors\"\n\n      388 |     );\n      389 |     expect(handle).not.toBeNull();\n    > 390 |     expect(handle?.className).toEqual(expect.stringContaining('w-3'));\n          |                               ^\n      391 |     expect(handle?.className).toEqual(expect.stringContaining('bg-[#0f1724]'));\n      392 |     expect(handle?.className).toEqual(expect.stringContaining('border-l'));\n      393 |     expect(handle?.className).toEqual(expect.stringContaining('border-r'));\n\n      at Object.<anonymous> (src/components/__tests__/TerminalWorkspacesManager.split-layout.test.jsx:390:31)\n\n  ● TerminalWorkspacesManager split layout › renders vertical splits as stacked panels inside the same column\n\n    expect(received).toHaveLength(expected)\n\n    Expected length: 2\n    Received length: 4\n    Received object: [<div class=\"h-full w-full min-h-0 min-w-0\" data-testid=\"panel-slot-p1\"><div class=\"group relative flex h-full w-full min-h-0 min-w-0 flex-col overflow-visible rounded-md border border-transparent\" data-testid=\"panel-slot-p1\"><div class=\"pointer-events-none relative min-h-8 shrink-0 overflow-visible px-1.5 pt-0.5\" data-native-safe-zone=\"floating-chrome\" data-safe-zone-min-top=\"30\" data-testid=\"panel-safe-zone-p1\" style=\"min-height: 30px; border-bottom-style: solid;\"><div class=\"pointer-events-none absolute inset-x-0 top-0 z-[1] flex items-center justify-start pl-2 pr-[108px] pt-1\"><div … /></div><div aria-hidden=\"true\" class=\"absolute inset-x-0 top-0 h-[calc(100%-0.0625rem)] rounded-t-[8px] bg-[linear-gradient(180deg,rgba(15,23,36,0.18),rgba(15,23,36,0.01))] transition-opacity opacity-70\" /><div aria-label=\"Panel Alex controls\" class=\"pointer-events-none absolute right-1 top-0.5 z-10\" data-floating-placement=\"inside-top-right\" data-testid=\"panel-chrome-overlay-p1\" title=\"Panel Alex actions\"><div … /></div></div><div class=\"relative min-h-0 min-w-0 flex-1 bg-[var(--surface-app)] p-0\" data-testid=\"panel-body-p1\" style=\"box-shadow: var(--terminal-chrome-shadow-panel, var(--chrome-shadow-panel));\"><div class=\"h-full w-full overflow-hidden bg-[var(--surface-app)]\"><div … /></div></div></div></div>, <div class=\"group relative flex h-full w-full min-h-0 min-w-0 flex-col overflow-visible rounded-md border border-transparent\" data-testid=\"panel-slot-p1\"><div class=\"pointer-events-none relative min-h-8 shrink-0 overflow-visible px-1.5 pt-0.5\" data-native-safe-zone=\"floating-chrome\" data-safe-zone-min-top=\"30\" data-testid=\"panel-safe-zone-p1\" style=\"min-height: 30px; border-bottom-style: solid;\"><div class=\"pointer-events-none absolute inset-x-0 top-0 z-[1] flex items-center justify-start pl-2 pr-[108px] pt-1\"><div class=\"flex min-w-0 items-center gap-2 text-[11px] leading-none\" data-panel-metadata-source=\"display-name\" data-testid=\"panel-semantic-header-p1\" title=\"Alex · OpenCode\"><button … /><span … /><span … /><span … /></div></div><div aria-hidden=\"true\" class=\"absolute inset-x-0 top-0 h-[calc(100%-0.0625rem)] rounded-t-[8px] bg-[linear-gradient(180deg,rgba(15,23,36,0.18),rgba(15,23,36,0.01))] transition-opacity opacity-70\" /><div aria-label=\"Panel Alex controls\" class=\"pointer-events-none absolute right-1 top-0.5 z-10\" data-floating-placement=\"inside-top-right\" data-testid=\"panel-chrome-overlay-p1\" title=\"Panel Alex actions\"><div class=\"pointer-events-auto flex items-center gap-0.5 rounded-md border px-0.5 py-0 backdrop-blur-md transition-colors\" data-testid=\"panel-header-actions-p1\" style=\"box-shadow: var(--chrome-shadow-control);\" title=\"Panel Alex actions\"><button … /><button … /><button … /><button … /></div></div></div><div class=\"relative min-h-0 min-w-0 flex-1 bg-[var(--surface-app)] p-0\" data-testid=\"panel-body-p1\" style=\"box-shadow: var(--terminal-chrome-shadow-panel, var(--chrome-shadow-panel));\"><div class=\"h-full w-full overflow-hidden bg-[var(--surface-app)]\"><div data-testid=\"terminal-p1\"><span … /><span … /><span … /><span … /><span … /><button … /><button … /></div></div></div></div>, <div class=\"h-full w-full min-h-0 min-w-0\" data-testid=\"panel-slot-p2\"><div class=\"group relative flex h-full w-full min-h-0 min-w-0 flex-col overflow-visible rounded-md border border-[rgba(var(--accent-rgb,88,166,255),0.45)] shadow-[inset_0_0_0_1px_rgba(var(--accent-rgb,88,166,255),0.18)]\" data-testid=\"panel-slot-p2\"><div class=\"pointer-events-none relative min-h-8 shrink-0 overflow-visible px-1.5 pt-0.5\" data-native-safe-zone=\"floating-chrome\" data-safe-zone-min-top=\"30\" data-testid=\"panel-safe-zone-p2\" style=\"min-height: 30px; border-bottom-style: solid;\"><div class=\"pointer-events-none absolute inset-x-0 top-0 z-[1] flex items-center justify-start pl-2 pr-[108px] pt-1\"><div … /></div><div aria-hidden=\"true\" class=\"absolute inset-x-0 top-0 h-[calc(100%-0.0625rem)] rounded-t-[8px] bg-[linear-gradient(180deg,rgba(15,23,36,0.18),rgba(15,23,36,0.01))] transition-opacity opacity-100\" /><div aria-label=\"Panel Avery controls\" class=\"pointer-events-none absolute right-1 top-0.5 z-10\" data-floating-placement=\"inside-top-right\" data-testid=\"panel-chrome-overlay-p2\" title=\"Panel Avery actions\"><div … /></div></div><div class=\"relative min-h-0 min-w-0 flex-1 bg-[var(--surface-app)] p-0\" data-testid=\"panel-body-p2\" style=\"box-shadow: var(--terminal-chrome-shadow-panel, var(--chrome-shadow-panel));\"><div class=\"h-full w-full overflow-hidden bg-[var(--surface-app)]\"><div … /></div></div></div></div>, <div class=\"group relative flex h-full w-full min-h-0 min-w-0 flex-col overflow-visible rounded-md border border-[rgba(var(--accent-rgb,88,166,255),0.45)] shadow-[inset_0_0_0_1px_rgba(var(--accent-rgb,88,166,255),0.18)]\" data-testid=\"panel-slot-p2\"><div class=\"pointer-events-none relative min-h-8 shrink-0 overflow-visible px-1.5 pt-0.5\" data-native-safe-zone=\"floating-chrome\" data-safe-zone-min-top=\"30\" data-testid=\"panel-safe-zone-p2\" style=\"min-height: 30px; border-bottom-style: solid;\"><div class=\"pointer-events-none absolute inset-x-0 top-0 z-[1] flex items-center justify-start pl-2 pr-[108px] pt-1\"><div class=\"flex min-w-0 items-center gap-2 text-[11px] leading-none\" data-panel-metadata-source=\"display-name\" data-testid=\"panel-semantic-header-p2\" title=\"Avery · OpenCode (ses_ve)\"><button … /><span … /><span … /><span … /></div></div><div aria-hidden=\"true\" class=\"absolute inset-x-0 top-0 h-[calc(100%-0.0625rem)] rounded-t-[8px] bg-[linear-gradient(180deg,rgba(15,23,36,0.18),rgba(15,23,36,0.01))] transition-opacity opacity-100\" /><div aria-label=\"Panel Avery controls\" class=\"pointer-events-none absolute right-1 top-0.5 z-10\" data-floating-placement=\"inside-top-right\" data-testid=\"panel-chrome-overlay-p2\" title=\"Panel Avery actions\"><div class=\"pointer-events-auto flex items-center gap-0.5 rounded-md border px-0.5 py-0 backdrop-blur-md transition-colors\" data-testid=\"panel-header-actions-p2\" style=\"box-shadow: var(--chrome-shadow-control);\" title=\"Panel Avery actions\"><button … /><button … /><button … /><button … /></div></div></div><div class=\"relative min-h-0 min-w-0 flex-1 bg-[var(--surface-app)] p-0\" data-testid=\"panel-body-p2\" style=\"box-shadow: var(--terminal-chrome-shadow-panel, var(--chrome-shadow-panel));\"><div class=\"h-full w-full overflow-hidden bg-[var(--surface-app)]\"><div data-testid=\"terminal-p2\"><span … /><span … /><span … /><span … /><span … /><button … /><button … /></div></div></div></div>]\n\n      429 |\n      430 |     const panelSlots = view.container.querySelectorAll('[data-testid^=\"panel-slot-\"]');\n    > 431 |     expect(panelSlots).toHaveLength(2);\n          |                        ^\n      432 |     expect(panelSlots[0].querySelector('[data-testid=\"terminal-p1\"]')).not.toBeNull();\n      433 |     expect(panelSlots[1].querySelector('[data-testid=\"terminal-p2\"]')).not.toBeNull();\n      434 |\n\n      at Object.<anonymous> (src/components/__tests__/TerminalWorkspacesManager.split-layout.test.jsx:431:24)\n\n  ● TerminalWorkspacesManager split layout › renders minimal semantic metadata derived from the initial command\n\n    expect(received).toBe(expected) // Object.is equality\n\n    Expected: \"command\"\n    Received: \"display-name\"\n\n      515 |     const semanticHeader = view.container.querySelector('[data-testid=\"panel-semantic-header-p1\"]');\n      516 |     expect(semanticHeader).not.toBeNull();\n    > 517 |     expect(semanticHeader?.getAttribute('data-panel-metadata-source')).toBe('command');\n          |                                                                        ^\n      518 |     expect(semanticHeader?.textContent).toBe('OpenCode · sdd-explore');\n      519 |     expect(\n      520 |       view.container.querySelector('[data-testid=\"panel-semantic-primary-p1\"]')?.textContent\n\n      at Object.<anonymous> (src/components/__tests__/TerminalWorkspacesManager.split-layout.test.jsx:517:72)\n\n  ● TerminalWorkspacesManager split layout › prefers devhub agent run metadata over the initial command for the semantic header\n\n    expect(received).toBe(expected) // Object.is equality\n\n    Expected: \"agent-run\"\n    Received: \"display-name\"\n\n      562 |     const semanticHeader = view.container.querySelector('[data-testid=\"panel-semantic-header-p1\"]');\n      563 |     expect(semanticHeader).not.toBeNull();\n    > 564 |     expect(semanticHeader?.getAttribute('data-panel-metadata-source')).toBe('agent-run');\n          |                                                                        ^\n      565 |     expect(semanticHeader?.textContent).toBe('gemini · revisión');\n      566 |     expect(semanticHeader?.textContent).not.toContain('sdd-apply');\n      567 |   });\n\n      at Object.<anonymous> (src/components/__tests__/TerminalWorkspacesManager.split-layout.test.jsx:564:72)\n\n  ● TerminalWorkspacesManager split layout › renders floating per-panel chrome outside the terminal render body so native content does not cover controls\n\n    expect(received).toBe(expected) // Object.is equality\n\n    Expected: \"Panel P1 controls\"\n    Received: \"Panel Alex controls\"\n\n      672 |     expect(panelSafeZone?.contains(panelSemanticHeader)).toBe(true);\n      673 |     expect(panelChromeOverlay).not.toBeNull();\n    > 674 |     expect(panelChromeOverlay?.getAttribute('aria-label')).toBe('Panel P1 controls');\n          |                                                            ^\n      675 |     expect(panelChromeOverlay?.getAttribute('data-floating-placement')).toBe('inside-top-right');\n      676 |     expect(panelActions).not.toBeNull();\n      677 |     expect(panelActions?.getAttribute('title')).toBe('Panel P1 actions');\n\n      at Object.<anonymous> (src/components/__tests__/TerminalWorkspacesManager.split-layout.test.jsx:674:60)\n\n  ● TerminalWorkspacesManager split layout › keeps floating panel chrome invariants under brutalist-stage morphology\n\n    expect(received).toBe(expected) // Object.is equality\n\n    Expected: \"34\"\n    Received: \"30\"\n\n      804 |     expect(workspaceTopBar?.getAttribute('data-testid')).toBe('workspace-top-tab-bar');\n      805 |     expect(panelSafeZone?.getAttribute('data-native-safe-zone')).toBe('floating-chrome');\n    > 806 |     expect(panelSafeZone?.getAttribute('data-safe-zone-min-top')).toBe('34');\n          |                                                                   ^\n      807 |     expect(panelSafeZone?.contains(panelChromeOverlay)).toBe(true);\n      808 |     expect(panelChromeOverlay?.querySelector('[data-testid=\"panel-split-right-p1\"]')).toBe(\n      809 |       splitRightButton\n\n      at Object.<anonymous> (src/components/__tests__/TerminalWorkspacesManager.split-layout.test.jsx:806:67)\n\n  ● TerminalWorkspacesManager split layout › keeps per-panel split controls working from the floating overlay chrome\n\n    expect(received).not.toBeNull()\n\n    Received: null\n\n      852 |     expect(columns).toHaveLength(3);\n      853 |     expect(columns[0].querySelector('[data-testid=\"terminal-p1\"]')).not.toBeNull();\n    > 854 |     expect(columns[1].querySelector('[data-testid=\"terminal-p3\"]')).not.toBeNull();\n          |                                                                         ^\n      855 |     expect(columns[2].querySelector('[data-testid=\"terminal-p2\"]')).not.toBeNull();\n      856 |   });\n      857 |\n\n      at Object.<anonymous> (src/components/__tests__/TerminalWorkspacesManager.split-layout.test.jsx:854:73)\n\n  ● TerminalWorkspacesManager split layout › uses the clicked terminal as the split source for global split controls\n\n    expect(received).not.toBeNull()\n\n    Received: null\n\n      908 |     expect(columns).toHaveLength(3);\n      909 |     expect(columns[0].querySelector('[data-testid=\"terminal-p1\"]')).not.toBeNull();\n    > 910 |     expect(columns[1].querySelector('[data-testid=\"terminal-p3\"]')).not.toBeNull();\n          |                                                                         ^\n      911 |     expect(columns[2].querySelector('[data-testid=\"terminal-p2\"]')).not.toBeNull();\n      912 |   });\n      913 |\n\n      at Object.<anonymous> (src/components/__tests__/TerminalWorkspacesManager.split-layout.test.jsx:910:73)\n\n  ● TerminalWorkspacesManager split layout › uses the last native-activated terminal as the split source for global split controls\n\n    expect(received).not.toBeNull()\n\n    Received: null\n\n      964 |     expect(columns).toHaveLength(3);\n      965 |     expect(columns[0].querySelector('[data-testid=\"terminal-p1\"]')).not.toBeNull();\n    > 966 |     expect(columns[1].querySelector('[data-testid=\"terminal-p3\"]')).not.toBeNull();\n          |                                                                         ^\n      967 |     expect(columns[2].querySelector('[data-testid=\"terminal-p2\"]')).not.toBeNull();\n      968 |   });\n      969 |\n\n      at Object.<anonymous> (src/components/__tests__/TerminalWorkspacesManager.split-layout.test.jsx:966:73)\n\n  ● TerminalWorkspacesManager split layout › suspends native surfaces while Grid dropdown is open and restores them when it closes\n\n    expect(received).toBe(expected) // Object.is equality\n\n    Expected: \"suspended\"\n    Received: \"live\"\n\n      1009 |     await Promise.resolve();\n      1010 |\n    > 1011 |     expect(view.container.querySelector('[data-testid=\"terminal-suspend-p1\"]')?.textContent).toBe(\n           |                                                                                              ^\n      1012 |       'suspended'\n      1013 |     );\n      1014 |     expect(view.container.querySelector('[data-testid=\"terminal-suspend-p2\"]')?.textContent).toBe(\n\n      at Object.<anonymous> (src/components/__tests__/TerminalWorkspacesManager.split-layout.test.jsx:1011:94)\n\n  ● TerminalWorkspacesManager split layout › emits only the focused panel as active for native workspace sync\n\n    expect(received).not.toBeNull()\n\n    Received: null\n\n      1144 |\n      1145 |     const latest = getLatestWorkspaceSync(sync.events, 'ws1');\n    > 1146 |     expect(latest).not.toBeNull();\n           |                        ^\n      1147 |     expect(latest.activePanelIds).toEqual(['p1']);\n      1148 |     expect(latest.hiddenPanelIds).toEqual(expect.arrayContaining(['p2']));\n      1149 |     expect(latest.hiddenPanelIds).not.toContain('p1');\n\n      at Object.<anonymous> (src/components/__tests__/TerminalWorkspacesManager.split-layout.test.jsx:1146:24)\n\n  ● TerminalWorkspacesManager split layout › emits non-rendered focused-mode siblings as hidden for native workspace sync\n\n    expect(received).not.toBeNull()\n\n    Received: null\n\n      1193 |\n      1194 |     const latest = getLatestWorkspaceSync(sync.events, 'ws1');\n    > 1195 |     expect(latest).not.toBeNull();\n           |                        ^\n      1196 |     expect(latest.activePanelIds).toEqual(['p2']);\n      1197 |     expect(latest.hiddenPanelIds).toContain('p1');\n      1198 |\n\n      at Object.<anonymous> (src/components/__tests__/TerminalWorkspacesManager.split-layout.test.jsx:1195:24)\n\n  ● TerminalWorkspacesManager split layout › emits previous workspace panels as hidden after workspace switch\n\n    expect(received).not.toBeNull()\n\n    Received: null\n\n      1237 |\n      1238 |     const latest = getLatestWorkspaceSync(sync.events, 'ws2');\n    > 1239 |     expect(latest).not.toBeNull();\n           |                        ^\n      1240 |     expect(latest.activePanelIds).toEqual(['p2']);\n      1241 |     expect(latest.hiddenPanelIds).toContain('p1');\n      1242 |     expect(latest.hiddenPanelIds).not.toContain('p2');\n\n      at Object.<anonymous> (src/components/__tests__/TerminalWorkspacesManager.split-layout.test.jsx:1239:24)\n",
      "name": "D:\\devhub\\src\\components\\__tests__\\TerminalWorkspacesManager.split-layout.test.jsx",
      "startTime": 1783204954866,
      "status": "failed",
      "summary": ""
    },
    {
      "assertionResults": [
        {
          "ancestorTitles": ["TerminalWorkspacesManager shortcuts"],
          "failureMessages": [],
          "fullName": "TerminalWorkspacesManager shortcuts Ctrl+PageDown wraps to the first workspace in reordered state order",
          "location": null,
          "status": "passed",
          "title": "Ctrl+PageDown wraps to the first workspace in reordered state order"
        },
        {
          "ancestorTitles": ["TerminalWorkspacesManager shortcuts"],
          "failureMessages": [],
          "fullName": "TerminalWorkspacesManager shortcuts Ctrl+PageUp wraps to the previous workspace in reordered state order",
          "location": null,
          "status": "passed",
          "title": "Ctrl+PageUp wraps to the previous workspace in reordered state order"
        },
        {
          "ancestorTitles": ["TerminalWorkspacesManager shortcuts"],
          "failureMessages": [],
          "fullName": "TerminalWorkspacesManager shortcuts Ctrl+PageDown activates the next adjacent workspace and preserves workspace order in storage",
          "location": null,
          "status": "passed",
          "title": "Ctrl+PageDown activates the next adjacent workspace and preserves workspace order in storage"
        },
        {
          "ancestorTitles": ["TerminalWorkspacesManager shortcuts"],
          "failureMessages": [],
          "fullName": "TerminalWorkspacesManager shortcuts Ctrl+PageUp activates the previous adjacent workspace and falls back to the first live panel when saved panel is missing",
          "location": null,
          "status": "passed",
          "title": "Ctrl+PageUp activates the previous adjacent workspace and falls back to the first live panel when saved panel is missing"
        },
        {
          "ancestorTitles": ["TerminalWorkspacesManager shortcuts"],
          "failureMessages": [],
          "fullName": "TerminalWorkspacesManager shortcuts terminal navigation shortcuts do nothing when the terminal UI is hidden",
          "location": null,
          "status": "passed",
          "title": "terminal navigation shortcuts do nothing when the terminal UI is hidden"
        },
        {
          "ancestorTitles": ["TerminalWorkspacesManager shortcuts"],
          "failureMessages": [],
          "fullName": "TerminalWorkspacesManager shortcuts terminal shortcuts do nothing while an editable field inside the manager is focused",
          "location": null,
          "status": "passed",
          "title": "terminal shortcuts do nothing while an editable field inside the manager is focused"
        },
        {
          "ancestorTitles": ["TerminalWorkspacesManager shortcuts"],
          "failureMessages": [],
          "fullName": "TerminalWorkspacesManager shortcuts Ctrl+Shift+R preserves split-right behavior",
          "location": null,
          "status": "passed",
          "title": "Ctrl+Shift+R preserves split-right behavior"
        },
        {
          "ancestorTitles": ["TerminalWorkspacesManager shortcuts"],
          "failureMessages": [],
          "fullName": "TerminalWorkspacesManager shortcuts Ctrl+Shift+D preserves split-down behavior",
          "location": null,
          "status": "passed",
          "title": "Ctrl+Shift+D preserves split-down behavior"
        },
        {
          "ancestorTitles": ["TerminalWorkspacesManager shortcuts"],
          "failureMessages": [],
          "fullName": "TerminalWorkspacesManager shortcuts Ctrl+Shift+W twice closes the active terminal panel",
          "location": null,
          "status": "passed",
          "title": "Ctrl+Shift+W twice closes the active terminal panel"
        },
        {
          "ancestorTitles": ["TerminalWorkspacesManager shortcuts"],
          "failureMessages": [],
          "fullName": "TerminalWorkspacesManager shortcuts Ctrl+Shift+B opens the browser dock from terminal focus",
          "location": null,
          "status": "passed",
          "title": "Ctrl+Shift+B opens the browser dock from terminal focus"
        },
        {
          "ancestorTitles": ["TerminalWorkspacesManager shortcuts"],
          "failureMessages": [],
          "fullName": "TerminalWorkspacesManager shortcuts Ctrl+Shift+E opens the editor dock from terminal focus",
          "location": null,
          "status": "passed",
          "title": "Ctrl+Shift+E opens the editor dock from terminal focus"
        },
        {
          "ancestorTitles": ["TerminalWorkspacesManager shortcuts"],
          "failureMessages": [],
          "fullName": "TerminalWorkspacesManager shortcuts Ctrl+Shift+. closes the right dock",
          "location": null,
          "status": "passed",
          "title": "Ctrl+Shift+. closes the right dock"
        },
        {
          "ancestorTitles": ["TerminalWorkspacesManager shortcuts"],
          "failureMessages": [],
          "fullName": "TerminalWorkspacesManager shortcuts Ctrl+Shift+N opens the new workspace setup modal",
          "location": null,
          "status": "passed",
          "title": "Ctrl+Shift+N opens the new workspace setup modal"
        },
        {
          "ancestorTitles": ["TerminalWorkspacesManager shortcuts"],
          "failureMessages": [],
          "fullName": "TerminalWorkspacesManager shortcuts Ctrl+ArrowDown switches workspace when no vertical split exists",
          "location": null,
          "status": "passed",
          "title": "Ctrl+ArrowDown switches workspace when no vertical split exists"
        },
        {
          "ancestorTitles": ["TerminalWorkspacesManager shortcuts"],
          "failureMessages": [],
          "fullName": "TerminalWorkspacesManager shortcuts Ctrl+Shift+ArrowDown switches workspace when no vertical split exists",
          "location": null,
          "status": "passed",
          "title": "Ctrl+Shift+ArrowDown switches workspace when no vertical split exists"
        },
        {
          "ancestorTitles": ["TerminalWorkspacesManager shortcuts"],
          "failureMessages": [],
          "fullName": "TerminalWorkspacesManager shortcuts Ctrl+PageDown from xterm-like textarea focus switches workspace",
          "location": null,
          "status": "passed",
          "title": "Ctrl+PageDown from xterm-like textarea focus switches workspace"
        },
        {
          "ancestorTitles": ["TerminalWorkspacesManager shortcuts"],
          "failureMessages": [],
          "fullName": "TerminalWorkspacesManager shortcuts Ctrl+Shift+ArrowRight inside the terminal viewport moves to the adjacent panel",
          "location": null,
          "status": "passed",
          "title": "Ctrl+Shift+ArrowRight inside the terminal viewport moves to the adjacent panel"
        },
        {
          "ancestorTitles": ["TerminalWorkspacesManager shortcuts"],
          "failureMessages": [],
          "fullName": "TerminalWorkspacesManager shortcuts Ctrl+PageDown and Ctrl+PageUp navigate workspaces from chrome focus",
          "location": null,
          "status": "passed",
          "title": "Ctrl+PageDown and Ctrl+PageUp navigate workspaces from chrome focus"
        },
        {
          "ancestorTitles": ["TerminalWorkspacesManager shortcuts"],
          "failureMessages": [
            "Error: expect(received).toBe(expected) // Object.is equality\n\nExpected: \"p2\"\nReceived: \"p1\"\n    at Object.<anonymous> (D:\\devhub\\src\\components\\__tests__\\TerminalWorkspacesManager.shortcuts.test.jsx:678:65)"
          ],
          "fullName": "TerminalWorkspacesManager shortcuts native VTE navigation-shortcut events move between adjacent panels",
          "location": null,
          "status": "failed",
          "title": "native VTE navigation-shortcut events move between adjacent panels"
        },
        {
          "ancestorTitles": ["TerminalWorkspacesManager shortcuts"],
          "failureMessages": [],
          "fullName": "TerminalWorkspacesManager shortcuts workspace setup modal adjusts terminal count with arrows and confirms with Enter",
          "location": null,
          "status": "passed",
          "title": "workspace setup modal adjusts terminal count with arrows and confirms with Enter"
        },
        {
          "ancestorTitles": ["TerminalWorkspacesManager shortcuts"],
          "failureMessages": [],
          "fullName": "TerminalWorkspacesManager shortcuts terminal workspace shortcuts are suspended while the setup modal is open",
          "location": null,
          "status": "passed",
          "title": "terminal workspace shortcuts are suspended while the setup modal is open"
        },
        {
          "ancestorTitles": ["TerminalWorkspacesManager shortcuts"],
          "failureMessages": [],
          "fullName": "TerminalWorkspacesManager shortcuts Ctrl+Shift+V inside the terminal viewport does not trigger workspace shortcuts",
          "location": null,
          "status": "passed",
          "title": "Ctrl+Shift+V inside the terminal viewport does not trigger workspace shortcuts"
        }
      ],
      "endTime": 1783204958633,
      "message": "  ● TerminalWorkspacesManager shortcuts › native VTE navigation-shortcut events move between adjacent panels\n\n    expect(received).toBe(expected) // Object.is equality\n\n    Expected: \"p2\"\n    Received: \"p1\"\n\n      676 |     await flushEffects();\n      677 |\n    > 678 |     expect(getAutoFocusedTerminal(view.container)?.textContent).toBe('p2');\n          |                                                                 ^\n      679 |   });\n      680 |\n      681 |   test('workspace setup modal adjusts terminal count with arrows and confirms with Enter', async () => {\n\n      at Object.<anonymous> (src/components/__tests__/TerminalWorkspacesManager.shortcuts.test.jsx:678:65)\n",
      "name": "D:\\devhub\\src\\components\\__tests__\\TerminalWorkspacesManager.shortcuts.test.jsx",
      "startTime": 1783204956468,
      "status": "failed",
      "summary": ""
    },
    {
      "assertionResults": [
        {
          "ancestorTitles": ["TerminalWorkspacesManager — panel sub-tabs bar"],
          "failureMessages": [],
          "fullName": "TerminalWorkspacesManager — panel sub-tabs bar renders sub-tabs bar with V1 active on initial load",
          "location": null,
          "status": "passed",
          "title": "renders sub-tabs bar with V1 active on initial load"
        },
        {
          "ancestorTitles": ["TerminalWorkspacesManager — panel sub-tabs bar"],
          "failureMessages": [],
          "fullName": "TerminalWorkspacesManager — panel sub-tabs bar + button is enabled when only 1 view exists",
          "location": null,
          "status": "passed",
          "title": "+ button is enabled when only 1 view exists"
        },
        {
          "ancestorTitles": ["TerminalWorkspacesManager — panel sub-tabs bar"],
          "failureMessages": [],
          "fullName": "TerminalWorkspacesManager — panel sub-tabs bar clicking + adds a V2 tab",
          "location": null,
          "status": "passed",
          "title": "clicking + adds a V2 tab"
        },
        {
          "ancestorTitles": ["TerminalWorkspacesManager — panel sub-tabs bar"],
          "failureMessages": [],
          "fullName": "TerminalWorkspacesManager — panel sub-tabs bar V2 tab is focused after clicking +",
          "location": null,
          "status": "passed",
          "title": "V2 tab is focused after clicking +"
        },
        {
          "ancestorTitles": ["TerminalWorkspacesManager — panel sub-tabs bar"],
          "failureMessages": [],
          "fullName": "TerminalWorkspacesManager — panel sub-tabs bar clicking V1 while V2 is active re-activates V1",
          "location": null,
          "status": "passed",
          "title": "clicking V1 while V2 is active re-activates V1"
        },
        {
          "ancestorTitles": ["TerminalWorkspacesManager — panel sub-tabs bar"],
          "failureMessages": [],
          "fullName": "TerminalWorkspacesManager — panel sub-tabs bar + button stays enabled after creating 3 panels",
          "location": null,
          "status": "passed",
          "title": "+ button stays enabled after creating 3 panels"
        },
        {
          "ancestorTitles": ["TerminalWorkspacesManager — panel sub-tabs bar"],
          "failureMessages": [],
[...]
          "failureMessages": [],
          "fullName": "TIC-2: Panel ID counter randomized on fresh workspace creation counterRandomizedRef stays true across add/remove/add cycle",
          "location": null,
          "status": "passed",
          "title": "counterRandomizedRef stays true across add/remove/add cycle"
        }
      ],
      "endTime": 1783204975943,
      "message": "",
      "name": "D:\\devhub\\src\\components\\__tests__\\TerminalWorkspacesManager.counterRandomization.test.jsx",
      "startTime": 1783204974342,
      "status": "passed",
      "summary": ""
    },
    {
      "assertionResults": [
        {
          "ancestorTitles": ["resolveWorkspaceWindowsForRender"],
          "failureMessages": [],
          "fullName": "resolveWorkspaceWindowsForRender returns persisted window snapshots when present",
          "location": null,
          "status": "passed",
          "title": "returns persisted window snapshots when present"
        },
        {
          "ancestorTitles": ["resolveWorkspaceWindowsForRender"],
          "failureMessages": [],
          "fullName": "resolveWorkspaceWindowsForRender falls back to a single default window from live columns",
          "location": null,
          "status": "passed",
          "title": "falls back to a single default window from live columns"
        },
        {
          "ancestorTitles": ["resolveActiveWorkspaceWindowId"],
          "failureMessages": [],
          "fullName": "resolveActiveWorkspaceWindowId prefers activeWindowIds entry",
          "location": null,
          "status": "passed",
          "title": "prefers activeWindowIds entry"
        },
        {
          "ancestorTitles": ["resolveActiveWorkspaceWindowId"],
          "failureMessages": [],
          "fullName": "resolveActiveWorkspaceWindowId falls back to first window id",
          "location": null,
          "status": "passed",
          "title": "falls back to first window id"
        },
        {
          "ancestorTitles": ["TerminalWorkspacesManager workspace window switching"],
          "failureMessages": [],
          "fullName": "TerminalWorkspacesManager workspace window switching switching windows clears stale focus and shows all destination panels (TWS-S1)",
          "location": null,
          "status": "passed",
          "title": "switching windows clears stale focus and shows all destination panels (TWS-S1)"
        },
        {
          "ancestorTitles": ["TerminalWorkspacesManager workspace window switching"],
          "failureMessages": [],
          "fullName": "TerminalWorkspacesManager workspace window switching switching to a window that contains the focused panel keeps focus mode (TWS-S2)",
          "location": null,
          "status": "passed",
          "title": "switching to a window that contains the focused panel keeps focus mode (TWS-S2)"
        },
        {
          "ancestorTitles": ["TerminalWorkspacesManager workspace window switching"],
          "failureMessages": [],
          "fullName": "TerminalWorkspacesManager workspace window switching selecting the already-active window does not emit a new workspace-window-switch event (regression)",
          "location": null,
          "status": "passed",
          "title": "selecting the already-active window does not emit a new workspace-window-switch event (regression)"
        },
        {
          "ancestorTitles": ["TerminalWorkspacesManager workspace tab switching"],
          "failureMessages": [],
          "fullName": "TerminalWorkspacesManager workspace tab switching switching workspace tabs shows all destination panels without layout-settled bursts",
          "location": null,
          "status": "passed",
          "title": "switching workspace tabs shows all destination panels without layout-settled bursts"
        },
        {
          "ancestorTitles": ["TerminalWorkspacesManager workspace tab switching"],
          "failureMessages": [],
          "fullName": "TerminalWorkspacesManager workspace tab switching selecting the already-active workspace tab does not emit a new workspace-switch event",
          "location": null,
          "status": "passed",
          "title": "selecting the already-active workspace tab does not emit a new workspace-switch event"
        },
        {
          "ancestorTitles": ["TerminalWorkspacesManager workspace tab switching"],
          "failureMessages": [],
          "fullName": "TerminalWorkspacesManager workspace tab switching drag-and-dropping a workspace tab reorders workspaces",
          "location": null,
          "status": "passed",
          "title": "drag-and-dropping a workspace tab reorders workspaces"
        },
        {
          "ancestorTitles": ["TerminalWorkspacesManager workspace tab switching"],
          "failureMessages": [],
          "fullName": "TerminalWorkspacesManager workspace tab switching closing the active workspace dispatches a workspace-switch burst for the destination panels (RC0c)",
          "location": null,
          "status": "passed",
          "title": "closing the active workspace dispatches a workspace-switch burst for the destination panels (RC0c)"
        }
      ],
      "endTime": 1783204979959,
      "message": "",
      "name": "D:\\devhub\\src\\components\\__tests__\\TerminalWorkspacesManager.workspaceWindows.test.js",
      "startTime": 1783204975952,
      "status": "passed",
      "summary": ""
    },
    {
      "assertionResults": [
        {
          "ancestorTitles": ["getRightDockAnimProps()"],
          "failureMessages": [],
          "fullName": "getRightDockAnimProps() slides in from the right edge of the dock slot",
          "location": null,
          "status": "passed",
          "title": "slides in from the right edge of the dock slot"
        },
        {
          "ancestorTitles": ["getRightDockAnimProps()"],
          "failureMessages": [],
          "fullName": "getRightDockAnimProps() slides out to the right when hidden",
          "location": null,
          "status": "passed",
          "title": "slides out to the right when hidden"
        },
        {
          "ancestorTitles": ["getRightDockAnimProps()"],
          "failureMessages": [],
          "fullName": "getRightDockAnimProps() disables motion while the dock is being resized",
          "location": null,
          "status": "passed",
          "title": "disables motion while the dock is being resized"
        },
        {
          "ancestorTitles": ["getWorkspaceAnimProps()"],
          "failureMessages": [],
          "fullName": "getWorkspaceAnimProps() returns full opacity when maximized",
          "location": null,
          "status": "passed",
          "title": "returns full opacity when maximized"
        },
        {
          "ancestorTitles": ["getWorkspaceAnimProps()"],
          "failureMessages": [],
          "fullName": "getWorkspaceAnimProps() uses opacity-only animation in normal mode (no scale — native VTE sync)",
          "location": null,
          "status": "passed",
          "title": "uses opacity-only animation in normal mode (no scale — native VTE sync)"
        },
        {
          "ancestorTitles": ["getWorkspaceAnimProps()"],
          "failureMessages": [],
          "fullName": "getWorkspaceAnimProps() transition duration is <= 300ms (GPU-composited, feel instant)",
          "location": null,
          "status": "passed",
          "title": "transition duration is <= 300ms (GPU-composited, feel instant)"
        },
        {
          "ancestorTitles": ["getWorkspaceAnimProps()"],
          "failureMessages": [],
          "fullName": "getWorkspaceAnimProps() initial state starts from zero opacity for a clean fade-in on mount",
          "location": null,
          "status": "passed",
          "title": "initial state starts from zero opacity for a clean fade-in on mount"
        },
        {
          "ancestorTitles": ["getWorkspaceAnimProps()"],
          "failureMessages": [],
          "fullName": "getWorkspaceAnimProps() maximized initial state skips the fade-in (already visible)",
          "location": null,
          "status": "passed",
          "title": "maximized initial state skips the fade-in (already visible)"
        },
        {
          "ancestorTitles": ["TerminalWorkspacesManager — displayName migration on hydrate"],
          "failureMessages": [],
          "fullName": "TerminalWorkspacesManager — displayName migration on hydrate migrates legacy panels with no displayName to pool names on hydrate",
          "location": null,
          "status": "passed",
          "title": "migrates legacy panels with no displayName to pool names on hydrate"
        },
        {
          "ancestorTitles": ["TerminalWorkspacesManager — displayName migration on hydrate"],
          "failureMessages": [],
          "fullName": "TerminalWorkspacesManager — displayName migration on hydrate persists the auto-assigned name in localStorage under devhub:panel-names:<workspaceId>",
          "location": null,
          "status": "passed",
          "title": "persists the auto-assigned name in localStorage under devhub:panel-names:<workspaceId>"
        },
        {
          "ancestorTitles": ["TerminalWorkspacesManager — displayName migration on hydrate"],
          "failureMessages": [],
          "fullName": "TerminalWorkspacesManager — displayName migration on hydrate is idempotent — re-rendering does not overwrite a previously assigned name",
          "location": null,
          "status": "passed",
          "title": "is idempotent — re-rendering does not overwrite a previously assigned name"
        },
        {
          "ancestorTitles": ["TerminalWorkspacesManager — dbl-click rename UI"],
          "failureMessages": [],
          "fullName": "TerminalWorkspacesManager — dbl-click rename UI dbl-click on the tab opens an input pre-filled with the current name",
          "location": null,
          "status": "passed",
          "title": "dbl-click on the tab opens an input pre-filled with the current name"
        },
        {
          "ancestorTitles": ["TerminalWorkspacesManager — dbl-click rename UI"],
          "failureMessages": [],
          "fullName": "TerminalWorkspacesManager — dbl-click rename UI Enter commits the rename; tab shows the new name",
          "location": null,
          "status": "passed",
          "title": "Enter commits the rename; tab shows the new name"
        },
        {
          "ancestorTitles": ["TerminalWorkspacesManager — dbl-click rename UI"],
          "failureMessages": [],
          "fullName": "TerminalWorkspacesManager — dbl-click rename UI Escape cancels the rename; tab shows the previous name",
          "location": null,
          "status": "passed",
          "title": "Escape cancels the rename; tab shows the previous name"
        },
        {
          "ancestorTitles": ["TerminalWorkspacesManager — dbl-click rename UI"],
          "failureMessages": [],
          "fullName": "TerminalWorkspacesManager — dbl-click rename UI blur commits; tab shows the new name; aria-label updated",
          "location": null,
          "status": "passed",
          "title": "blur commits; tab shows the new name; aria-label updated"
        },
        {
          "ancestorTitles": [
            "TerminalWorkspacesManager — devhub:run-agent launchOrigin gate-skip (Fase 4)"
          ],
          "failureMessages": [],
          "fullName": "TerminalWorkspacesManager — devhub:run-agent launchOrigin gate-skip (Fase 4) planning-launch: gate is skipped; verbatim command is passed to handleSplit",
          "location": null,
          "status": "passed",
          "title": "planning-launch: gate is skipped; verbatim command is passed to handleSplit"
        },
        {
          "ancestorTitles": [
            "TerminalWorkspacesManager — devhub:run-agent launchOrigin gate-skip (Fase 4)"
          ],
          "failureMessages": [],
          "fullName": "TerminalWorkspacesManager — devhub:run-agent launchOrigin gate-skip (Fase 4) swarm-control-launch: short-circuits to enqueueSwarmLaunchRequest — the gate is NOT called (swarm paths are untouched)",
          "location": null,
          "status": "passed",
          "title": "swarm-control-launch: short-circuits to enqueueSwarmLaunchRequest — the gate is NOT called (swarm paths are untouched)"
        },
        {
          "ancestorTitles": [
            "TerminalWorkspacesManager — devhub:run-agent launchOrigin gate-skip (Fase 4)"
          ],
          "failureMessages": [],
          "fullName": "TerminalWorkspacesManager — devhub:run-agent launchOrigin gate-skip (Fase 4) undefined launchOrigin: gate is still called (default path keeps the gate)",
          "location": null,
          "status": "passed",
          "title": "undefined launchOrigin: gate is still called (default path keeps the gate)"
        },
        {
          "ancestorTitles": [
            "TerminalWorkspacesManager — Fase 4 source snapshot (planning-launch skip)"
          ],
          "failureMessages": [],
          "fullName": "TerminalWorkspacesManager — Fase 4 source snapshot (planning-launch skip) handleRunAgent branches on launchOrigin === 'planning-launch' to skip the DocOps gate",
          "location": null,
          "status": "passed",
          "title": "handleRunAgent branches on launchOrigin === 'planning-launch' to skip the DocOps gate"
        },
        {
          "ancestorTitles": [
            "TerminalWorkspacesManager — Fase 4 source snapshot (planning-launch skip)"
          ],
          "failureMessages": [],
          "fullName": "TerminalWorkspacesManager — Fase 4 source snapshot (planning-launch skip) handleRunAgent dispatches devhub:run-agent-accepted with { taskId } after the split",
          "location": null,
          "status": "passed",
          "title": "handleRunAgent dispatches devhub:run-agent-accepted with { taskId } after the split"
        },
        {
          "ancestorTitles": [
            "TerminalWorkspacesManager — Fase 4 source snapshot (planning-launch skip)"
          ],
          "failureMessages": [],
          "fullName": "TerminalWorkspacesManager — Fase 4 source snapshot (planning-launch skip) handleRunAgent keeps enforceDocOpsGateOnLaunchCommand for non-planning origins (swarm / reopen / default)",
          "location": null,
          "status": "passed",
          "title": "handleRunAgent keeps enforceDocOpsGateOnLaunchCommand for non-planning origins (swarm / reopen / default)"
        }
      ],
      "endTime": 1783204981373,
      "message": "",
      "name": "D:\\devhub\\src\\components\\__tests__\\TerminalWorkspacesManager.test.js",
      "startTime": 1783204979991,
      "status": "passed",
      "summary": ""
    },
    {
      "assertionResults": [
        {
          "ancestorTitles": ["TIC-1: Workspace close unbinds terminal identity state"],
          "failureMessages": [],
          "fullName": "TIC-1: Workspace close unbinds terminal identity state TIC-S1: devhub_agent_runs entries are deleted when workspace is removed",
          "location": null,
          "status": "passed",
          "title": "TIC-S1: devhub_agent_runs entries are deleted when workspace is removed"
        },
        {
          "ancestorTitles": ["TIC-1: Workspace close unbinds terminal identity state"],
          "failureMessages": [],
          "fullName": "TIC-1: Workspace close unbinds terminal identity state TIC-S2: closing a workspace with multiple panels cleans all its panel identities",
          "location": null,
          "status": "passed",
          "title": "TIC-S2: closing a workspace with multiple panels cleans all its panel identities"
        },
        {
          "ancestorTitles": ["TIC-2: Panel ID counter randomized on fresh workspace creation"],
          "failureMessages": [],
          "fullName": "TIC-2: Panel ID counter randomized on fresh workspace creation TIC-S3: new workspace panels get fresh IDs after close+add cycle",
          "location": null,
          "status": "passed",
          "title": "TIC-S3: new workspace panels get fresh IDs after close+add cycle"
        },
        {
          "ancestorTitles": ["TIC-S1 / TIC-S4 regression: no stale identity in new workspaces"],
          "failureMessages": [],
          "fullName": "TIC-S1 / TIC-S4 regression: no stale identity in new workspaces after swarm workspace close, first new workspace shows no director/coder label",
          "location": null,
          "status": "passed",
          "title": "after swarm workspace close, first new workspace shows no director/coder label"
        }
      ],
      "endTime": 1783204982771,
      "message": "",
      "name": "D:\\devhub\\src\\components\\__tests__\\TerminalWorkspacesManager.staleIdentity.test.jsx",
      "startTime": 1783204981399,
      "status": "passed",
      "summary": ""
    },
    {
      "assertionResults": [
        {
          "ancestorTitles": ["workspace close keeps surviving terminal panels mounted"],
          "failureMessages": [],
          "fullName": "workspace close keeps surviving terminal panels mounted closing the first workspace does not remount grok panel in ws2",
          "location": null,
          "status": "passed",
          "title": "closing the first workspace does not remount grok panel in ws2"
        }
      ],
      "endTime": 1783204983348,
      "message": "",
      "name": "D:\\devhub\\src\\components\\__tests__\\TerminalWorkspacesManager.workspaceCloseRemount.test.jsx",
      "startTime": 1783204982779,
      "status": "passed",
      "summary": ""
    },
    {
      "assertionResults": [
        {
          "ancestorTitles": ["renderWorkspacePanel — v2 graveyard flag and mount logic"],
          "failureMessages": [],
          "fullName": "renderWorkspacePanel — v2 graveyard flag and mount logic passes isEngineV2=true for a v2 panel",
          "location": null,
          "status": "passed",
          "title": "passes isEngineV2=true for a v2 panel"
        },
        {
          "ancestorTitles": ["renderWorkspacePanel — v2 graveyard flag and mount logic"],
          "failureMessages": [],
          "fullName": "renderWorkspacePanel — v2 graveyard flag and mount logic passes isEngineV2=false for a legacy panel",
          "location": null,
          "status": "passed",
          "title": "passes isEngineV2=false for a legacy panel"
        },
        {
          "ancestorTitles": ["renderWorkspacePanel — v2 graveyard flag and mount logic"],
          "failureMessages": [],
          "fullName": "renderWorkspacePanel — v2 graveyard flag and mount logic mounts TerminalTTY for a visible v2 panel",
          "location": null,
          "status": "passed",
          "title": "mounts TerminalTTY for a visible v2 panel"
        },
        {
          "ancestorTitles": ["renderWorkspacePanel — v2 graveyard flag and mount logic"],
          "failureMessages": [],
          "fullName": "renderWorkspacePanel — v2 graveyard flag and mount logic renders a stash placeholder instead of TerminalTTY for a hidden v2 panel",
          "location": null,
          "status": "passed",
          "title": "renders a stash placeholder instead of TerminalTTY for a hidden v2 panel"
        },
        {
          "ancestorTitles": ["renderWorkspacePanel — v2 graveyard flag and mount logic"],
          "failureMessages": [],
          "fullName": "renderWorkspacePanel — v2 graveyard flag and mount logic keeps a legacy panel mounted even when hidden",
          "location": null,
          "status": "passed",
          "title": "keeps a legacy panel mounted even when hidden"
        }
      ],
      "endTime": 1783204983924,
      "message": "",
      "name": "D:\\devhub\\src\\components\\__tests__\\TerminalWorkspacesManager.v2graveyard.test.jsx",
      "startTime": 1783204983354,
      "status": "passed",
      "summary": ""
    }
  ],
  "wasInterrupted": false
}
