{
  "numFailedTestSuites": 2,
  "numFailedTests": 16,
  "numPassedTestSuites": 1,
  "numPassedTests": 52,
  "numPendingTestSuites": 0,
  "numPendingTests": 0,
  "numRuntimeErrorTestSuites": 0,
  "numTodoTests": 0,
  "numTotalTestSuites": 3,
  "numTotalTests": 68,
  "openHandles": [],
  "snapshot": {
    "added": 0,
    "didUpdate": false,
    "failure": false,
    "filesAdded": 0,
    "filesRemoved": 0,
    "filesRemovedList": [],
    "filesUnmatched": 0,
    "filesUpdated": 0,
    "matched": 0,
    "total": 0,
    "unchecked": 0,
    "uncheckedKeysByFile": [],
    "unmatched": 0,
    "updated": 0
  },
  "startTime": 1783190338603,
  "success": false,
  "testResults": [
    {
      "assertionResults": [
        {
          "ancestorTitles": ["getRightDockAnimProps()"],
          "failureMessages": [],
          "fullName": "getRightDockAnimProps() slides in from the right edge of the dock slot",
          "location": null,
          "status": "passed",
          "title": "slides in from the right edge of the dock slot"
        },
        {
          "ancestorTitles": ["getRightDockAnimProps()"],
          "failureMessages": [],
          "fullName": "getRightDockAnimProps() slides out to the right when hidden",
          "location": null,
          "status": "passed",
          "title": "slides out to the right when hidden"
        },
        {
          "ancestorTitles": ["getRightDockAnimProps()"],
          "failureMessages": [],
          "fullName": "getRightDockAnimProps() disables motion while the dock is being resized",
          "location": null,
          "status": "passed",
          "title": "disables motion while the dock is being resized"
        },
        {
          "ancestorTitles": ["getWorkspaceAnimProps()"],
          "failureMessages": [],
          "fullName": "getWorkspaceAnimProps() returns full opacity when maximized",
          "location": null,
          "status": "passed",
          "title": "returns full opacity when maximized"
        },
        {
          "ancestorTitles": ["getWorkspaceAnimProps()"],
          "failureMessages": [],
          "fullName": "getWorkspaceAnimProps() uses opacity-only animation in normal mode (no scale — native VTE sync)",
          "location": null,
          "status": "passed",
          "title": "uses opacity-only animation in normal mode (no scale — native VTE sync)"
        },
        {
          "ancestorTitles": ["getWorkspaceAnimProps()"],
          "failureMessages": [],
          "fullName": "getWorkspaceAnimProps() transition duration is <= 300ms (GPU-composited, feel instant)",
          "location": null,
          "status": "passed",
          "title": "transition duration is <= 300ms (GPU-composited, feel instant)"
        },
        {
          "ancestorTitles": ["getWorkspaceAnimProps()"],
          "failureMessages": [],
          "fullName": "getWorkspaceAnimProps() initial state starts from zero opacity for a clean fade-in on mount",
          "location": null,
          "status": "passed",
          "title": "initial state starts from zero opacity for a clean fade-in on mount"
        },
        {
          "ancestorTitles": ["getWorkspaceAnimProps()"],
          "failureMessages": [],
          "fullName": "getWorkspaceAnimProps() maximized initial state skips the fade-in (already visible)",
          "location": null,
          "status": "passed",
          "title": "maximized initial state skips the fade-in (already visible)"
        },
        {
          "ancestorTitles": ["TerminalWorkspacesManager — displayName migration on hydrate"],
          "failureMessages": [],
          "fullName": "TerminalWorkspacesManager — displayName migration on hydrate migrates legacy panels with no displayName to pool names on hydrate",
          "location": null,
          "status": "passed",
          "title": "migrates legacy panels with no displayName to pool names on hydrate"
        },
        {
          "ancestorTitles": ["TerminalWorkspacesManager — displayName migration on hydrate"],
          "failureMessages": [],
          "fullName": "TerminalWorkspacesManager — displayName migration on hydrate persists the auto-assigned name in localStorage under devhub:panel-names:<workspaceId>",
          "location": null,
          "status": "passed",
          "title": "persists the auto-assigned name in localStorage under devhub:panel-names:<workspaceId>"
        },
        {
          "ancestorTitles": ["TerminalWorkspacesManager — displayName migration on hydrate"],
          "failureMessages": [],
          "fullName": "TerminalWorkspacesManager — displayName migration on hydrate is idempotent — re-rendering does not overwrite a previously assigned name",
          "location": null,
          "status": "passed",
          "title": "is idempotent — re-rendering does not overwrite a previously assigned name"
        },
        {
          "ancestorTitles": ["TerminalWorkspacesManager — dbl-click rename UI"],
          "failureMessages": [
            "Error: expect(received).not.toBeNull()\n\nReceived: null\n    at Object.<anonymous> (D:\\devhub\\src\\components\\__tests__\\TerminalWorkspacesManager.test.js:451:21)"
          ],
          "fullName": "TerminalWorkspacesManager — dbl-click rename UI dbl-click on the tab opens an input pre-filled with the current name",
          "location": null,
          "status": "failed",
          "title": "dbl-click on the tab opens an input pre-filled with the current name"
        },
        {
          "ancestorTitles": ["TerminalWorkspacesManager — dbl-click rename UI"],
          "failureMessages": [
            "TypeError: Cannot read properties of null (reading 'dispatchEvent')\n    at D:\\devhub\\src\\components\\__tests__\\TerminalWorkspacesManager.test.js:358:13\n    at flushSync (D:\\devhub\\node_modules\\.pnpm\\react-dom@19.2.6_react@19.2.6\\node_modules\\react-dom\\cjs\\react-dom.development.js:136:18)\n    at fireDblClick (D:\\devhub\\src\\components\\__tests__\\TerminalWorkspacesManager.test.js:357:3)\n    at Object.<anonymous> (D:\\devhub\\src\\components\\__tests__\\TerminalWorkspacesManager.test.js:483:11)"
          ],
          "fullName": "TerminalWorkspacesManager — dbl-click rename UI Enter commits the rename; tab shows the new name",
          "location": null,
          "status": "failed",
          "title": "Enter commits the rename; tab shows the new name"
        },
        {
          "ancestorTitles": ["TerminalWorkspacesManager — dbl-click rename UI"],
          "failureMessages": [
            "TypeError: Cannot read properties of null (reading 'dispatchEvent')\n    at D:\\devhub\\src\\components\\__tests__\\TerminalWorkspacesManager.test.js:358:13\n    at flushSync (D:\\devhub\\node_modules\\.pnpm\\react-dom@19.2.6_react@19.2.6\\node_modules\\react-dom\\cjs\\react-dom.development.js:136:18)\n    at fireDblClick (D:\\devhub\\src\\components\\__tests__\\TerminalWorkspacesManager.test.js:357:3)\n    at Object.<anonymous> (D:\\devhub\\src\\components\\__tests__\\TerminalWorkspacesManager.test.js:521:11)"
          ],
          "fullName": "TerminalWorkspacesManager — dbl-click rename UI Escape cancels the rename; tab shows the previous name",
          "location": null,
          "status": "failed",
          "title": "Escape cancels the rename; tab shows the previous name"
        },
        {
          "ancestorTitles": ["TerminalWorkspacesManager — dbl-click rename UI"],
          "failureMessages": [
            "TypeError: Cannot read properties of null (reading 'dispatchEvent')\n    at D:\\devhub\\src\\components\\__tests__\\TerminalWorkspacesManager.test.js:358:13\n    at flushSync (D:\\devhub\\node_modules\\.pnpm\\react-dom@19.2.6_react@19.2.6\\node_modules\\react-dom\\cjs\\react-dom.development.js:136:18)\n    at fireDblClick (D:\\devhub\\src\\components\\__tests__\\TerminalWorkspacesManager.test.js:357:3)\n    at Object.<anonymous> (D:\\devhub\\src\\components\\__tests__\\TerminalWorkspacesManager.test.js:557:11)"
          ],
          "fullName": "TerminalWorkspacesManager — dbl-click rename UI blur commits; tab shows the new name; aria-label updated",
          "location": null,
          "status": "failed",
          "title": "blur commits; tab shows the new name; aria-label updated"
        },
        {
          "ancestorTitles": [
            "TerminalWorkspacesManager — devhub:run-agent launchOrigin gate-skip (Fase 4)"
          ],
          "failureMessages": [],
          "fullName": "TerminalWorkspacesManager — devhub:run-agent launchOrigin gate-skip (Fase 4) planning-launch: gate is skipped; verbatim command is passed to handleSplit",
          "location": null,
          "status": "passed",
          "title": "planning-launch: gate is skipped; verbatim command is passed to handleSplit"
        },
        {
          "ancestorTitles": [
            "TerminalWorkspacesManager — devhub:run-agent launchOrigin gate-skip (Fase 4)"
          ],
          "failureMessages": [],
          "fullName": "TerminalWorkspacesManager — devhub:run-agent launchOrigin gate-skip (Fase 4) swarm-control-launch: short-circuits to enqueueSwarmLaunchRequest — the gate is NOT called (swarm paths are untouched)",
          "location": null,
          "status": "passed",
          "title": "swarm-control-launch: short-circuits to enqueueSwarmLaunchRequest — the gate is NOT called (swarm paths are untouched)"
        },
        {
          "ancestorTitles": [
            "TerminalWorkspacesManager — devhub:run-agent launchOrigin gate-skip (Fase 4)"
          ],
          "failureMessages": [],
          "fullName": "TerminalWorkspacesManager — devhub:run-agent launchOrigin gate-skip (Fase 4) undefined launchOrigin: gate is still called (default path keeps the gate)",
          "location": null,
          "status": "passed",
          "title": "undefined launchOrigin: gate is still called (default path keeps the gate)"
        },
        {
          "ancestorTitles": [
            "TerminalWorkspacesManager — Fase 4 source snapshot (planning-launch skip)"
          ],
          "failureMessages": [],
          "fullName": "TerminalWorkspacesManager — Fase 4 source snapshot (planning-launch skip) handleRunAgent branches on launchOrigin === 'planning-launch' to skip the DocOps gate",
          "location": null,
          "status": "passed",
          "title": "handleRunAgent branches on launchOrigin === 'planning-launch' to skip the DocOps gate"
        },
        {
          "ancestorTitles": [
            "TerminalWorkspacesManager — Fase 4 source snapshot (planning-launch skip)"
          ],
          "failureMessages": [],
          "fullName": "TerminalWorkspacesManager — Fase 4 source snapshot (planning-launch skip) handleRunAgent dispatches devhub:run-agent-accepted with { taskId } after the split",
          "location": null,
          "status": "passed",
          "title": "handleRunAgent dispatches devhub:run-agent-accepted with { taskId } after the split"
        },
        {
          "ancestorTitles": [
            "TerminalWorkspacesManager — Fase 4 source snapshot (planning-launch skip)"
          ],
          "failureMessages": [],
          "fullName": "TerminalWorkspacesManager — Fase 4 source snapshot (planning-launch skip) handleRunAgent keeps enforceDocOpsGateOnLaunchCommand for non-planning origins (swarm / reopen / default)",
          "location": null,
          "status": "passed",
          "title": "handleRunAgent keeps enforceDocOpsGateOnLaunchCommand for non-planning origins (swarm / reopen / default)"
        }
      ],
      "endTime": 1783190342340,
      "message": "  ● TerminalWorkspacesManager — dbl-click rename UI › dbl-click on the tab opens an input pre-filled with the current name\n\n    expect(received).not.toBeNull()\n\n    Received: null\n\n      449 |\n      450 |     const tab = findPanelTab(document, 'p1');\n    > 451 |     expect(tab).not.toBeNull();\n          |                     ^\n      452 |     expect(tab.getAttribute('aria-label')).toContain(assignedName);\n      453 |\n      454 |     await fireDblClick(tab);\n\n      at Object.<anonymous> (src/components/__tests__/TerminalWorkspacesManager.test.js:451:21)\n\n  ● TerminalWorkspacesManager — dbl-click rename UI › Enter commits the rename; tab shows the new name\n\n    TypeError: Cannot read properties of null (reading 'dispatchEvent')\n\n      356 | function fireDblClick(element) {\n      357 |   flushSync(() => {\n    > 358 |     element.dispatchEvent(new window.MouseEvent('dblclick', { bubbles: true }));\n          |             ^\n      359 |   });\n      360 |   return flushEffects();\n      361 | }\n\n      at src/components/__tests__/TerminalWorkspacesManager.test.js:358:13\n      at flushSync (node_modules/.pnpm/react-dom@19.2.6_react@19.2.6/node_modules/react-dom/cjs/react-dom.development.js:136:18)\n      at fireDblClick (src/components/__tests__/TerminalWorkspacesManager.test.js:357:3)\n      at Object.<anonymous> (src/components/__tests__/TerminalWorkspacesManager.test.js:483:11)\n\n  ● TerminalWorkspacesManager — dbl-click rename UI › Escape cancels the rename; tab shows the previous name\n\n    TypeError: Cannot read properties of null (reading 'dispatchEvent')\n\n      356 | function fireDblClick(element) {\n      357 |   flushSync(() => {\n    > 358 |     element.dispatchEvent(new window.MouseEvent('dblclick', { bubbles: true }));\n          |             ^\n      359 |   });\n      360 |   return flushEffects();\n      361 | }\n\n      at src/components/__tests__/TerminalWorkspacesManager.test.js:358:13\n      at flushSync (node_modules/.pnpm/react-dom@19.2.6_react@19.2.6/node_modules/react-dom/cjs/react-dom.development.js:136:18)\n      at fireDblClick (src/components/__tests__/TerminalWorkspacesManager.test.js:357:3)\n      at Object.<anonymous> (src/components/__tests__/TerminalWorkspacesManager.test.js:521:11)\n\n  ● TerminalWorkspacesManager — dbl-click rename UI › blur commits; tab shows the new name; aria-label updated\n\n    TypeError: Cannot read properties of null (reading 'dispatchEvent')\n\n      356 | function fireDblClick(element) {\n      357 |   flushSync(() => {\n    > 358 |     element.dispatchEvent(new window.MouseEvent('dblclick', { bubbles: true }));\n          |             ^\n      359 |   });\n      360 |   return flushEffects();\n      361 | }\n\n      at src/components/__tests__/TerminalWorkspacesManager.test.js:358:13\n      at flushSync (node_modules/.pnpm/react-dom@19.2.6_react@19.2.6/node_modules/react-dom/cjs/react-dom.development.js:136:18)\n      at fireDblClick (src/components/__tests__/TerminalWorkspacesManager.test.js:357:3)\n      at Object.<anonymous> (src/components/__tests__/TerminalWorkspacesManager.test.js:557:11)\n",
      "name": "D:\\devhub\\src\\components\\__tests__\\TerminalWorkspacesManager.test.js",
      "startTime": 1783190338684,
      "status": "failed",
      "summary": ""
    },
    {
      "assertionResults": [
        {
          "ancestorTitles": ["TerminalWorkspacesManager right dock"],
          "failureMessages": [],
          "fullName": "TerminalWorkspacesManager right dock keeps terminal-only layout by default and exposes dock tab controls without PageHeader",
          "location": null,
          "status": "passed",
          "title": "keeps terminal-only layout by default and exposes dock tab controls without PageHeader"
        },
        {
          "ancestorTitles": ["TerminalWorkspacesManager right dock"],
          "failureMessages": [],
          "fullName": "TerminalWorkspacesManager right dock browser tab shows the dock shell and keeps the switch in the top toolbar",
          "location": null,
          "status": "passed",
          "title": "browser tab shows the dock shell and keeps the switch in the top toolbar"
        },
        {
          "ancestorTitles": ["TerminalWorkspacesManager right dock"],
          "failureMessages": [
            "Error: expect(received).toBe(expected) // Object.is equality\n\nExpected: \"live\"\nReceived: undefined\n    at Object.<anonymous> (D:\\devhub\\src\\components\\__tests__\\TerminalWorkspacesManager.right-dock.test.jsx:437:7)\n    at runNextTicks (node:internal/process/task_queues:64:5)\n    at listOnTimeout (node:internal/timers:567:9)\n    at processTimers (node:internal/timers:541:7)"
          ],
          "fullName": "TerminalWorkspacesManager right dock opening right dock browser side-by-side keeps native terminal policy live",
          "location": null,
          "status": "failed",
          "title": "opening right dock browser side-by-side keeps native terminal policy live"
        },
        {
          "ancestorTitles": ["TerminalWorkspacesManager right dock"],
          "failureMessages": [
            "Error: expect(received).toBe(expected) // Object.is equality\n\nExpected: \"visible\"\nReceived: undefined\n    at Object.<anonymous> (D:\\devhub\\src\\components\\__tests__\\TerminalWorkspacesManager.right-dock.test.jsx:478:96)\n    at runNextTicks (node:internal/process/task_queues:64:5)\n    at listOnTimeout (node:internal/timers:567:9)\n    at processTimers (node:internal/timers:541:7)"
          ],
          "fullName": "TerminalWorkspacesManager right dock pizarra fullscreen marks workspace terminals hidden in layout so native layers can disappear",
          "location": null,
          "status": "failed",
          "title": "pizarra fullscreen marks workspace terminals hidden in layout so native layers can disappear"
        },
        {
          "ancestorTitles": ["TerminalWorkspacesManager right dock"],
          "failureMessages": [
            "Error: expect(received).toBe(expected) // Object.is equality\n\nExpected: \"live\"\nReceived: undefined\n    at Object.<anonymous> (D:\\devhub\\src\\components\\__tests__\\TerminalWorkspacesManager.right-dock.test.jsx:527:94)\n    at runNextTicks (node:internal/process/task_queues:64:5)\n    at listOnTimeout (node:internal/timers:567:9)\n    at processTimers (node:internal/timers:541:7)"
          ],
          "fullName": "TerminalWorkspacesManager right dock opening swarm wizard suspends native terminal surfaces and renders modal above the terminal layer",
          "location": null,
          "status": "failed",
          "title": "opening swarm wizard suspends native terminal surfaces and renders modal above the terminal layer"
        },
        {
          "ancestorTitles": ["TerminalWorkspacesManager right dock"],
          "failureMessages": [],
          "fullName": "TerminalWorkspacesManager right dock shows active swarm summary without End swarm button (close workspace to terminate)",
          "location": null,
          "status": "passed",
          "title": "shows active swarm summary without End swarm button (close workspace to terminate)"
        },
        {
          "ancestorTitles": ["TerminalWorkspacesManager right dock"],
          "failureMessages": [],
          "fullName": "TerminalWorkspacesManager right dock shows active swarm summary from cached control snapshot when devhub_agent_runs is empty",
          "location": null,
          "status": "passed",
          "title": "shows active swarm summary from cached control snapshot when devhub_agent_runs is empty"
        },
        {
          "ancestorTitles": ["TerminalWorkspacesManager right dock"],
          "failureMessages": [
            "Error: expect(received).toContain(expected) // indexOf\n\nMatcher error: received value must not be null nor undefined\n\nReceived has value: undefined\n    at Object.<anonymous> (D:\\devhub\\src\\components\\__tests__\\TerminalWorkspacesManager.right-dock.test.jsx:698:7)\n    at runNextTicks (node:internal/process/task_queues:64:5)\n    at listOnTimeout (node:internal/timers:567:9)\n    at processTimers (node:internal/timers:541:7)"
          ],
          "fullName": "TerminalWorkspacesManager right dock shows terminate swarm action for active workspace launch and posts launch-scoped terminate request",
          "location": null,
          "status": "failed",
          "title": "shows terminate swarm action for active workspace launch and posts launch-scoped terminate request"
        },
        {
          "ancestorTitles": ["TerminalWorkspacesManager right dock"],
          "failureMessages": [
            "Error: expect(received).toHaveLength(expected)\n\nExpected length: 5\nReceived length: 1\nReceived object: [<div data-testid=\"terminal-p1\"><span>p1</span><span data-testid=\"terminal-visible-p1\">visible</span><span data-testid=\"terminal-suspend-p1\">live</span><span data-testid=\"terminal-native-policy-p1\">live</span></div>]\n    at Object.<anonymous> (D:\\devhub\\src\\components\\__tests__\\TerminalWorkspacesManager.right-dock.test.jsx:764:77)\n    at runNextTicks (node:internal/process/task_queues:64:5)\n    at processTimers (node:internal/timers:538:9)"
          ],
          "fullName": "TerminalWorkspacesManager right dock batches swarm runtime requests into a dedicated workspace instead of replacing the same split",
          "location": null,
          "status": "failed",
          "title": "batches swarm runtime requests into a dedicated workspace instead of replacing the same split"
        },
        {
          "ancestorTitles": ["TerminalWorkspacesManager right dock"],
          "failureMessages": [],
          "fullName": "TerminalWorkspacesManager right dock materializes all swarm panels in one workspace from a single launch event",
          "location": null,
          "status": "passed",
          "title": "materializes all swarm panels in one workspace from a single launch event"
        },
        {
          "ancestorTitles": ["TerminalWorkspacesManager right dock"],
          "failureMessages": [
            "Error: expect(received).toHaveLength(expected)\n\nMatcher error: received value must have a length property whose value must be a number\n\nReceived has value: undefined\n    at Object.<anonymous> (D:\\devhub\\src\\components\\__tests__\\TerminalWorkspacesManager.right-dock.test.jsx:859:83)"
          ],
          "fullName": "TerminalWorkspacesManager right dock preserves 3-column layout when director arrives first and workers arrive later (two-phase dispatch)",
          "location": null,
          "status": "failed",
          "title": "preserves 3-column layout when director arrives first and workers arrive later (two-phase dispatch)"
        },
        {
          "ancestorTitles": ["TerminalWorkspacesManager right dock"],
          "failureMessages": [],
          "fullName": "TerminalWorkspacesManager right dock opening right dock editor side-by-side keeps native terminal policy live without mutating fullscreen state",
          "location": null,
          "status": "passed",
          "title": "opening right dock editor side-by-side keeps native terminal policy live without mutating fullscreen state"
        },
        {
          "ancestorTitles": ["TerminalWorkspacesManager right dock"],
          "failureMessages": [],
          "fullName": "TerminalWorkspacesManager right dock dock tab buttons toggle visibility when pressing the same tab twice",
          "location": null,
          "status": "passed",
          "title": "dock tab buttons toggle visibility when pressing the same tab twice"
        },
        {
          "ancestorTitles": ["TerminalWorkspacesManager right dock"],
          "failureMessages": [],
          "fullName": "TerminalWorkspacesManager right dock switching to editor reveals the shared pane with contextual subtitle",
          "location": null,
          "status": "passed",
          "title": "switching to editor reveals the shared pane with contextual subtitle"
        },
        {
          "ancestorTitles": ["TerminalWorkspacesManager right dock"],
          "failureMessages": [],
          "fullName": "TerminalWorkspacesManager right dock legacy bridge state hydrates as browser edit mode and persists normalized state",
          "location": null,
          "status": "passed",
          "title": "legacy bridge state hydrates as browser edit mode and persists normalized state"
        },
        {
          "ancestorTitles": ["TerminalWorkspacesManager right dock"],
          "failureMessages": [
            "Error: expect(received).toBe(expected) // Object.is equality\n\nExpected: \"44\"\nReceived: undefined\n    at Object.<anonymous> (D:\\devhub\\src\\components\\__tests__\\TerminalWorkspacesManager.right-dock.test.jsx:1039:7)\n    at runNextTicks (node:internal/process/task_queues:64:5)\n    at listOnTimeout (node:internal/timers:567:9)\n    at processTimers (node:internal/timers:541:7)"
          ],
          "fullName": "TerminalWorkspacesManager right dock rehydrates persisted visible editor dock state for the same project",
          "location": null,
          "status": "failed",
          "title": "rehydrates persisted visible editor dock state for the same project"
        },
        {
          "ancestorTitles": ["TerminalWorkspacesManager right dock"],
          "failureMessages": [],
          "fullName": "TerminalWorkspacesManager right dock right dock visibility and tab state stay isolated per workspace",
          "location": null,
          "status": "passed",
          "title": "right dock visibility and tab state stay isolated per workspace"
        },
        {
          "ancestorTitles": ["TerminalWorkspacesManager right dock"],
          "failureMessages": [
            "Error: expect(jest.fn()).toHaveBeenCalledWith(...expected)\n\nExpected: \"native_browser_set_visibility\", {\"request\": ObjectContaining {\"panelId\": \"browser-project-1-ws1\", \"visible\": false}}\nReceived\n       1\n          \"native_browser_probe\",\n          Object {\n        -   \"request\": ObjectContaining {\n        -     \"panelId\": \"browser-project-1-ws1\",\n        -     \"visible\": false,\n        +   \"request\": Object {\n        +     \"panelId\": \"browser-project-1-ws2\",\n        +     \"requestedMode\": \"native-gtk\",\n        +     \"tauriAvailable\": true,\n            },\n          },\n       2\n          \"native_browser_selector_command\",\n          Object {\n        -   \"request\": ObjectContaining {\n        -     \"panelId\": \"browser-project-1-ws1\",\n        -     \"visible\": false,\n        +   \"request\": Object {\n        +     \"action\": \"deactivate\",\n        +     \"panelId\": \"browser-project-1-ws2\",\n            },\n          },\n       3\n          \"native_browser_selector_command\",\n          Object {\n        -   \"request\": ObjectContaining {\n        -     \"panelId\": \"browser-project-1-ws1\",\n        -     \"visible\": false,\n        +   \"request\": Object {\n        +     \"action\": \"clear-selection\",\n        +     \"panelId\": \"browser-project-1-ws2\",\n            },\n          },\n\nNumber of calls: 3\n    at Object.<anonymous> (D:\\devhub\\src\\components\\__tests__\\TerminalWorkspacesManager.right-dock.test.jsx:1128:24)\n    at runNextTicks (node:internal/process/task_queues:64:5)\n    at processTimers (node:internal/timers:538:9)"
          ],
          "fullName": "TerminalWorkspacesManager right dock switching to a new workspace keeps a hidden native browser from staying visible on top",
          "location": null,
          "status": "failed",
          "title": "switching to a new workspace keeps a hidden native browser from staying visible on top"
        },
        {
          "ancestorTitles": ["TerminalWorkspacesManager right dock"],
          "failureMessages": [],
          "fullName": "TerminalWorkspacesManager right dock keeps a single shared editor dock mounted while switching ws1 → ws2 → ws1",
          "location": null,
          "status": "passed",
          "title": "keeps a single shared editor dock mounted while switching ws1 → ws2 → ws1"
        },
        {
          "ancestorTitles": ["TerminalWorkspacesManager right dock"],
          "failureMessages": [],
          "fullName": "TerminalWorkspacesManager right dock shows a workspace browser indicator and lets the user close the dedicated browser state from the top toolbar",
          "location": null,
          "status": "passed",
          "title": "shows a workspace browser indicator and lets the user close the dedicated browser state from the top toolbar"
        },
        {
          "ancestorTitles": ["TerminalWorkspacesManager right dock"],
          "failureMessages": [],
          "fullName": "TerminalWorkspacesManager right dock browser tab submits localhost urls, navigates back-forward, and reload remounts the iframe",
          "location": null,
          "status": "passed",
          "title": "browser tab submits localhost urls, navigates back-forward, and reload remounts the iframe"
        },
        {
          "ancestorTitles": ["TerminalWorkspacesManager right dock"],
          "failureMessages": [],
          "fullName": "TerminalWorkspacesManager right dock does not preemptively block localhost:3100 with framing warning",
          "location": null,
          "status": "passed",
          "title": "does not preemptively block localhost:3100 with framing warning"
        },
        {
          "ancestorTitles": ["TerminalWorkspacesManager right dock"],
          "failureMessages": [],
          "fullName": "TerminalWorkspacesManager right dock browser pane uses an isolated solid viewport shell for smoother embedded rendering",
          "location": null,
          "status": "passed",
          "title": "browser pane uses an isolated solid viewport shell for smoother embedded rendering"
        },
        {
          "ancestorTitles": ["TerminalWorkspacesManager right dock"],
          "failureMessages": [],
          "fullName": "TerminalWorkspacesManager right dock browser toolbar exposes an explicit maximize toggle for workspace-only browser mode",
          "location": null,
          "status": "passed",
          "title": "browser toolbar exposes an explicit maximize toggle for workspace-only browser mode"
        },
        {
          "ancestorTitles": ["TerminalWorkspacesManager right dock"],
          "failureMessages": [],
          "fullName": "TerminalWorkspacesManager right dock keeps the same browser iframe mounted when switching between browser and editor tabs",
          "location": null,
          "status": "passed",
          "title": "keeps the same browser iframe mounted when switching between browser and editor tabs"
        },
        {
          "ancestorTitles": ["TerminalWorkspacesManager right dock"],
          "failureMessages": [],
          "fullName": "TerminalWorkspacesManager right dock keeps the same browser iframe mounted while toggling browser and terminal fullscreen views",
          "location": null,
          "status": "passed",
          "title": "keeps the same browser iframe mounted while toggling browser and terminal fullscreen views"
        },
        {
          "ancestorTitles": ["TerminalWorkspacesManager right dock"],
          "failureMessages": [],
          "fullName": "TerminalWorkspacesManager right dock browser maximized mode exposes workspace window tabs so terminal views remain reachable",
          "location": null,
          "status": "passed",
          "title": "browser maximized mode exposes workspace window tabs so terminal views remain reachable"
        },
        {
          "ancestorTitles": ["TerminalWorkspacesManager right dock"],
          "failureMessages": [
            "Error: expect(received).not.toBeNull()\n\nReceived: null\n    at Object.<anonymous> (D:\\devhub\\src\\components\\__tests__\\TerminalWorkspacesManager.right-dock.test.jsx:1495:78)\n    at runNextTicks (node:internal/process/task_queues:64:5)\n    at listOnTimeout (node:internal/timers:567:9)\n    at processTimers (node:internal/timers:541:7)"
          ],
          "fullName": "TerminalWorkspacesManager right dock rehydrates duplicated workspace window ids with unique replacements before rendering tabs",
          "location": null,
          "status": "failed",
          "title": "rehydrates duplicated workspace window ids with unique replacements before rendering tabs"
        },
        {
          "ancestorTitles": ["TerminalWorkspacesManager right dock"],
          "failureMessages": [
            "Error: expect(received).not.toBeNull()\n\nReceived: null\n    at Object.<anonymous> (D:\\devhub\\src\\components\\__tests__\\TerminalWorkspacesManager.right-dock.test.jsx:1516:28)\n    at runNextTicks (node:internal/process/task_queues:64:5)\n    at listOnTimeout (node:internal/timers:567:9)\n    at processTimers (node:internal/timers:541:7)"
          ],
          "fullName": "TerminalWorkspacesManager right dock hides the workspace path chip when the subtabs bar gets too narrow and restores it when space returns",
          "location": null,
          "status": "failed",
          "title": "hides the workspace path chip when the subtabs bar gets too narrow and restores it when space returns"
        },
        {
          "ancestorTitles": ["TerminalWorkspacesManager right dock"],
          "failureMessages": [],
          "fullName": "TerminalWorkspacesManager right dock active tab in right-dock tab strip has 1px accent inner border",
          "location": null,
          "status": "passed",
          "title": "active tab in right-dock tab strip has 1px accent inner border"
        },
        {
          "ancestorTitles": ["TerminalWorkspacesManager right dock"],
          "failureMessages": [],
          "fullName": "TerminalWorkspacesManager right dock inactive tabs in right-dock tab strip do not have accent border",
          "location": null,
          "status": "passed",
          "title": "inactive tabs in right-dock tab strip do not have accent border"
        },
        {
          "ancestorTitles": ["TerminalWorkspacesManager right dock"],
          "failureMessages": [
            "Error: expect(received).toBe(expected) // Object.is equality\n\nExpected: \"32\"\nReceived: undefined\n    at Object.<anonymous> (D:\\devhub\\src\\components\\__tests__\\TerminalWorkspacesManager.right-dock.test.jsx:1599:7)"
          ],
          "fullName": "TerminalWorkspacesManager right dock dock maximize toggles between persisted panel size and full width",
          "location": null,
          "status": "failed",
          "title": "dock maximize toggles between persisted panel size and full width"
        },
        {
          "ancestorTitles": ["TerminalWorkspacesManager right dock"],
          "failureMessages": [],
          "fullName": "TerminalWorkspacesManager right dock dock drag overlay never blocks editor interactions and clears after pointer release",
          "location": null,
          "status": "passed",
          "title": "dock drag overlay never blocks editor interactions and clears after pointer release"
        },
        {
          "ancestorTitles": ["TerminalWorkspacesManager right dock"],
          "failureMessages": [],
          "fullName": "TerminalWorkspacesManager right dock right dock layout placeholder never captures pointer events above the real dock layer",
          "location": null,
          "status": "passed",
          "title": "right dock layout placeholder never captures pointer events above the real dock layer"
        },
        {
          "ancestorTitles": ["TerminalWorkspacesManager right dock"],
          "failureMessages": [],
          "fullName": "TerminalWorkspacesManager right dock resolveRightDockLayerStyle anchors the dock to measured placeholder bounds when available",
          "location": null,
          "status": "passed",
          "title": "resolveRightDockLayerStyle anchors the dock to measured placeholder bounds when available"
        },
        {
          "ancestorTitles": ["TerminalWorkspacesManager right dock"],
          "failureMessages": [],
          "fullName": "TerminalWorkspacesManager right dock resolveMeasuredRightDockBounds derives exact left and width from the real placeholder rect",
          "location": null,
          "status": "passed",
          "title": "resolveMeasuredRightDockBounds derives exact left and width from the real placeholder rect"
        },
        {
          "ancestorTitles": ["TerminalWorkspacesManager right dock"],
          "failureMessages": [
            "Error: expect(received).toBe(expected) // Object.is equality\n\nExpected: \"580px\"\nReceived: \"68%\"\n    at Object.<anonymous> (D:\\devhub\\src\\components\\__tests__\\TerminalWorkspacesManager.right-dock.test.jsx:1767:34)"
          ],
          "fullName": "TerminalWorkspacesManager right dock measured right dock bounds realign the absolute dock layer after workspace switches",
          "location": null,
          "status": "failed",
          "title": "measured right dock bounds realign the absolute dock layer after workspace switches"
        },
        {
          "ancestorTitles": ["TerminalWorkspacesManager right dock"],
          "failureMessages": [],
          "fullName": "TerminalWorkspacesManager right dock browser tab resolves free-text input into a searchable web url",
          "location": null,
          "status": "passed",
          "title": "browser tab resolves free-text input into a searchable web url"
        },
        {
          "ancestorTitles": ["TerminalWorkspacesManager right dock"],
          "failureMessages": [],
          "fullName": "TerminalWorkspacesManager right dock browser tab defaults plain domains to https navigation",
          "location": null,
          "status": "passed",
          "title": "browser tab defaults plain domains to https navigation"
        },
        {
          "ancestorTitles": ["TerminalWorkspacesManager right dock"],
          "failureMessages": [],
          "fullName": "TerminalWorkspacesManager right dock shows a visible localhost error state instead of leaving the browser blank",
          "location": null,
          "status": "passed",
          "title": "shows a visible localhost error state instead of leaving the browser blank"
        },
        {
          "ancestorTitles": ["TerminalWorkspacesManager right dock"],
          "failureMessages": [],
          "fullName": "TerminalWorkspacesManager right dock rendering the visible right dock does not emit React key warnings",
          "location": null,
          "status": "passed",
          "title": "rendering the visible right dock does not emit React key warnings"
        },
        {
          "ancestorTitles": ["TerminalWorkspacesManager right dock"],
          "failureMessages": [],
          "fullName": "TerminalWorkspacesManager right dock right dock browser state stays mounted across slower timer advances",
          "location": null,
          "status": "passed",
          "title": "right dock browser state stays mounted across slower timer advances"
        }
      ],
      "endTime": 1783190348308,
      "message": "  ● TerminalWorkspacesManager right dock › opening right dock browser side-by-side keeps native terminal policy live\n\n    expect(received).toBe(expected) // Object.is equality\n\n    Expected: \"live\"\n    Received: undefined\n\n      435 |     expect(\n      436 |       view.container.querySelector('[data-testid=\"terminal-native-policy-p1\"]')?.textContent\n    > 437 |     ).toBe('live');\n          |       ^\n      438 |\n      439 |     await click(view.container.querySelector('[data-testid=\"right-dock-tab-browser\"]'));\n      440 |\n\n      at Object.<anonymous> (src/components/__tests__/TerminalWorkspacesManager.right-dock.test.jsx:437:7)\n\n  ● TerminalWorkspacesManager right dock › pizarra fullscreen marks workspace terminals hidden in layout so native layers can disappear\n\n    expect(received).toBe(expected) // Object.is equality\n\n    Expected: \"visible\"\n    Received: undefined\n\n      476 |       );\n      477 |\n    > 478 |       expect(view.container.querySelector('[data-testid=\"terminal-visible-p1\"]')?.textContent).toBe(\n          |                                                                                                ^\n      479 |         'visible'\n      480 |       );\n      481 |       expect(view.container.querySelector('[data-testid=\"terminal-suspend-p1\"]')?.textContent).toBe(\n\n      at Object.<anonymous> (src/components/__tests__/TerminalWorkspacesManager.right-dock.test.jsx:478:96)\n\n  ● TerminalWorkspacesManager right dock › opening swarm wizard suspends native terminal surfaces and renders modal above the terminal layer\n\n    expect(received).toBe(expected) // Object.is equality\n\n    Expected: \"live\"\n    Received: undefined\n\n      525 |     );\n      526 |\n    > 527 |     expect(view.container.querySelector('[data-testid=\"terminal-suspend-p1\"]')?.textContent).toBe(\n          |                                                                                              ^\n      528 |       'live'\n      529 |     );\n      530 |     expect(document.getElementById('devhub-hide-next-dev-overlay-on-terminals')).not.toBeNull();\n\n      at Object.<anonymous> (src/components/__tests__/TerminalWorkspacesManager.right-dock.test.jsx:527:94)\n\n  ● TerminalWorkspacesManager right dock › shows terminate swarm action for active workspace launch and posts launch-scoped terminate request\n\n    expect(received).toContain(expected) // indexOf\n\n    Matcher error: received value must not be null nor undefined\n\n    Received has value: undefined\n\n      696 |     expect(\n      697 |       view.container.querySelector('[data-testid=\"workspace-swarm-terminate-summary\"]')?.textContent\n    > 698 |     ).toContain('Terminal swarm');\n          |       ^\n      699 |\n      700 |     await click(view.container.querySelector('[data-testid=\"workspace-swarm-terminate-button\"]'));\n      701 |\n\n      at Object.<anonymous> (src/components/__tests__/TerminalWorkspacesManager.right-dock.test.jsx:698:7)\n\n  ● TerminalWorkspacesManager right dock › batches swarm runtime requests into a dedicated workspace instead of replacing the same split\n\n    expect(received).toHaveLength(expected)\n\n    Expected length: 5\n    Received length: 1\n    Received object: [<div data-testid=\"terminal-p1\"><span>p1</span><span data-testid=\"terminal-visible-p1\">visible</span><span data-testid=\"terminal-suspend-p1\">live</span><span data-testid=\"terminal-native-policy-p1\">live</span></div>]\n\n      762 |\n      763 |       const visibleShell = getVisibleWorkspaceShell(view.container);\n    > 764 |       expect(visibleShell?.querySelectorAll('[data-testid^=\"terminal-p\"]')).toHaveLength(5);\n          |                                                                             ^\n      765 |       expect(view.container.textContent).toContain('Lanzar Arranque limpio guiado');\n      766 |\n      767 |       const persistedRuns = JSON.parse(window.localStorage.getItem('devhub_agent_runs') || '{}');\n\n      at Object.<anonymous> (src/components/__tests__/TerminalWorkspacesManager.right-dock.test.jsx:764:77)\n\n  ● TerminalWorkspacesManager right dock › preserves 3-column layout when director arrives first and workers arrive later (two-phase dispatch)\n\n    expect(received).toHaveLength(expected)\n\n    Matcher error: received value must have a length property whose value must be a number\n\n    Received has value: undefined\n\n      857 |       // Director is buffered, no workspace yet\n      858 |       const shellAfterDirector = getVisibleWorkspaceShell(view.container);\n    > 859 |       expect(shellAfterDirector?.querySelectorAll('[data-testid^=\"terminal-p\"]')).toHaveLength(1);\n          |                                                                                   ^\n      860 |\n      861 |       // Phase 2: workers arrive later (simulates deferred fanout batch)\n      862 |       ['coder', 'auditor', 'devops', 'architect'].forEach((role) => {\n\n      at Object.<anonymous> (src/components/__tests__/TerminalWorkspacesManager.right-dock.test.jsx:859:83)\n\n  ● TerminalWorkspacesManager right dock › rehydrates persisted visible editor dock state for the same project\n\n    expect(received).toBe(expected) // Object.is equality\n\n    Expected: \"44\"\n    Received: undefined\n\n      1037 |         .querySelector('[data-testid=\"workspace-right-dock-panel\"]')\n      1038 |         ?.getAttribute('data-panel-size')\n    > 1039 |     ).toBe('44');\n           |       ^\n      1040 |   });\n      1041 |\n      1042 |   test('right dock visibility and tab state stay isolated per workspace', async () => {\n\n      at Object.<anonymous> (src/components/__tests__/TerminalWorkspacesManager.right-dock.test.jsx:1039:7)\n\n  ● TerminalWorkspacesManager right dock › switching to a new workspace keeps a hidden native browser from staying visible on top\n\n    expect(jest.fn()).toHaveBeenCalledWith(...expected)\n\n    Expected: \"native_browser_set_visibility\", {\"request\": ObjectContaining {\"panelId\": \"browser-project-1-ws1\", \"visible\": false}}\n    Received\n           1\n              \"native_browser_probe\",\n              Object {\n            -   \"request\": ObjectContaining {\n            -     \"panelId\": \"browser-project-1-ws1\",\n            -     \"visible\": false,\n            +   \"request\": Object {\n            +     \"panelId\": \"browser-project-1-ws2\",\n            +     \"requestedMode\": \"native-gtk\",\n            +     \"tauriAvailable\": true,\n                },\n              },\n           2\n              \"native_browser_selector_command\",\n              Object {\n            -   \"request\": ObjectContaining {\n            -     \"panelId\": \"browser-project-1-ws1\",\n            -     \"visible\": false,\n            +   \"request\": Object {\n            +     \"action\": \"deactivate\",\n            +     \"panelId\": \"browser-project-1-ws2\",\n                },\n              },\n           3\n              \"native_browser_selector_command\",\n              Object {\n            -   \"request\": ObjectContaining {\n            -     \"panelId\": \"browser-project-1-ws1\",\n            -     \"visible\": false,\n            +   \"request\": Object {\n            +     \"action\": \"clear-selection\",\n            +     \"panelId\": \"browser-project-1-ws2\",\n                },\n              },\n\n    Number of calls: 3\n\n      1126 |     await confirmNewWorkspaceSetup(1);\n      1127 |\n    > 1128 |     expect(mockInvoke).toHaveBeenCalledWith('native_browser_set_visibility', {\n           |                        ^\n      1129 |       request: expect.objectContaining({\n      1130 |         panelId: 'browser-project-1-ws1',\n      1131 |         visible: false,\n\n      at Object.<anonymous> (src/components/__tests__/TerminalWorkspacesManager.right-dock.test.jsx:1128:24)\n\n  ● TerminalWorkspacesManager right dock › rehydrates duplicated workspace window ids with unique replacements before rendering tabs\n\n    expect(received).not.toBeNull()\n\n    Received: null\n\n      1493 |     );\n      1494 |\n    > 1495 |     expect(view.container.querySelector('[data-testid=\"panel-tab-p1\"]')).not.toBeNull();\n           |                                                                              ^\n      1496 |     expect(view.container.querySelector('[data-testid=\"panel-tab-p2\"]')).not.toBeNull();\n      1497 |     await click(view.container.querySelector('[data-testid=\"panel-subtabs-add\"]'));\n      1498 |     expect(view.container.querySelector('[data-testid=\"panel-tab-p3\"]')).not.toBeNull();\n\n      at Object.<anonymous> (src/components/__tests__/TerminalWorkspacesManager.right-dock.test.jsx:1495:78)\n\n  ● TerminalWorkspacesManager right dock › hides the workspace path chip when the subtabs bar gets too narrow and restores it when space returns\n\n    expect(received).not.toBeNull()\n\n    Received: null\n\n      1514 |\n      1515 |     const subtabsBar = view.container.querySelector('[data-testid=\"panel-subtabs-bar\"]');\n    > 1516 |     expect(subtabsBar).not.toBeNull();\n           |                            ^\n      1517 |\n      1518 |     subtabsBar.getBoundingClientRect = () => ({ width: 980 });\n      1519 |     window.dispatchEvent(new window.Event('resize'));\n\n      at Object.<anonymous> (src/components/__tests__/TerminalWorkspacesManager.right-dock.test.jsx:1516:28)\n\n  ● TerminalWorkspacesManager right dock › dock maximize toggles between persisted panel size and full width\n\n    expect(received).toBe(expected) // Object.is equality\n\n    Expected: \"32\"\n    Received: undefined\n\n      1597 |         .querySelector('[data-testid=\"workspace-right-dock-panel\"]')\n      1598 |         ?.getAttribute('data-panel-size')\n    > 1599 |     ).toBe(String(DEFAULT_RIGHT_DOCK_STATE.size));\n           |       ^\n      1600 |\n      1601 |     await click(view.container.querySelector('[data-testid=\"browser-toggle-workspace-maximize\"]'));\n      1602 |     expect(view.container.querySelector('[data-testid=\"workspace-right-dock-panel\"]')).toBeNull();\n\n      at Object.<anonymous> (src/components/__tests__/TerminalWorkspacesManager.right-dock.test.jsx:1599:7)\n\n  ● TerminalWorkspacesManager right dock › measured right dock bounds realign the absolute dock layer after workspace switches\n\n    expect(received).toBe(expected) // Object.is equality\n\n    Expected: \"580px\"\n    Received: \"68%\"\n\n      1765 |     await flushEffects();\n      1766 |\n    > 1767 |     expect(dockLayer.style.left).toBe('580px');\n           |                                  ^\n      1768 |     expect(dockLayer.style.width).toBe('380px');\n      1769 |\n      1770 |     await click(view.container.querySelector('[data-testid=\"workspace-add-button\"]'));\n\n      at Object.<anonymous> (src/components/__tests__/TerminalWorkspacesManager.right-dock.test.jsx:1767:34)\n",
      "name": "D:\\devhub\\src\\components\\__tests__\\TerminalWorkspacesManager.right-dock.test.jsx",
      "startTime": 1783190342428,
      "status": "failed",
      "summary": ""
    },
    {
      "assertionResults": [
        {
          "ancestorTitles": ["renderWorkspacePanel — v2 graveyard flag and mount logic"],
          "failureMessages": [],
          "fullName": "renderWorkspacePanel — v2 graveyard flag and mount logic passes isEngineV2=true for a v2 panel",
          "location": null,
          "status": "passed",
          "title": "passes isEngineV2=true for a v2 panel"
        },
        {
          "ancestorTitles": ["renderWorkspacePanel — v2 graveyard flag and mount logic"],
          "failureMessages": [],
          "fullName": "renderWorkspacePanel — v2 graveyard flag and mount logic passes isEngineV2=false for a legacy panel",
          "location": null,
          "status": "passed",
          "title": "passes isEngineV2=false for a legacy panel"
        },
        {
          "ancestorTitles": ["renderWorkspacePanel — v2 graveyard flag and mount logic"],
          "failureMessages": [],
          "fullName": "renderWorkspacePanel — v2 graveyard flag and mount logic mounts TerminalTTY for a visible v2 panel",
          "location": null,
          "status": "passed",
          "title": "mounts TerminalTTY for a visible v2 panel"
        },
        {
          "ancestorTitles": ["renderWorkspacePanel — v2 graveyard flag and mount logic"],
          "failureMessages": [],
          "fullName": "renderWorkspacePanel — v2 graveyard flag and mount logic renders a stash placeholder instead of TerminalTTY for a hidden v2 panel",
          "location": null,
          "status": "passed",
          "title": "renders a stash placeholder instead of TerminalTTY for a hidden v2 panel"
        },
        {
          "ancestorTitles": ["renderWorkspacePanel — v2 graveyard flag and mount logic"],
          "failureMessages": [],
          "fullName": "renderWorkspacePanel — v2 graveyard flag and mount logic keeps a legacy panel mounted even when hidden",
          "location": null,
          "status": "passed",
          "title": "keeps a legacy panel mounted even when hidden"
        }
      ],
      "endTime": 1783190363173,
      "message": "",
      "name": "D:\\devhub\\src\\components\\__tests__\\TerminalWorkspacesManager.v2graveyard.test.jsx",
      "startTime": 1783190359718,
      "status": "passed",
      "summary": ""
    }
  ],
  "wasInterrupted": false
}
