{
  "numFailedTestSuites": 7,
  "numFailedTests": 83,
  "numPassedTestSuites": 5,
  "numPassedTests": 93,
  "numPendingTestSuites": 0,
  "numPendingTests": 1,
  "numRuntimeErrorTestSuites": 0,
  "numTodoTests": 0,
  "numTotalTestSuites": 12,
  "numTotalTests": 177,
  "openHandles": [],
  "snapshot": {
    "added": 0,
    "didUpdate": false,
    "failure": false,
    "filesAdded": 0,
    "filesRemoved": 0,
    "filesRemovedList": [],
    "filesUnmatched": 0,
    "filesUpdated": 0,
    "matched": 0,
    "total": 0,
    "unchecked": 0,
    "uncheckedKeysByFile": [],
    "unmatched": 0,
    "updated": 0
  },
  "startTime": 1783203933432,
  "success": false,
  "testResults": [
    {
      "assertionResults": [
        {
          "ancestorTitles": ["TerminalWorkspacesManager right dock"],
          "failureMessages": [],
          "fullName": "TerminalWorkspacesManager right dock keeps terminal-only layout by default and exposes dock tab controls without PageHeader",
          "location": null,
          "status": "passed",
          "title": "keeps terminal-only layout by default and exposes dock tab controls without PageHeader"
        },
        {
          "ancestorTitles": ["TerminalWorkspacesManager right dock"],
          "failureMessages": [],
          "fullName": "TerminalWorkspacesManager right dock browser tab shows the dock shell and keeps the switch in the top toolbar",
          "location": null,
          "status": "passed",
          "title": "browser tab shows the dock shell and keeps the switch in the top toolbar"
        },
        {
          "ancestorTitles": ["TerminalWorkspacesManager right dock"],
          "failureMessages": [
            "Error: expect(received).toBe(expected) // Object.is equality\n\nExpected: \"live\"\nReceived: undefined\n    at Object.<anonymous> (D:\\devhub\\src\\components\\__tests__\\TerminalWorkspacesManager.right-dock.test.jsx:437:7)\n    at runNextTicks (node:internal/process/task_queues:64:5)\n    at listOnTimeout (node:internal/timers:567:9)\n    at processTimers (node:internal/timers:541:7)"
          ],
          "fullName": "TerminalWorkspacesManager right dock opening right dock browser side-by-side keeps native terminal policy live",
          "location": null,
          "status": "failed",
          "title": "opening right dock browser side-by-side keeps native terminal policy live"
        },
        {
          "ancestorTitles": ["TerminalWorkspacesManager right dock"],
          "failureMessages": [
            "Error: expect(received).toBe(expected) // Object.is equality\n\nExpected: \"visible\"\nReceived: undefined\n    at Object.<anonymous> (D:\\devhub\\src\\components\\__tests__\\TerminalWorkspacesManager.right-dock.test.jsx:478:96)\n    at runNextTicks (node:internal/process/task_queues:64:5)\n    at listOnTimeout (node:internal/timers:567:9)\n    at processTimers (node:internal/timers:541:7)"
          ],
          "fullName": "TerminalWorkspacesManager right dock pizarra fullscreen marks workspace terminals hidden in layout so native layers can disappear",
          "location": null,
          "status": "failed",
          "title": "pizarra fullscreen marks workspace terminals hidden in layout so native layers can disappear"
        },
        {
          "ancestorTitles": ["TerminalWorkspacesManager right dock"],
          "failureMessages": [
            "Error: expect(received).toBe(expected) // Object.is equality\n\nExpected: \"live\"\nReceived: undefined\n    at Object.<anonymous> (D:\\devhub\\src\\components\\__tests__\\TerminalWorkspacesManager.right-dock.test.jsx:527:94)\n    at runNextTicks (node:internal/process/task_queues:64:5)\n    at listOnTimeout (node:internal/timers:567:9)\n    at processTimers (node:internal/timers:541:7)"
          ],
          "fullName": "TerminalWorkspacesManager right dock opening swarm wizard suspends native terminal surfaces and renders modal above the terminal layer",
          "location": null,
          "status": "failed",
          "title": "opening swarm wizard suspends native terminal surfaces and renders modal above the terminal layer"
        },
        {
          "ancestorTitles": ["TerminalWorkspacesManager right dock"],
          "failureMessages": [],
          "fullName": "TerminalWorkspacesManager right dock shows active swarm summary without End swarm button (close workspace to terminate)",
          "location": null,
          "status": "passed",
          "title": "shows active swarm summary without End swarm button (close workspace to terminate)"
        },
        {
          "ancestorTitles": ["TerminalWorkspacesManager right dock"],
          "failureMessages": [],
          "fullName": "TerminalWorkspacesManager right dock shows active swarm summary from cached control snapshot when devhub_agent_runs is empty",
          "location": null,
          "status": "passed",
          "title": "shows active swarm summary from cached control snapshot when devhub_agent_runs is empty"
        },
        {
          "ancestorTitles": ["TerminalWorkspacesManager right dock"],
          "failureMessages": [
            "Error: expect(received).toContain(expected) // indexOf\n\nMatcher error: received value must not be null nor undefined\n\nReceived has value: undefined\n    at Object.<anonymous> (D:\\devhub\\src\\components\\__tests__\\TerminalWorkspacesManager.right-dock.test.jsx:698:7)\n    at runNextTicks (node:internal/process/task_queues:64:5)\n    at listOnTimeout (node:internal/timers:567:9)\n    at processTimers (node:internal/timers:541:7)"
          ],
          "fullName": "TerminalWorkspacesManager right dock shows terminate swarm action for active workspace launch and posts launch-scoped terminate request",
          "location": null,
          "status": "failed",
          "title": "shows terminate swarm action for active workspace launch and posts launch-scoped terminate request"
        },
        {
          "ancestorTitles": ["TerminalWorkspacesManager right dock"],
          "failureMessages": [
            "Error: expect(received).toHaveLength(expected)\n\nExpected length: 5\nReceived length: 1\nReceived object: [<div data-testid=\"terminal-p1\"><span>p1</span><span data-testid=\"terminal-visible-p1\">visible</span><span data-testid=\"terminal-suspend-p1\">live</span><span data-testid=\"terminal-native-policy-p1\">live</span></div>]\n    at Object.<anonymous> (D:\\devhub\\src\\components\\__tests__\\TerminalWorkspacesManager.right-dock.test.jsx:764:77)"
          ],
          "fullName": "TerminalWorkspacesManager right dock batches swarm runtime requests into a dedicated workspace instead of replacing the same split",
          "location": null,
          "status": "failed",
          "title": "batches swarm runtime requests into a dedicated workspace instead of replacing the same split"
        },
        {
          "ancestorTitles": ["TerminalWorkspacesManager right dock"],
          "failureMessages": [],
          "fullName": "TerminalWorkspacesManager right dock materializes all swarm panels in one workspace from a single launch event",
          "location": null,
          "status": "passed",
          "title": "materializes all swarm panels in one workspace from a single launch event"
        },
        {
          "ancestorTitles": ["TerminalWorkspacesManager right dock"],
          "failureMessages": [
            "Error: expect(received).toHaveLength(expected)\n\nMatcher error: received value must have a length property whose value must be a number\n\nReceived has value: undefined\n    at Object.<anonymous> (D:\\devhub\\src\\components\\__tests__\\TerminalWorkspacesManager.right-dock.test.jsx:859:83)"
          ],
          "fullName": "TerminalWorkspacesManager right dock preserves 3-column layout when director arrives first and workers arrive later (two-phase dispatch)",
          "location": null,
          "status": "failed",
          "title": "preserves 3-column layout when director arrives first and workers arrive later (two-phase dispatch)"
        },
        {
          "ancestorTitles": ["TerminalWorkspacesManager right dock"],
          "failureMessages": [],
          "fullName": "TerminalWorkspacesManager right dock opening right dock editor side-by-side keeps native terminal policy live without mutating fullscreen state",
          "location": null,
          "status": "passed",
          "title": "opening right dock editor side-by-side keeps native terminal policy live without mutating fullscreen state"
        },
        {
          "ancestorTitles": ["TerminalWorkspacesManager right dock"],
          "failureMessages": [],
          "fullName": "TerminalWorkspacesManager right dock dock tab buttons toggle visibility when pressing the same tab twice",
          "location": null,
          "status": "passed",
          "title": "dock tab buttons toggle visibility when pressing the same tab twice"
        },
        {
          "ancestorTitles": ["TerminalWorkspacesManager right dock"],
          "failureMessages": [],
          "fullName": "TerminalWorkspacesManager right dock switching to editor reveals the shared pane with contextual subtitle",
          "location": null,
          "status": "passed",
          "title": "switching to editor reveals the shared pane with contextual subtitle"
        },
        {
          "ancestorTitles": ["TerminalWorkspacesManager right dock"],
          "failureMessages": [],
          "fullName": "TerminalWorkspacesManager right dock legacy bridge state hydrates as browser edit mode and persists normalized state",
          "location": null,
          "status": "passed",
          "title": "legacy bridge state hydrates as browser edit mode and persists normalized state"
        },
        {
          "ancestorTitles": ["TerminalWorkspacesManager right dock"],
          "failureMessages": [
            "Error: expect(received).toBe(expected) // Object.is equality\n\nExpected: \"44\"\nReceived: undefined\n    at Object.<anonymous> (D:\\devhub\\src\\components\\__tests__\\TerminalWorkspacesManager.right-dock.test.jsx:1039:7)\n    at runNextTicks (node:internal/process/task_queues:64:5)\n    at listOnTimeout (node:internal/timers:567:9)\n    at processTimers (node:internal/timers:541:7)"
          ],
          "fullName": "TerminalWorkspacesManager right dock rehydrates persisted visible editor dock state for the same project",
          "location": null,
          "status": "failed",
          "title": "rehydrates persisted visible editor dock state for the same project"
        },
        {
          "ancestorTitles": ["TerminalWorkspacesManager right dock"],
          "failureMessages": [],
          "fullName": "TerminalWorkspacesManager right dock right dock visibility and tab state stay isolated per workspace",
          "location": null,
          "status": "passed",
          "title": "right dock visibility and tab state stay isolated per workspace"
        },
        {
          "ancestorTitles": ["TerminalWorkspacesManager right dock"],
          "failureMessages": [
            "Error: expect(jest.fn()).toHaveBeenCalledWith(...expected)\n\nExpected: \"native_browser_set_visibility\", {\"request\": ObjectContaining {\"panelId\": \"browser-project-1-ws1\", \"visible\": false}}\nReceived\n       1\n          \"native_browser_probe\",\n          Object {\n        -   \"request\": ObjectContaining {\n        -     \"panelId\": \"browser-project-1-ws1\",\n        -     \"visible\": false,\n        +   \"request\": Object {\n        +     \"panelId\": \"browser-project-1-ws2\",\n        +     \"requestedMode\": \"native-gtk\",\n        +     \"tauriAvailable\": true,\n            },\n          },\n       2\n          \"native_browser_selector_command\",\n          Object {\n        -   \"request\": ObjectContaining {\n        -     \"panelId\": \"browser-project-1-ws1\",\n        -     \"visible\": false,\n        +   \"request\": Object {\n        +     \"action\": \"deactivate\",\n        +     \"panelId\": \"browser-project-1-ws2\",\n            },\n          },\n       3\n          \"native_browser_selector_command\",\n          Object {\n        -   \"request\": ObjectContaining {\n        -     \"panelId\": \"browser-project-1-ws1\",\n        -     \"visible\": false,\n        +   \"request\": Object {\n        +     \"action\": \"clear-selection\",\n        +     \"panelId\": \"browser-project-1-ws2\",\n            },\n          },\n\nNumber of calls: 3\n    at Object.<anonymous> (D:\\devhub\\src\\components\\__tests__\\TerminalWorkspacesManager.right-dock.test.jsx:1128:24)\n    at runNextTicks (node:internal/process/task_queues:64:5)\n    at processTimers (node:internal/timers:538:9)"
          ],
          "fullName": "TerminalWorkspacesManager right dock switching to a new workspace keeps a hidden native browser from staying visible on top",
          "location": null,
          "status": "failed",
          "title": "switching to a new workspace keeps a hidden native browser from staying visible on top"
        },
        {
          "ancestorTitles": ["TerminalWorkspacesManager right dock"],
          "failureMessages": [],
          "fullName": "TerminalWorkspacesManager right dock keeps a single shared editor dock mounted while switching ws1 → ws2 → ws1",
          "location": null,
          "status": "passed",
          "title": "keeps a single shared editor dock mounted while switching ws1 → ws2 → ws1"
        },
        {
          "ancestorTitles": ["TerminalWorkspacesManager right dock"],
          "failureMessages": [],
          "fullName": "TerminalWorkspacesManager right dock shows a workspace browser indicator and lets the user close the dedicated browser state from the top toolbar",
          "location": null,
          "status": "passed",
          "title": "shows a workspace browser indicator and lets the user close the dedicated browser state from the top toolbar"
        },
        {
          "ancestorTitles": ["TerminalWorkspacesManager right dock"],
          "failureMessages": [],
          "fullName": "TerminalWorkspacesManager right dock browser tab submits localhost urls, navigates back-forward, and reload remounts the iframe",
          "location": null,
          "status": "passed",
          "title": "browser tab submits localhost urls, navigates back-forward, and reload remounts the iframe"
        },
        {
          "ancestorTitles": ["TerminalWorkspacesManager right dock"],
          "failureMessages": [],
          "fullName": "TerminalWorkspacesManager right dock does not preemptively block localhost:3100 with framing warning",
          "location": null,
          "status": "passed",
          "title": "does not preemptively block localhost:3100 with framing warning"
        },
        {
          "ancestorTitles": ["TerminalWorkspacesManager right dock"],
          "failureMessages": [],
          "fullName": "TerminalWorkspacesManager right dock browser pane uses an isolated solid viewport shell for smoother embedded rendering",
          "location": null,
          "status": "passed",
          "title": "browser pane uses an isolated solid viewport shell for smoother embedded rendering"
        },
        {
          "ancestorTitles": ["TerminalWorkspacesManager right dock"],
          "failureMessages": [],
          "fullName": "TerminalWorkspacesManager right dock browser toolbar exposes an explicit maximize toggle for workspace-only browser mode",
          "location": null,
          "status": "passed",
          "title": "browser toolbar exposes an explicit maximize toggle for workspace-only browser mode"
        },
        {
          "ancestorTitles": ["TerminalWorkspacesManager right dock"],
          "failureMessages": [],
          "fullName": "TerminalWorkspacesManager right dock keeps the same browser iframe mounted when switching between browser and editor tabs",
          "location": null,
          "status": "passed",
          "title": "keeps the same browser iframe mounted when switching between browser and editor tabs"
        },
        {
          "ancestorTitles": ["TerminalWorkspacesManager right dock"],
          "failureMessages": [],
          "fullName": "TerminalWorkspacesManager right dock keeps the same browser iframe mounted while toggling browser and terminal fullscreen views",
          "location": null,
          "status": "passed",
          "title": "keeps the same browser iframe mounted while toggling browser and terminal fullscreen views"
        },
        {
          "ancestorTitles": ["TerminalWorkspacesManager right dock"],
          "failureMessages": [],
          "fullName": "TerminalWorkspacesManager right dock browser maximized mode exposes workspace window tabs so terminal views remain reachable",
          "location": null,
          "status": "passed",
          "title": "browser maximized mode exposes workspace window tabs so terminal views remain reachable"
        },
        {
          "ancestorTitles": ["TerminalWorkspacesManager right dock"],
          "failureMessages": [
            "Error: expect(received).not.toBeNull()\n\nReceived: null\n    at Object.<anonymous> (D:\\devhub\\src\\components\\__tests__\\TerminalWorkspacesManager.right-dock.test.jsx:1495:78)\n    at runNextTicks (node:internal/process/task_queues:64:5)\n    at listOnTimeout (node:internal/timers:567:9)\n    at processTimers (node:internal/timers:541:7)"
          ],
          "fullName": "TerminalWorkspacesManager right dock rehydrates duplicated workspace window ids with unique replacements before rendering tabs",
          "location": null,
          "status": "failed",
          "title": "rehydrates duplicated workspace window ids with unique replacements before rendering tabs"
        },
        {
          "ancestorTitles": ["TerminalWorkspacesManager right dock"],
          "failureMessages": [
            "Error: expect(received).not.toBeNull()\n\nReceived: null\n    at Object.<anonymous> (D:\\devhub\\src\\components\\__tests__\\TerminalWorkspacesManager.right-dock.test.jsx:1516:28)\n    at runNextTicks (node:internal/process/task_queues:64:5)\n    at listOnTimeout (node:internal/timers:567:9)\n    at processTimers (node:internal/timers:541:7)"
          ],
          "fullName": "TerminalWorkspacesManager right dock hides the workspace path chip when the subtabs bar gets too narrow and restores it when space returns",
          "location": null,
          "status": "failed",
          "title": "hides the workspace path chip when the subtabs bar gets too narrow and restores it when space returns"
        },
        {
          "ancestorTitles": ["TerminalWorkspacesManager right dock"],
          "failureMessages": [],
          "fullName": "TerminalWorkspacesManager right dock active tab in right-dock tab strip has 1px accent inner border",
          "location": null,
          "status": "passed",
          "title": "active tab in right-dock tab strip has 1px accent inner border"
        },
        {
          "ancestorTitles": ["TerminalWorkspacesManager right dock"],
          "failureMessages": [],
          "fullName": "TerminalWorkspacesManager right dock inactive tabs in right-dock tab strip do not have accent border",
          "location": null,
          "status": "passed",
          "title": "inactive tabs in right-dock tab strip do not have accent border"
        },
        {
          "ancestorTitles": ["TerminalWorkspacesManager right dock"],
          "failureMessages": [
            "Error: expect(received).toBe(expected) // Object.is equality\n\nExpected: \"32\"\nReceived: undefined\n    at Object.<anonymous> (D:\\devhub\\src\\components\\__tests__\\TerminalWorkspacesManager.right-dock.test.jsx:1599:7)\n    at runNextTicks (node:internal/process/task_queues:64:5)\n    at processTimers (node:internal/timers:538:9)"
          ],
          "fullName": "TerminalWorkspacesManager right dock dock maximize toggles between persisted panel size and full width",
          "location": null,
          "status": "failed",
          "title": "dock maximize toggles between persisted panel size and full width"
        },
        {
          "ancestorTitles": ["TerminalWorkspacesManager right dock"],
          "failureMessages": [],
          "fullName": "TerminalWorkspacesManager right dock dock drag overlay never blocks editor interactions and clears after pointer release",
          "location": null,
          "status": "passed",
          "title": "dock drag overlay never blocks editor interactions and clears after pointer release"
        },
        {
          "ancestorTitles": ["TerminalWorkspacesManager right dock"],
          "failureMessages": [],
          "fullName": "TerminalWorkspacesManager right dock right dock layout placeholder never captures pointer events above the real dock layer",
          "location": null,
          "status": "passed",
          "title": "right dock layout placeholder never captures pointer events above the real dock layer"
        },
        {
          "ancestorTitles": ["TerminalWorkspacesManager right dock"],
          "failureMessages": [],
          "fullName": "TerminalWorkspacesManager right dock resolveRightDockLayerStyle anchors the dock to measured placeholder bounds when available",
          "location": null,
          "status": "passed",
          "title": "resolveRightDockLayerStyle anchors the dock to measured placeholder bounds when available"
        },
        {
          "ancestorTitles": ["TerminalWorkspacesManager right dock"],
          "failureMessages": [],
          "fullName": "TerminalWorkspacesManager right dock resolveMeasuredRightDockBounds derives exact left and width from the real placeholder rect",
          "location": null,
          "status": "passed",
          "title": "resolveMeasuredRightDockBounds derives exact left and width from the real placeholder rect"
        },
        {
          "ancestorTitles": ["TerminalWorkspacesManager right dock"],
          "failureMessages": [
            "Error: expect(received).toBe(expected) // Object.is equality\n\nExpected: \"580px\"\nReceived: \"68%\"\n    at Object.<anonymous> (D:\\devhub\\src\\components\\__tests__\\TerminalWorkspacesManager.right-dock.test.jsx:1767:34)\n    at runNextTicks (node:internal/process/task_queues:64:5)\n    at processTimers (node:internal/timers:538:9)"
          ],
          "fullName": "TerminalWorkspacesManager right dock measured right dock bounds realign the absolute dock layer after workspace switches",
          "location": null,
          "status": "failed",
          "title": "measured right dock bounds realign the absolute dock layer after workspace switches"
        },
        {
          "ancestorTitles": ["TerminalWorkspacesManager right dock"],
          "failureMessages": [],
          "fullName": "TerminalWorkspacesManager right dock browser tab resolves free-text input into a searchable web url",
          "location": null,
          "status": "passed",
          "title": "browser tab resolves free-text input into a searchable web url"
        },
        {
          "ancestorTitles": ["TerminalWorkspacesManager right dock"],
          "failureMessages": [],
          "fullName": "TerminalWorkspacesManager right dock browser tab defaults plain domains to https navigation",
          "location": null,
          "status": "passed",
          "title": "browser tab defaults plain domains to https navigation"
        },
        {
          "ancestorTitles": ["TerminalWorkspacesManager right dock"],
          "failureMessages": [],
          "fullName": "TerminalWorkspacesManager right dock shows a visible localhost error state instead of leaving the browser blank",
          "location": null,
          "status": "passed",
          "title": "shows a visible localhost error state instead of leaving the browser blank"
        },
        {
          "ancestorTitles": ["TerminalWorkspacesManager right dock"],
          "failureMessages": [],
          "fullName": "TerminalWorkspacesManager right dock rendering the visible right dock does not emit React key warnings",
          "location": null,
          "status": "passed",
          "title": "rendering the visible right dock does not emit React key warnings"
        },
        {
          "ancestorTitles": ["TerminalWorkspacesManager right dock"],
          "failureMessages": [],
          "fullName": "TerminalWorkspacesManager right dock right dock browser state stays mounted across slower timer advances",
          "location": null,
          "status": "passed",
          "title": "right dock browser state stays mounted across slower timer advances"
        }
      ],
      "endTime": 1783203941240,
      "message": "  ● TerminalWorkspacesManager right dock › opening right dock browser side-by-side keeps native terminal policy live\n\n    expect(received).toBe(expected) // Object.is equality\n\n    Expected: \"live\"\n    Received: undefined\n\n      435 |     expect(\n      436 |       view.container.querySelector('[data-testid=\"terminal-native-policy-p1\"]')?.textContent\n    > 437 |     ).toBe('live');\n          |       ^\n      438 |\n      439 |     await click(view.container.querySelector('[data-testid=\"right-dock-tab-browser\"]'));\n      440 |\n\n      at Object.<anonymous> (src/components/__tests__/TerminalWorkspacesManager.right-dock.test.jsx:437:7)\n\n  ● TerminalWorkspacesManager right dock › pizarra fullscreen marks workspace terminals hidden in layout so native layers can disappear\n\n    expect(received).toBe(expected) // Object.is equality\n\n    Expected: \"visible\"\n    Received: undefined\n\n      476 |       );\n      477 |\n    > 478 |       expect(view.container.querySelector('[data-testid=\"terminal-visible-p1\"]')?.textContent).toBe(\n          |                                                                                                ^\n      479 |         'visible'\n      480 |       );\n      481 |       expect(view.container.querySelector('[data-testid=\"terminal-suspend-p1\"]')?.textContent).toBe(\n\n      at Object.<anonymous> (src/components/__tests__/TerminalWorkspacesManager.right-dock.test.jsx:478:96)\n\n  ● TerminalWorkspacesManager right dock › opening swarm wizard suspends native terminal surfaces and renders modal above the terminal layer\n\n    expect(received).toBe(expected) // Object.is equality\n\n    Expected: \"live\"\n    Received: undefined\n\n      525 |     );\n      526 |\n    > 527 |     expect(view.container.querySelector('[data-testid=\"terminal-suspend-p1\"]')?.textContent).toBe(\n          |                                                                                              ^\n      528 |       'live'\n      529 |     );\n      530 |     expect(document.getElementById('devhub-hide-next-dev-overlay-on-terminals')).not.toBeNull();\n\n      at Object.<anonymous> (src/components/__tests__/TerminalWorkspacesManager.right-dock.test.jsx:527:94)\n\n  ● TerminalWorkspacesManager right dock › shows terminate swarm action for active workspace launch and posts launch-scoped terminate request\n\n    expect(received).toContain(expected) // indexOf\n\n    Matcher error: received value must not be null nor undefined\n\n    Received has value: undefined\n\n      696 |     expect(\n      697 |       view.container.querySelector('[data-testid=\"workspace-swarm-terminate-summary\"]')?.textContent\n    > 698 |     ).toContain('Terminal swarm');\n          |       ^\n      699 |\n      700 |     await click(view.container.querySelector('[data-testid=\"workspace-swarm-terminate-button\"]'));\n      701 |\n\n      at Object.<anonymous> (src/components/__tests__/TerminalWorkspacesManager.right-dock.test.jsx:698:7)\n\n  ● TerminalWorkspacesManager right dock › batches swarm runtime requests into a dedicated workspace instead of replacing the same split\n\n    expect(received).toHaveLength(expected)\n\n    Expected length: 5\n    Received length: 1\n    Received object: [<div data-testid=\"terminal-p1\"><span>p1</span><span data-testid=\"terminal-visible-p1\">visible</span><span data-testid=\"terminal-suspend-p1\">live</span><span data-testid=\"terminal-native-policy-p1\">live</span></div>]\n\n      762 |\n      763 |       const visibleShell = getVisibleWorkspaceShell(view.container);\n    > 764 |       expect(visibleShell?.querySelectorAll('[data-testid^=\"terminal-p\"]')).toHaveLength(5);\n          |                                                                             ^\n      765 |       expect(view.container.textContent).toContain('Lanzar Arranque limpio guiado');\n      766 |\n      767 |       const persistedRuns = JSON.parse(window.localStorage.getItem('devhub_agent_runs') || '{}');\n\n      at Object.<anonymous> (src/components/__tests__/TerminalWorkspacesManager.right-dock.test.jsx:764:77)\n\n  ● TerminalWorkspacesManager right dock › preserves 3-column layout when director arrives first and workers arrive later (two-phase dispatch)\n\n    expect(received).toHaveLength(expected)\n\n    Matcher error: received value must have a length property whose value must be a number\n\n    Received has value: undefined\n\n      857 |       // Director is buffered, no workspace yet\n      858 |       const shellAfterDirector = getVisibleWorkspaceShell(view.container);\n    > 859 |       expect(shellAfterDirector?.querySelectorAll('[data-testid^=\"terminal-p\"]')).toHaveLength(1);\n          |                                                                                   ^\n      860 |\n      861 |       // Phase 2: workers arrive later (simulates deferred fanout batch)\n      862 |       ['coder', 'auditor', 'devops', 'architect'].forEach((role) => {\n\n      at Object.<anonymous> (src/components/__tests__/TerminalWorkspacesManager.right-dock.test.jsx:859:83)\n\n  ● TerminalWorkspacesManager right dock › rehydrates persisted visible editor dock state for the same project\n\n    expect(received).toBe(expected) // Object.is equality\n\n    Expected: \"44\"\n    Received: undefined\n\n      1037 |         .querySelector('[data-testid=\"workspace-right-dock-panel\"]')\n      1038 |         ?.getAttribute('data-panel-size')\n    > 1039 |     ).toBe('44');\n           |       ^\n      1040 |   });\n      1041 |\n      1042 |   test('right dock visibility and tab state stay isolated per workspace', async () => {\n\n      at Object.<anonymous> (src/components/__tests__/TerminalWorkspacesManager.right-dock.test.jsx:1039:7)\n\n  ● TerminalWorkspacesManager right dock › switching to a new workspace keeps a hidden native browser from staying visible on top\n\n    expect(jest.fn()).toHaveBeenCalledWith(...expected)\n\n    Expected: \"native_browser_set_visibility\", {\"request\": ObjectContaining {\"panelId\": \"browser-project-1-ws1\", \"visible\": false}}\n    Received\n           1\n              \"native_browser_probe\",\n              Object {\n            -   \"request\": ObjectContaining {\n            -     \"panelId\": \"browser-project-1-ws1\",\n            -     \"visible\": false,\n            +   \"request\": Object {\n            +     \"panelId\": \"browser-project-1-ws2\",\n            +     \"requestedMode\": \"native-gtk\",\n            +     \"tauriAvailable\": true,\n                },\n              },\n           2\n              \"native_browser_selector_command\",\n              Object {\n            -   \"request\": ObjectContaining {\n            -     \"panelId\": \"browser-project-1-ws1\",\n            -     \"visible\": false,\n            +   \"request\": Object {\n            +     \"action\": \"deactivate\",\n            +     \"panelId\": \"browser-project-1-ws2\",\n                },\n              },\n           3\n              \"native_browser_selector_command\",\n              Object {\n            -   \"request\": ObjectContaining {\n            -     \"panelId\": \"browser-project-1-ws1\",\n            -     \"visible\": false,\n            +   \"request\": Object {\n            +     \"action\": \"clear-selection\",\n            +     \"panelId\": \"browser-project-1-ws2\",\n                },\n              },\n\n    Number of calls: 3\n\n      1126 |     await confirmNewWorkspaceSetup(1);\n      1127 |\n    > 1128 |     expect(mockInvoke).toHaveBeenCalledWith('native_browser_set_visibility', {\n           |                        ^\n      1129 |       request: expect.objectContaining({\n      1130 |         panelId: 'browser-project-1-ws1',\n      1131 |         visible: false,\n\n      at Object.<anonymous> (src/components/__tests__/TerminalWorkspacesManager.right-dock.test.jsx:1128:24)\n\n  ● TerminalWorkspacesManager right dock › rehydrates duplicated workspace window ids with unique replacements before rendering tabs\n\n    expect(received).not.toBeNull()\n\n    Received: null\n\n      1493 |     );\n      1494 |\n    > 1495 |     expect(view.container.querySelector('[data-testid=\"panel-tab-p1\"]')).not.toBeNull();\n           |                                                                              ^\n      1496 |     expect(view.container.querySelector('[data-testid=\"panel-tab-p2\"]')).not.toBeNull();\n      1497 |     await click(view.container.querySelector('[data-testid=\"panel-subtabs-add\"]'));\n      1498 |     expect(view.container.querySelector('[data-testid=\"panel-tab-p3\"]')).not.toBeNull();\n\n      at Object.<anonymous> (src/components/__tests__/TerminalWorkspacesManager.right-dock.test.jsx:1495:78)\n\n  ● TerminalWorkspacesManager right dock › hides the workspace path chip when the subtabs bar gets too narrow and restores it when space returns\n\n    expect(received).not.toBeNull()\n\n    Received: null\n\n      1514 |\n      1515 |     const subtabsBar = view.container.querySelector('[data-testid=\"panel-subtabs-bar\"]');\n    > 1516 |     expect(subtabsBar).not.toBeNull();\n           |                            ^\n      1517 |\n      1518 |     subtabsBar.getBoundingClientRect = () => ({ width: 980 });\n      1519 |     window.dispatchEvent(new window.Event('resize'));\n\n      at Object.<anonymous> (src/components/__tests__/TerminalWorkspacesManager.right-dock.test.jsx:1516:28)\n\n  ● TerminalWorkspacesManager right dock › dock maximize toggles between persisted panel size and full width\n\n    expect(received).toBe(expected) // Object.is equality\n\n    Expected: \"32\"\n    Received: undefined\n\n      1597 |         .querySelector('[data-testid=\"workspace-right-dock-panel\"]')\n      1598 |         ?.getAttribute('data-panel-size')\n    > 1599 |     ).toBe(String(DEFAULT_RIGHT_DOCK_STATE.size));\n           |       ^\n      1600 |\n      1601 |     await click(view.container.querySelector('[data-testid=\"browser-toggle-workspace-maximize\"]'));\n      1602 |     expect(view.container.querySelector('[data-testid=\"workspace-right-dock-panel\"]')).toBeNull();\n\n      at Object.<anonymous> (src/components/__tests__/TerminalWorkspacesManager.right-dock.test.jsx:1599:7)\n\n  ● TerminalWorkspacesManager right dock › measured right dock bounds realign the absolute dock layer after workspace switches\n\n    expect(received).toBe(expected) // Object.is equality\n\n    Expected: \"580px\"\n    Received: \"68%\"\n\n      1765 |     await flushEffects();\n      1766 |\n    > 1767 |     expect(dockLayer.style.left).toBe('580px');\n           |                                  ^\n      1768 |     expect(dockLayer.style.width).toBe('380px');\n      1769 |\n      1770 |     await click(view.container.querySelector('[data-testid=\"workspace-add-button\"]'));\n\n      at Object.<anonymous> (src/components/__tests__/TerminalWorkspacesManager.right-dock.test.jsx:1767:34)\n",
      "name": "D:\\devhub\\src\\components\\__tests__\\TerminalWorkspacesManager.right-dock.test.jsx",
      "startTime": 1783203933475,
      "status": "failed",
      "summary": ""
    },
    {
      "assertionResults": [
        {
          "ancestorTitles": ["TerminalWorkspacesManager reopen menu"],
          "failureMessages": [],
          "fullName": "TerminalWorkspacesManager reopen menu shows loading state without indefinite spinner text when catalog is loading",
          "location": null,
          "status": "passed",
          "title": "shows loading state without indefinite spinner text when catalog is loading"
        },
        {
          "ancestorTitles": ["TerminalWorkspacesManager reopen menu"],
          "failureMessages": [],
          "fullName": "TerminalWorkspacesManager reopen menu shows empty state when no durable sessions are available",
          "location": null,
          "status": "passed",
          "title": "shows empty state when no durable sessions are available"
        },
        {
          "ancestorTitles": ["TerminalWorkspacesManager reopen menu"],
          "failureMessages": [],
          "fullName": "TerminalWorkspacesManager reopen menu shows deterministic error state with retry action",
          "location": null,
          "status": "passed",
          "title": "shows deterministic error state with retry action"
        },
        {
          "ancestorTitles": ["TerminalWorkspacesManager reopen menu"],
          "failureMessages": [],
          "fullName": "TerminalWorkspacesManager reopen menu renders the same resumable sessions in topbar reopen dropdown",
          "location": null,
          "status": "passed",
          "title": "renders the same resumable sessions in topbar reopen dropdown"
        },
        {
          "ancestorTitles": ["TerminalWorkspacesManager reopen menu"],
          "failureMessages": [
            "Error: expect(received).toBe(expected) // Object.is equality\n\nExpected: 1\nReceived: 0\n    at Object.<anonymous> (D:\\devhub\\src\\components\\__tests__\\TerminalWorkspacesManager.reopen.test.jsx:285:32)\n    at runNextTicks (node:internal/process/task_queues:64:5)\n    at processTimers (node:internal/timers:538:9)"
          ],
          "fullName": "TerminalWorkspacesManager reopen menu reopens an OpenCode session in exactly one new panel and records the run",
          "location": null,
          "status": "failed",
          "title": "reopens an OpenCode session in exactly one new panel and records the run"
        },
        {
          "ancestorTitles": ["TerminalWorkspacesManager reopen menu"],
          "failureMessages": [],
          "fullName": "TerminalWorkspacesManager reopen menu keeps topbar Reopen dropdown in sync through timeout retry recovery",
          "location": null,
          "status": "passed",
          "title": "keeps topbar Reopen dropdown in sync through timeout retry recovery"
        },
        {
          "ancestorTitles": ["TerminalWorkspacesManager reopen menu"],
          "failureMessages": [
            "Error: expect(received).toHaveLength(expected)\n\nExpected length: 1\nReceived length: 0\nReceived array:  []\n    at Object.<anonymous> (D:\\devhub\\src\\components\\__tests__\\TerminalWorkspacesManager.reopen.test.jsx:341:26)\n    at runNextTicks (node:internal/process/task_queues:64:5)\n    at listOnTimeout (node:internal/timers:567:9)\n    at processTimers (node:internal/timers:541:7)"
          ],
          "fullName": "TerminalWorkspacesManager reopen menu shows deterministic failure instead of leaving a blank substitute panel when reopen exits immediately",
          "location": null,
          "status": "failed",
          "title": "shows deterministic failure instead of leaving a blank substitute panel when reopen exits immediately"
        },
        {
          "ancestorTitles": ["TerminalWorkspacesManager reopen menu"],
          "failureMessages": [
            "Error: expect(received).toBe(expected) // Object.is equality\n\nExpected: \"grok\"\nReceived: undefined\n    at Object.<anonymous> (D:\\devhub\\src\\components\\__tests__\\TerminalWorkspacesManager.reopen.test.jsx:406:56)"
          ],
          "fullName": "TerminalWorkspacesManager reopen menu does not apply OpenCode session detect to unrelated grok panels",
          "location": null,
          "status": "failed",
          "title": "does not apply OpenCode session detect to unrelated grok panels"
        },
        {
          "ancestorTitles": ["TerminalWorkspacesManager reopen menu"],
          "failureMessages": [
            "Error: expect(received).toBe(expected) // Object.is equality\n\nExpected: \"opencode --session oc-reboot-1\"\nReceived: undefined\n    at Object.<anonymous> (D:\\devhub\\src\\components\\__tests__\\TerminalWorkspacesManager.reopen.test.jsx:439:60)\n    at runNextTicks (node:internal/process/task_queues:64:5)\n    at listOnTimeout (node:internal/timers:567:9)\n    at processTimers (node:internal/timers:541:7)"
          ],
          "fullName": "TerminalWorkspacesManager reopen menu restores persisted OpenCode session command after reboot-style reload",
          "location": null,
          "status": "failed",
          "title": "restores persisted OpenCode session command after reboot-style reload"
        },
        {
          "ancestorTitles": ["TerminalWorkspacesManager reopen menu"],
          "failureMessages": [],
          "fullName": "TerminalWorkspacesManager reopen menu dispatches one relaunch event from startup restore plan when runtime has no live terminal",
          "location": null,
          "status": "passed",
          "title": "dispatches one relaunch event from startup restore plan when runtime has no live terminal"
        },
        {
          "ancestorTitles": ["TerminalWorkspacesManager reopen menu"],
          "failureMessages": [
            "Error: expect(received).toBe(expected) // Object.is equality\n\nExpected: \"xterm\"\nReceived: undefined\n    at Object.<anonymous> (D:\\devhub\\src\\components\\__tests__\\TerminalWorkspacesManager.reopen.test.jsx:543:61)\n    at runNextTicks (node:internal/process/task_queues:64:5)\n    at listOnTimeout (node:internal/timers:567:9)\n    at processTimers (node:internal/timers:541:7)"
          ],
          "fullName": "TerminalWorkspacesManager reopen menu migrates legacy Ghostty renderer preference to xterm on reload",
          "location": null,
          "status": "failed",
          "title": "migrates legacy Ghostty renderer preference to xterm on reload"
        },
        {
          "ancestorTitles": ["TerminalWorkspacesManager reopen menu"],
          "failureMessages": [
            "Error: expect(received).not.toBeNull()\n\nReceived: null\n    at Object.<anonymous> (D:\\devhub\\src\\components\\__tests__\\TerminalWorkspacesManager.reopen.test.jsx:586:34)"
          ],
          "fullName": "TerminalWorkspacesManager reopen menu keeps restored OpenCode command persisted after process exit instead of removing the panel",
          "location": null,
          "status": "failed",
          "title": "keeps restored OpenCode command persisted after process exit instead of removing the panel"
        },
        {
          "ancestorTitles": ["TerminalWorkspacesManager reopen menu"],
          "failureMessages": [
            "Error: expect(received).toBe(expected) // Object.is equality\n\nExpected: \"hermes\"\nReceived: undefined\n    at Object.<anonymous> (D:\\devhub\\src\\components\\__tests__\\TerminalWorkspacesManager.reopen.test.jsx:621:60)\n    at runNextTicks (node:internal/process/task_queues:64:5)\n    at listOnTimeout (node:internal/timers:567:9)\n    at processTimers (node:internal/timers:541:7)"
          ],
          "fullName": "TerminalWorkspacesManager reopen menu does not advertise Hermes as reboot-safe resumable history when catalog has no durable sessions",
          "location": null,
          "status": "failed",
          "title": "does not advertise Hermes as reboot-safe resumable history when catalog has no durable sessions"
        },
        {
          "ancestorTitles": ["TerminalWorkspacesManager reopen menu"],
          "failureMessages": [
            "Error: expect(jest.fn()).toHaveBeenCalledWith(...expected)\n\nExpected: \"/api/agenthub/sessions/launch-session-1/binding\", ObjectContaining {\"body\": \"{\\\"workspace_id\\\":\\\"ws-canon-1\\\",\\\"run_id\\\":\\\"run-canon-1\\\",\\\"opencode_session_id\\\":\\\"oc-real-1\\\"}\", \"headers\": {\"Content-Type\": \"application/json\"}, \"method\": \"POST\"}\nReceived\n       1: \"https://devhub.test/api/agenthub/operations/health?project_id=project-1\", {\"cache\": \"no-store\"}\n       2: \"/api/agenthub/operations/health?project_id=project-1\"\n       3: \"/api/agenthub/operations/health?project_id=project-1\"\n\nNumber of calls: 11\n    at Object.<anonymous> (D:\\devhub\\src\\components\\__tests__\\TerminalWorkspacesManager.reopen.test.jsx:687:28)\n    at runNextTicks (node:internal/process/task_queues:64:5)\n    at listOnTimeout (node:internal/timers:567:9)\n    at processTimers (node:internal/timers:541:7)"
          ],
          "fullName": "TerminalWorkspacesManager reopen menu posts canonical binding reconciliation when a swarm launch panel detects a verified OpenCode session",
          "location": null,
          "status": "failed",
          "title": "posts canonical binding reconciliation when a swarm launch panel detects a verified OpenCode session"
        }
      ],
      "endTime": 1783203944214,
      "message": "  ● TerminalWorkspacesManager reopen menu › reopens an OpenCode session in exactly one new panel and records the run\n\n    expect(received).toBe(expected) // Object.is equality\n\n    Expected: 1\n    Received: 0\n\n      283 |     const afterPanels = getRenderedTerminalNodes(view.container);\n      284 |\n    > 285 |     expect(afterPanels.length).toBe(beforePanels.length + 1);\n          |                                ^\n      286 |\n      287 |     const runs = JSON.parse(window.localStorage.getItem('devhub_agent_runs') || '{}');\n      288 |     expect(runs['oc-reopen-oc-99']).toEqual(\n\n      at Object.<anonymous> (src/components/__tests__/TerminalWorkspacesManager.reopen.test.jsx:285:32)\n\n  ● TerminalWorkspacesManager reopen menu › shows deterministic failure instead of leaving a blank substitute panel when reopen exits immediately\n\n    expect(received).toHaveLength(expected)\n\n    Expected length: 1\n    Received length: 0\n    Received array:  []\n\n      339 |\n      340 |     const beforePanels = getRenderedTerminalNodes(view.container);\n    > 341 |     expect(beforePanels).toHaveLength(1);\n          |                          ^\n      342 |     const beforeIds = beforePanels.map((node) => node.textContent);\n      343 |\n      344 |     await click(\n\n      at Object.<anonymous> (src/components/__tests__/TerminalWorkspacesManager.reopen.test.jsx:341:26)\n\n  ● TerminalWorkspacesManager reopen menu › does not apply OpenCode session detect to unrelated grok panels\n\n    expect(received).toBe(expected) // Object.is equality\n\n    Expected: \"grok\"\n    Received: undefined\n\n      404 |\n      405 |     const grokTerminal = view.container.querySelector('[data-testid=\"terminal-p1\"]');\n    > 406 |     expect(grokTerminal?.getAttribute('data-command')).toBe('grok');\n          |                                                        ^\n      407 |   });\n      408 |\n      409 |   test('restores persisted OpenCode session command after reboot-style reload', async () => {\n\n      at Object.<anonymous> (src/components/__tests__/TerminalWorkspacesManager.reopen.test.jsx:406:56)\n\n  ● TerminalWorkspacesManager reopen menu › restores persisted OpenCode session command after reboot-style reload\n\n    expect(received).toBe(expected) // Object.is equality\n\n    Expected: \"opencode --session oc-reboot-1\"\n    Received: undefined\n\n      437 |     const restoredTerminal = view.container.querySelector('[data-testid=\"terminal-p1\"]');\n      438 |\n    > 439 |     expect(restoredTerminal?.getAttribute('data-command')).toBe('opencode --session oc-reboot-1');\n          |                                                            ^\n      440 |   });\n      441 |\n      442 |   test('dispatches one relaunch event from startup restore plan when runtime has no live terminal', async () => {\n\n      at Object.<anonymous> (src/components/__tests__/TerminalWorkspacesManager.reopen.test.jsx:439:60)\n\n  ● TerminalWorkspacesManager reopen menu › migrates legacy Ghostty renderer preference to xterm on reload\n\n    expect(received).toBe(expected) // Object.is equality\n\n    Expected: \"xterm\"\n    Received: undefined\n\n      541 |     const restoredTerminal = view.container.querySelector('[data-testid=\"terminal-p1\"]');\n      542 |\n    > 543 |     expect(restoredTerminal?.getAttribute('data-renderer')).toBe('xterm');\n          |                                                             ^\n      544 |   });\n      545 |\n      546 |   test('keeps restored OpenCode command persisted after process exit instead of removing the panel', async () => {\n\n      at Object.<anonymous> (src/components/__tests__/TerminalWorkspacesManager.reopen.test.jsx:543:61)\n\n  ● TerminalWorkspacesManager reopen menu › keeps restored OpenCode command persisted after process exit instead of removing the panel\n\n    expect(received).not.toBeNull()\n\n    Received: null\n\n      584 |\n      585 |     const restoredTerminal = view.container.querySelector('[data-testid=\"terminal-p1\"]');\n    > 586 |     expect(restoredTerminal).not.toBeNull();\n          |                                  ^\n      587 |     expect(restoredTerminal?.getAttribute('data-command')).toBe('opencode --session oc-reboot-1');\n      588 |     expect(view.container.textContent).not.toContain('Session is no longer available to resume.');\n      589 |   });\n\n      at Object.<anonymous> (src/components/__tests__/TerminalWorkspacesManager.reopen.test.jsx:586:34)\n\n  ● TerminalWorkspacesManager reopen menu › does not advertise Hermes as reboot-safe resumable history when catalog has no durable sessions\n\n    expect(received).toBe(expected) // Object.is equality\n\n    Expected: \"hermes\"\n    Received: undefined\n\n      619 |     const restoredTerminal = view.container.querySelector('[data-testid=\"terminal-p1\"]');\n      620 |\n    > 621 |     expect(restoredTerminal?.getAttribute('data-command')).toBe('hermes');\n          |                                                            ^\n      622 |     expect(view.container.textContent).toContain('No recent sessions found.');\n      623 |     expect(view.container.textContent).not.toContain('Hermes');\n      624 |     expect(view.container.querySelector('[data-testid=\"agent-room-history-item\"]')).toBeNull();\n\n      at Object.<anonymous> (src/components/__tests__/TerminalWorkspacesManager.reopen.test.jsx:621:60)\n\n  ● TerminalWorkspacesManager reopen menu › posts canonical binding reconciliation when a swarm launch panel detects a verified OpenCode session\n\n    expect(jest.fn()).toHaveBeenCalledWith(...expected)\n\n    Expected: \"/api/agenthub/sessions/launch-session-1/binding\", ObjectContaining {\"body\": \"{\\\"workspace_id\\\":\\\"ws-canon-1\\\",\\\"run_id\\\":\\\"run-canon-1\\\",\\\"opencode_session_id\\\":\\\"oc-real-1\\\"}\", \"headers\": {\"Content-Type\": \"application/json\"}, \"method\": \"POST\"}\n    Received\n           1: \"https://devhub.test/api/agenthub/operations/health?project_id=project-1\", {\"cache\": \"no-store\"}\n           2: \"/api/agenthub/operations/health?project_id=project-1\"\n           3: \"/api/agenthub/operations/health?project_id=project-1\"\n\n    Number of calls: 11\n\n      685 |       await flushEffects();\n      686 |\n    > 687 |       expect(global.fetch).toHaveBeenCalledWith(\n          |                            ^\n      688 |         '/api/agenthub/sessions/launch-session-1/binding',\n      689 |         expect.objectContaining({\n      690 |           method: 'POST',\n\n      at Object.<anonymous> (src/components/__tests__/TerminalWorkspacesManager.reopen.test.jsx:687:28)\n",
      "name": "D:\\devhub\\src\\components\\__tests__\\TerminalWorkspacesManager.reopen.test.jsx",
      "startTime": 1783203941499,
      "status": "failed",
      "summary": ""
    },
    {
      "assertionResults": [
        {
          "ancestorTitles": ["TerminalWorkspacesManager — panel sub-tabs bar"],
          "failureMessages": [
            "Error: expect(received).not.toBeNull()\n\nReceived: null\n    at Object.<anonymous> (D:\\devhub\\src\\components\\__tests__\\TerminalWorkspacesManager.panel-subtabs.test.jsx:339:21)\n    at runNextTicks (node:internal/process/task_queues:64:5)\n    at processTimers (node:internal/timers:538:9)"
          ],
          "fullName": "TerminalWorkspacesManager — panel sub-tabs bar renders sub-tabs bar with V1 active on initial load",
          "location": null,
          "status": "failed",
          "title": "renders sub-tabs bar with V1 active on initial load"
        },
        {
          "ancestorTitles": ["TerminalWorkspacesManager — panel sub-tabs bar"],
          "failureMessages": [
            "Error: expect(received).not.toBeNull()\n\nReceived: null\n    at Object.<anonymous> (D:\\devhub\\src\\components\\__tests__\\TerminalWorkspacesManager.panel-subtabs.test.jsx:352:24)\n    at runNextTicks (node:internal/process/task_queues:64:5)\n    at listOnTimeout (node:internal/timers:567:9)\n    at processTimers (node:internal/timers:541:7)"
          ],
          "fullName": "TerminalWorkspacesManager — panel sub-tabs bar + button is enabled when only 1 view exists",
          "location": null,
          "status": "failed",
          "title": "+ button is enabled when only 1 view exists"
        },
        {
          "ancestorTitles": ["TerminalWorkspacesManager — panel sub-tabs bar"],
          "failureMessages": [
            "TypeError: Cannot read properties of null (reading 'dispatchEvent')\n    at D:\\devhub\\src\\components\\__tests__\\TerminalWorkspacesManager.panel-subtabs.test.jsx:244:13\n    at flushSync (D:\\devhub\\node_modules\\.pnpm\\react-dom@19.2.6_react@19.2.6\\node_modules\\react-dom\\cjs\\react-dom.development.js:136:18)\n    at click (D:\\devhub\\src\\components\\__tests__\\TerminalWorkspacesManager.panel-subtabs.test.jsx:243:3)\n    at Object.<anonymous> (D:\\devhub\\src\\components\\__tests__\\TerminalWorkspacesManager.panel-subtabs.test.jsx:362:11)\n    at runNextTicks (node:internal/process/task_queues:64:5)\n    at listOnTimeout (node:internal/timers:567:9)\n    at processTimers (node:internal/timers:541:7)"
          ],
          "fullName": "TerminalWorkspacesManager — panel sub-tabs bar clicking + adds a V2 tab",
          "location": null,
          "status": "failed",
          "title": "clicking + adds a V2 tab"
        },
        {
          "ancestorTitles": ["TerminalWorkspacesManager — panel sub-tabs bar"],
          "failureMessages": [
            "TypeError: Cannot read properties of null (reading 'dispatchEvent')\n    at D:\\devhub\\src\\components\\__tests__\\TerminalWorkspacesManager.panel-subtabs.test.jsx:244:13\n    at flushSync (D:\\devhub\\node_modules\\.pnpm\\react-dom@19.2.6_react@19.2.6\\node_modules\\react-dom\\cjs\\react-dom.development.js:136:18)\n    at click (D:\\devhub\\src\\components\\__tests__\\TerminalWorkspacesManager.panel-subtabs.test.jsx:243:3)\n    at Object.<anonymous> (D:\\devhub\\src\\components\\__tests__\\TerminalWorkspacesManager.panel-subtabs.test.jsx:373:11)\n    at runNextTicks (node:internal/process/task_queues:64:5)\n    at listOnTimeout (node:internal/timers:567:9)\n    at processTimers (node:internal/timers:541:7)"
          ],
          "fullName": "TerminalWorkspacesManager — panel sub-tabs bar V2 tab is focused after clicking +",
          "location": null,
          "status": "failed",
          "title": "V2 tab is focused after clicking +"
        },
        {
          "ancestorTitles": ["TerminalWorkspacesManager — panel sub-tabs bar"],
          "failureMessages": [
            "TypeError: Cannot read properties of null (reading 'dispatchEvent')\n    at D:\\devhub\\src\\components\\__tests__\\TerminalWorkspacesManager.panel-subtabs.test.jsx:244:13\n    at flushSync (D:\\devhub\\node_modules\\.pnpm\\react-dom@19.2.6_react@19.2.6\\node_modules\\react-dom\\cjs\\react-dom.development.js:136:18)\n    at click (D:\\devhub\\src\\components\\__tests__\\TerminalWorkspacesManager.panel-subtabs.test.jsx:243:3)\n    at Object.<anonymous> (D:\\devhub\\src\\components\\__tests__\\TerminalWorkspacesManager.panel-subtabs.test.jsx:383:11)\n    at runNextTicks (node:internal/process/task_queues:64:5)\n    at listOnTimeout (node:internal/timers:567:9)\n    at processTimers (node:internal/timers:541:7)"
          ],
          "fullName": "TerminalWorkspacesManager — panel sub-tabs bar clicking V1 while V2 is active re-activates V1",
          "location": null,
          "status": "failed",
          "title": "clicking V1 while V2 is active re-activates V1"
        },
        {
          "ancestorTitles": ["TerminalWorkspacesManager — panel sub-tabs bar"],
          "failureMessages": [
            "TypeError: Cannot read properties of null (reading 'dispatchEvent')\n    at D:\\devhub\\src\\components\\__tests__\\TerminalWorkspacesManager.panel-subtabs.test.jsx:244:13\n    at flushSync (D:\\devhub\\node_modules\\.pnpm\\react-dom@19.2.6_react@19.2.6\\node_modules\\react-dom\\cjs\\react-dom.development.js:136:18)\n    at click (D:\\devhub\\src\\components\\__tests__\\TerminalWorkspacesManager.panel-subtabs.test.jsx:243:3)\n    at Object.<anonymous> (D:\\devhub\\src\\components\\__tests__\\TerminalWorkspacesManager.panel-subtabs.test.jsx:396:11)\n    at runNextTicks (node:internal/process/task_queues:64:5)\n    at listOnTimeout (node:internal/timers:567:9)\n    at processTimers (node:internal/timers:541:7)"
          ],
          "fullName": "TerminalWorkspacesManager — panel sub-tabs bar + button stays enabled after creating 3 panels",
          "location": null,
          "status": "failed",
          "title": "+ button stays enabled after creating 3 panels"
        },
        {
          "ancestorTitles": ["TerminalWorkspacesManager — panel sub-tabs bar"],
          "failureMessages": [
            "TypeError: Cannot read properties of null (reading 'dispatchEvent')\n    at D:\\devhub\\src\\components\\__tests__\\TerminalWorkspacesManager.panel-subtabs.test.jsx:244:13\n    at flushSync (D:\\devhub\\node_modules\\.pnpm\\react-dom@19.2.6_react@19.2.6\\node_modules\\react-dom\\cjs\\react-dom.development.js:136:18)\n    at click (D:\\devhub\\src\\components\\__tests__\\TerminalWorkspacesManager.panel-subtabs.test.jsx:243:3)\n    at Object.<anonymous> (D:\\devhub\\src\\components\\__tests__\\TerminalWorkspacesManager.panel-subtabs.test.jsx:409:11)\n    at runNextTicks (node:internal/process/task_queues:64:5)\n    at listOnTimeout (node:internal/timers:567:9)\n    at processTimers (node:internal/timers:541:7)"
          ],
          "fullName": "TerminalWorkspacesManager — panel sub-tabs bar allows rendering a 4th panel tab",
          "location": null,
          "status": "failed",
          "title": "allows rendering a 4th panel tab"
        },
        {
          "ancestorTitles": ["TerminalWorkspacesManager — panel sub-tabs bar"],
          "failureMessages": [
            "TypeError: Cannot read properties of null (reading 'querySelector')\n    at Object.<anonymous> (D:\\devhub\\src\\components\\__tests__\\TerminalWorkspacesManager.panel-subtabs.test.jsx:425:25)\n    at runNextTicks (node:internal/process/task_queues:64:5)\n    at listOnTimeout (node:internal/timers:567:9)\n    at processTimers (node:internal/timers:541:7)"
          ],
          "fullName": "TerminalWorkspacesManager — panel sub-tabs bar close button is absent when only 1 view exists",
          "location": null,
          "status": "failed",
          "title": "close button is absent when only 1 view exists"
        },
        {
          "ancestorTitles": ["TerminalWorkspacesManager — panel sub-tabs bar"],
          "failureMessages": [
            "TypeError: Cannot read properties of null (reading 'dispatchEvent')\n    at D:\\devhub\\src\\components\\__tests__\\TerminalWorkspacesManager.panel-subtabs.test.jsx:244:13\n    at flushSync (D:\\devhub\\node_modules\\.pnpm\\react-dom@19.2.6_react@19.2.6\\node_modules\\react-dom\\cjs\\react-dom.development.js:136:18)\n    at click (D:\\devhub\\src\\components\\__tests__\\TerminalWorkspacesManager.panel-subtabs.test.jsx:243:3)\n    at Object.<anonymous> (D:\\devhub\\src\\components\\__tests__\\TerminalWorkspacesManager.panel-subtabs.test.jsx:434:11)\n    at runNextTicks (node:internal/process/task_queues:64:5)\n    at listOnTimeout (node:internal/timers:567:9)\n    at processTimers (node:internal/timers:541:7)"
          ],
          "fullName": "TerminalWorkspacesManager — panel sub-tabs bar close button appears on tabs when 2+ views exist",
          "location": null,
          "status": "failed",
          "title": "close button appears on tabs when 2+ views exist"
        },
        {
          "ancestorTitles": ["TerminalWorkspacesManager — panel sub-tabs bar"],
          "failureMessages": [
            "Error: expect(received).not.toBeNull()\n\nReceived: null\n    at Object.<anonymous> (D:\\devhub\\src\\components\\__tests__\\TerminalWorkspacesManager.panel-subtabs.test.jsx:450:28)\n    at runNextTicks (node:internal/process/task_queues:64:5)\n    at listOnTimeout (node:internal/timers:567:9)\n    at processTimers (node:internal/timers:541:7)"
          ],
          "fullName": "TerminalWorkspacesManager — panel sub-tabs bar renders visible split controls without shortcut hint badges",
          "location": null,
          "status": "failed",
          "title": "renders visible split controls without shortcut hint badges"
        },
        {
          "ancestorTitles": ["TerminalWorkspacesManager — panel sub-tabs bar"],
          "failureMessages": [
            "TypeError: Cannot read properties of null (reading 'dispatchEvent')\n    at D:\\devhub\\src\\components\\__tests__\\TerminalWorkspacesManager.panel-subtabs.test.jsx:244:13\n    at flushSync (D:\\devhub\\node_modules\\.pnpm\\react-dom@19.2.6_react@19.2.6\\node_modules\\react-dom\\cjs\\react-dom.development.js:136:18)\n    at click (D:\\devhub\\src\\components\\__tests__\\TerminalWorkspacesManager.panel-subtabs.test.jsx:243:3)\n    at Object.<anonymous> (D:\\devhub\\src\\components\\__tests__\\TerminalWorkspacesManager.panel-subtabs.test.jsx:469:11)\n    at runNextTicks (node:internal/process/task_queues:64:5)\n    at listOnTimeout (node:internal/timers:567:9)\n    at processTimers (node:internal/timers:541:7)"
          ],
          "fullName": "TerminalWorkspacesManager — panel sub-tabs bar clicking Split Right creates a new column and activates the new panel",
          "location": null,
          "status": "failed",
          "title": "clicking Split Right creates a new column and activates the new panel"
        },
        {
          "ancestorTitles": ["TerminalWorkspacesManager — panel sub-tabs bar"],
          "failureMessages": [
            "TypeError: Cannot read properties of null (reading 'dispatchEvent')\n    at D:\\devhub\\src\\components\\__tests__\\TerminalWorkspacesManager.panel-subtabs.test.jsx:244:13\n    at flushSync (D:\\devhub\\node_modules\\.pnpm\\react-dom@19.2.6_react@19.2.6\\node_modules\\react-dom\\cjs\\react-dom.development.js:136:18)\n    at click (D:\\devhub\\src\\components\\__tests__\\TerminalWorkspacesManager.panel-subtabs.test.jsx:243:3)\n    at Object.<anonymous> (D:\\devhub\\src\\components\\__tests__\\TerminalWorkspacesManager.panel-subtabs.test.jsx:483:11)\n    at runNextTicks (node:internal/process/task_queues:64:5)\n    at listOnTimeout (node:internal/timers:567:9)\n    at processTimers (node:internal/timers:541:7)"
          ],
          "fullName": "TerminalWorkspacesManager — panel sub-tabs bar clicking Split Down stacks a panel in the same column and activates the new panel",
          "location": null,
          "status": "failed",
          "title": "clicking Split Down stacks a panel in the same column and activates the new panel"
        },
        {
          "ancestorTitles": ["TerminalWorkspacesManager — panel sub-tabs bar"],
          "failureMessages": [
            "TypeError: Cannot read properties of null (reading 'dispatchEvent')\n    at D:\\devhub\\src\\components\\__tests__\\TerminalWorkspacesManager.panel-subtabs.test.jsx:244:13\n    at flushSync (D:\\devhub\\node_modules\\.pnpm\\react-dom@19.2.6_react@19.2.6\\node_modules\\react-dom\\cjs\\react-dom.development.js:136:18)\n    at click (D:\\devhub\\src\\components\\__tests__\\TerminalWorkspacesManager.panel-subtabs.test.jsx:243:3)\n    at Object.<anonymous> (D:\\devhub\\src\\components\\__tests__\\TerminalWorkspacesManager.panel-subtabs.test.jsx:498:11)\n    at runNextTicks (node:internal/process/task_queues:64:5)\n    at listOnTimeout (node:internal/timers:567:9)\n    at processTimers (node:internal/timers:541:7)"
          ],
          "fullName": "TerminalWorkspacesManager — panel sub-tabs bar split controls remain enabled after creating multiple views and can keep splitting in the active view",
          "location": null,
          "status": "failed",
          "title": "split controls remain enabled after creating multiple views and can keep splitting in the active view"
        },
        {
          "ancestorTitles": ["TerminalWorkspacesManager — panel sub-tabs bar"],
          "failureMessages": [
            "TypeError: Cannot read properties of null (reading 'dispatchEvent')\n    at D:\\devhub\\src\\components\\__tests__\\TerminalWorkspacesManager.panel-subtabs.test.jsx:244:13\n    at flushSync (D:\\devhub\\node_modules\\.pnpm\\react-dom@19.2.6_react@19.2.6\\node_modules\\react-dom\\cjs\\react-dom.development.js:136:18)\n    at click (D:\\devhub\\src\\components\\__tests__\\TerminalWorkspacesManager.panel-subtabs.test.jsx:243:3)\n    at Object.<anonymous> (D:\\devhub\\src\\components\\__tests__\\TerminalWorkspacesManager.panel-subtabs.test.jsx:521:11)\n    at runNextTicks (node:internal/process/task_queues:64:5)\n    at listOnTimeout (node:internal/timers:567:9)\n    at processTimers (node:internal/timers:541:7)"
          ],
          "fullName": "TerminalWorkspacesManager — panel sub-tabs bar closing V2 removes its tab and leaves V1 active",
          "location": null,
          "status": "failed",
          "title": "closing V2 removes its tab and leaves V1 active"
        },
        {
          "ancestorTitles": ["TerminalWorkspacesManager — panel sub-tabs bar"],
          "failureMessages": [
            "TypeError: Cannot read properties of null (reading 'dispatchEvent')\n    at D:\\devhub\\src\\components\\__tests__\\TerminalWorkspacesManager.panel-subtabs.test.jsx:244:13\n    at flushSync (D:\\devhub\\node_modules\\.pnpm\\react-dom@19.2.6_react@19.2.6\\node_modules\\react-dom\\cjs\\react-dom.development.js:136:18)\n    at click (D:\\devhub\\src\\components\\__tests__\\TerminalWorkspacesManager.panel-subtabs.test.jsx:243:3)\n    at Object.<anonymous> (D:\\devhub\\src\\components\\__tests__\\TerminalWorkspacesManager.panel-subtabs.test.jsx:538:11)\n    at runNextTicks (node:internal/process/task_queues:64:5)\n    at listOnTimeout (node:internal/timers:567:9)\n    at processTimers (node:internal/timers:541:7)"
          ],
          "fullName": "TerminalWorkspacesManager — panel sub-tabs bar closing a split V1 does not transfer its panels into the remaining V2",
          "location": null,
          "status": "failed",
          "title": "closing a split V1 does not transfer its panels into the remaining V2"
        },
        {
          "ancestorTitles": ["TerminalWorkspacesManager — panel sub-tabs bar"],
          "failureMessages": [
            "Error: expect(received).toBe(expected) // Object.is equality\n\nExpected: \"xterm\"\nReceived: undefined\n    at Object.<anonymous> (D:\\devhub\\src\\components\\__tests__\\TerminalWorkspacesManager.panel-subtabs.test.jsx:593:90)\n    at runNextTicks (node:internal/process/task_queues:64:5)\n    at listOnTimeout (node:internal/timers:567:9)\n    at processTimers (node:internal/timers:541:7)"
          ],
          "fullName": "TerminalWorkspacesManager — panel sub-tabs bar stores an explicit renderer selection for the active panel and keeps other panels independent",
          "location": null,
          "status": "failed",
          "title": "stores an explicit renderer selection for the active panel and keeps other panels independent"
        },
        {
          "ancestorTitles": ["TerminalWorkspacesManager — panel sub-tabs bar"],
          "failureMessages": [
            "TypeError: Cannot read properties of null (reading 'dispatchEvent')\n    at D:\\devhub\\src\\components\\__tests__\\TerminalWorkspacesManager.panel-subtabs.test.jsx:244:13\n    at flushSync (D:\\devhub\\node_modules\\.pnpm\\react-dom@19.2.6_react@19.2.6\\node_modules\\react-dom\\cjs\\react-dom.development.js:136:18)\n    at click (D:\\devhub\\src\\components\\__tests__\\TerminalWorkspacesManager.panel-subtabs.test.jsx:243:3)\n    at Object.<anonymous> (D:\\devhub\\src\\components\\__tests__\\TerminalWorkspacesManager.panel-subtabs.test.jsx:626:11)\n    at runNextTicks (node:internal/process/task_queues:64:5)\n    at listOnTimeout (node:internal/timers:567:9)\n    at processTimers (node:internal/timers:541:7)"
          ],
          "fullName": "TerminalWorkspacesManager — panel sub-tabs bar lets the visible terminal recovery action force the active panel back to xterm",
          "location": null,
          "status": "failed",
          "title": "lets the visible terminal recovery action force the active panel back to xterm"
        },
        {
          "ancestorTitles": ["TerminalWorkspacesManager — panel sub-tabs bar"],
          "failureMessages": [
            "Error: expect(received).toBe(expected) // Object.is equality\n\nExpected: \"xterm-webgl\"\nReceived: undefined\n    at Object.<anonymous> (D:\\devhub\\src\\components\\__tests__\\TerminalWorkspacesManager.panel-subtabs.test.jsx:638:90)\n    at runNextTicks (node:internal/process/task_queues:64:5)\n    at listOnTimeout (node:internal/timers:567:9)\n    at processTimers (node:internal/timers:541:7)"
          ],
          "fullName": "TerminalWorkspacesManager — panel sub-tabs bar uses xterm-webgl as the default renderer for fresh workspaces and inherited views",
          "location": null,
          "status": "failed",
          "title": "uses xterm-webgl as the default renderer for fresh workspaces and inherited views"
        },
        {
          "ancestorTitles": ["TerminalWorkspacesManager — panel sub-tabs bar"],
          "failureMessages": [
            "TypeError: Cannot read properties of null (reading 'dispatchEvent')\n    at D:\\devhub\\src\\components\\__tests__\\TerminalWorkspacesManager.panel-subtabs.test.jsx:244:13\n    at flushSync (D:\\devhub\\node_modules\\.pnpm\\react-dom@19.2.6_react@19.2.6\\node_modules\\react-dom\\cjs\\react-dom.development.js:136:18)\n    at click (D:\\devhub\\src\\components\\__tests__\\TerminalWorkspacesManager.panel-subtabs.test.jsx:243:3)\n    at Object.<anonymous> (D:\\devhub\\src\\components\\__tests__\\TerminalWorkspacesManager.panel-subtabs.test.jsx:663:11)\n    at runNextTicks (node:internal/process/task_queues:64:5)\n    at listOnTimeout (node:internal/timers:567:9)\n    at processTimers (node:internal/timers:541:7)"
          ],
          "fullName": "TerminalWorkspacesManager — panel sub-tabs bar persisted workspace default renderer from settings/preferences is reused after reload",
          "location": null,
          "status": "failed",
          "title": "persisted workspace default renderer from settings/preferences is reused after reload"
        },
        {
          "ancestorTitles": ["TerminalWorkspacesManager — panel sub-tabs bar"],
          "failureMessages": [
            "Error: expect(received).toBe(expected) // Object.is equality\n\nExpected: \"xterm\"\nReceived: undefined\n    at Object.<anonymous> (D:\\devhub\\src\\components\\__tests__\\TerminalWorkspacesManager.panel-subtabs.test.jsx:683:90)\n    at runNextTicks (node:internal/process/task_queues:64:5)\n    at listOnTimeout (node:internal/timers:567:9)\n    at processTimers (node:internal/timers:541:7)"
          ],
          "fullName": "TerminalWorkspacesManager — panel sub-tabs bar applies global Settings renderer default when no workspace override exists",
          "location": null,
          "status": "failed",
          "title": "applies global Settings renderer default when no workspace override exists"
        },
        {
          "ancestorTitles": ["TerminalWorkspacesManager — panel sub-tabs bar"],
          "failureMessages": [
            "Error: expect(received).toBe(expected) // Object.is equality\n\nExpected: \"xterm\"\nReceived: undefined\n    at Object.<anonymous> (D:\\devhub\\src\\components\\__tests__\\TerminalWorkspacesManager.panel-subtabs.test.jsx:708:90)\n    at runNextTicks (node:internal/process/task_queues:64:5)\n    at listOnTimeout (node:internal/timers:567:9)\n    at processTimers (node:internal/timers:541:7)"
          ],
          "fullName": "TerminalWorkspacesManager — panel sub-tabs bar keeps explicit panel override independent from workspace default settings",
          "location": null,
          "status": "failed",
          "title": "keeps explicit panel override independent from workspace default settings"
        },
        {
          "ancestorTitles": ["TerminalWorkspacesManager — panel sub-tabs bar"],
          "failureMessages": [],
          "fullName": "TerminalWorkspacesManager — panel sub-tabs bar does not show operational renderer selectors in the terminal header anymore",
          "location": null,
          "status": "passed",
          "title": "does not show operational renderer selectors in the terminal header anymore"
        },
        {
          "ancestorTitles": ["TerminalWorkspacesManager — panel sub-tabs bar"],
          "failureMessages": [
            "TypeError: Cannot read properties of null (reading 'dispatchEvent')\n    at D:\\devhub\\src\\components\\__tests__\\TerminalWorkspacesManager.panel-subtabs.test.jsx:244:13\n    at flushSync (D:\\devhub\\node_modules\\.pnpm\\react-dom@19.2.6_react@19.2.6\\node_modules\\react-dom\\cjs\\react-dom.development.js:136:18)\n    at click (D:\\devhub\\src\\components\\__tests__\\TerminalWorkspacesManager.panel-subtabs.test.jsx:243:3)\n    at Object.<anonymous> (D:\\devhub\\src\\components\\__tests__\\TerminalWorkspacesManager.panel-subtabs.test.jsx:731:11)\n    at runNextTicks (node:internal/process/task_queues:64:5)\n    at listOnTimeout (node:internal/timers:567:9)\n    at processTimers (node:internal/timers:541:7)"
          ],
          "fullName": "TerminalWorkspacesManager — panel sub-tabs bar marks only the active panel as native-eligible when switching between views",
          "location": null,
          "status": "failed",
          "title": "marks only the active panel as native-eligible when switching between views"
        }
      ],
      "endTime": 1783203945887,
      "message": "  ● TerminalWorkspacesManager — panel sub-tabs bar › renders sub-tabs bar with V1 active on initial load\n\n    expect(received).not.toBeNull()\n\n    Received: null\n\n      337 |\n      338 |     const bar = getSubtabsBar(container);\n    > 339 |     expect(bar).not.toBeNull();\n          |                     ^\n      340 |\n      341 |     const p1 = getPanelTab(container, 'p1');\n      342 |     expect(p1).not.toBeNull();\n\n      at Object.<anonymous> (src/components/__tests__/TerminalWorkspacesManager.panel-subtabs.test.jsx:339:21)\n\n  ● TerminalWorkspacesManager — panel sub-tabs bar › + button is enabled when only 1 view exists\n\n    expect(received).not.toBeNull()\n\n    Received: null\n\n      350 |\n      351 |     const addBtn = getAddButton(container);\n    > 352 |     expect(addBtn).not.toBeNull();\n          |                        ^\n      353 |     expect(addBtn.disabled).toBe(false);\n      354 |     expect(addBtn.getAttribute('aria-label')).toBe('Agregar vista');\n      355 |   });\n\n      at Object.<anonymous> (src/components/__tests__/TerminalWorkspacesManager.panel-subtabs.test.jsx:352:24)\n\n  ● TerminalWorkspacesManager — panel sub-tabs bar › clicking + adds a V2 tab\n\n    TypeError: Cannot read properties of null (reading 'dispatchEvent')\n\n      242 | async function click(element) {\n      243 |   flushSync(() => {\n    > 244 |     element.dispatchEvent(new window.MouseEvent('click', { bubbles: true }));\n          |             ^\n      245 |   });\n      246 |   await flushEffects();\n      247 | }\n\n      at src/components/__tests__/TerminalWorkspacesManager.panel-subtabs.test.jsx:244:13\n      at flushSync (node_modules/.pnpm/react-dom@19.2.6_react@19.2.6/node_modules/react-dom/cjs/react-dom.development.js:136:18)\n      at click (src/components/__tests__/TerminalWorkspacesManager.panel-subtabs.test.jsx:243:3)\n      at Object.<anonymous> (src/components/__tests__/TerminalWorkspacesManager.panel-subtabs.test.jsx:362:11)\n\n  ● TerminalWorkspacesManager — panel sub-tabs bar › V2 tab is focused after clicking +\n\n    TypeError: Cannot read properties of null (reading 'dispatchEvent')\n\n      242 | async function click(element) {\n      243 |   flushSync(() => {\n    > 244 |     element.dispatchEvent(new window.MouseEvent('click', { bubbles: true }));\n          |             ^\n      245 |   });\n      246 |   await flushEffects();\n      247 | }\n\n      at src/components/__tests__/TerminalWorkspacesManager.panel-subtabs.test.jsx:244:13\n      at flushSync (node_modules/.pnpm/react-dom@19.2.6_react@19.2.6/node_modules/react-dom/cjs/react-dom.development.js:136:18)\n      at click (src/components/__tests__/TerminalWorkspacesManager.panel-subtabs.test.jsx:243:3)\n      at Object.<anonymous> (src/components/__tests__/TerminalWorkspacesManager.panel-subtabs.test.jsx:373:11)\n\n  ● TerminalWorkspacesManager — panel sub-tabs bar › clicking V1 while V2 is active re-activates V1\n\n    TypeError: Cannot read properties of null (reading 'dispatchEvent')\n\n      242 | async function click(element) {\n      243 |   flushSync(() => {\n    > 244 |     element.dispatchEvent(new window.MouseEvent('click', { bubbles: true }));\n          |             ^\n      245 |   });\n      246 |   await flushEffects();\n      247 | }\n\n      at src/components/__tests__/TerminalWorkspacesManager.panel-subtabs.test.jsx:244:13\n      at flushSync (node_modules/.pnpm/react-dom@19.2.6_react@19.2.6/node_modules/react-dom/cjs/react-dom.development.js:136:18)\n      at click (src/components/__tests__/TerminalWorkspacesManager.panel-subtabs.test.jsx:243:3)\n      at Object.<anonymous> (src/components/__tests__/TerminalWorkspacesManager.panel-subtabs.test.jsx:383:11)\n\n  ● TerminalWorkspacesManager — panel sub-tabs bar › + button stays enabled after creating 3 panels\n\n    TypeError: Cannot read properties of null (reading 'dispatchEvent')\n\n      242 | async function click(element) {\n      243 |   flushSync(() => {\n    > 244 |     element.dispatchEvent(new window.MouseEvent('click', { bubbles: true }));\n          |             ^\n      245 |   });\n      246 |   await flushEffects();\n      247 | }\n\n      at src/components/__tests__/TerminalWorkspacesManager.panel-subtabs.test.jsx:244:13\n      at flushSync (node_modules/.pnpm/react-dom@19.2.6_react@19.2.6/node_modules/react-dom/cjs/react-dom.development.js:136:18)\n      at click (src/components/__tests__/TerminalWorkspacesManager.panel-subtabs.test.jsx:243:3)\n      at Object.<anonymous> (src/components/__tests__/TerminalWorkspacesManager.panel-subtabs.test.jsx:396:11)\n\n  ● TerminalWorkspacesManager — panel sub-tabs bar › allows rendering a 4th panel tab\n\n    TypeError: 
[...]
          "title": "TIC-S4: stale localStorage entries with low IDs do not match new high panels"
        },
        {
          "ancestorTitles": ["TIC-2: Panel ID counter randomized on fresh workspace creation"],
          "failureMessages": [
            "Error: expect(received).toBeGreaterThanOrEqual(expected)\n\nExpected: >= 1000\nReceived:    1\n    at Object.<anonymous> (D:\\devhub\\src\\components\\__tests__\\TerminalWorkspacesManager.counterRandomization.test.jsx:419:31)\n    at runNextTicks (node:internal/process/task_queues:64:5)\n    at processTimers (node:internal/timers:538:9)"
          ],
          "fullName": "TIC-2: Panel ID counter randomized on fresh workspace creation counterRandomizedRef stays true across add/remove/add cycle",
          "location": null,
          "status": "failed",
          "title": "counterRandomizedRef stays true across add/remove/add cycle"
        }
      ],
      "endTime": 1783203951966,
      "message": "  ● TIC-2: Panel ID counter randomized on fresh workspace creation › TIC-S4: stale localStorage entries with low IDs do not match new high panels\n\n    expect(received).not.toBe(expected) // Object.is equality\n\n    Expected: not \"p1\"\n\n      392 |     // NEW panels should not have low IDs matching stale entries\n      393 |     newIds.forEach((panelId) => {\n    > 394 |       expect(panelId).not.toBe('p1');\n          |                           ^\n      395 |       expect(panelId).not.toBe('p2');\n      396 |     });\n      397 |\n\n      at forEach (src/components/__tests__/TerminalWorkspacesManager.counterRandomization.test.jsx:394:27)\n          at Array.forEach (<anonymous>)\n      at Object.<anonymous> (src/components/__tests__/TerminalWorkspacesManager.counterRandomization.test.jsx:393:12)\n\n  ● TIC-2: Panel ID counter randomized on fresh workspace creation › counterRandomizedRef stays true across add/remove/add cycle\n\n    expect(received).toBeGreaterThanOrEqual(expected)\n\n    Expected: >= 1000\n    Received:    1\n\n      417 |     expect(afterFirstHighPanel).toBeDefined();\n      418 |     const afterFirstHighNum = parseInt(afterFirstHighPanel.replace('p', ''), 10);\n    > 419 |     expect(afterFirstHighNum).toBeGreaterThanOrEqual(1000);\n          |                               ^\n      420 |\n      421 |     // Close one workspace\n      422 |     const closeButtons = Array.from(\n\n      at Object.<anonymous> (src/components/__tests__/TerminalWorkspacesManager.counterRandomization.test.jsx:419:31)\n",
      "name": "D:\\devhub\\src\\components\\__tests__\\TerminalWorkspacesManager.counterRandomization.test.jsx",
      "startTime": 1783203950682,
      "status": "failed",
      "summary": ""
    },
    {
      "assertionResults": [
        {
          "ancestorTitles": ["workspace close keeps surviving terminal panels mounted"],
          "failureMessages": [],
          "fullName": "workspace close keeps surviving terminal panels mounted closing the first workspace does not remount grok panel in ws2",
          "location": null,
          "status": "passed",
          "title": "closing the first workspace does not remount grok panel in ws2"
        }
      ],
      "endTime": 1783203952568,
      "message": "",
      "name": "D:\\devhub\\src\\components\\__tests__\\TerminalWorkspacesManager.workspaceCloseRemount.test.jsx",
      "startTime": 1783203951976,
      "status": "passed",
      "summary": ""
    },
    {
      "assertionResults": [
        {
          "ancestorTitles": [
            "TerminalWorkspacesManager startup restore — restorePolicy wiring",
            "auto policy — dispatch relaunch event"
          ],
          "failureMessages": [],
          "fullName": "TerminalWorkspacesManager startup restore — restorePolicy wiring auto policy — dispatch relaunch event dispatches devhub:relaunch-panel for opencode session with auto policy",
          "location": null,
          "status": "passed",
          "title": "dispatches devhub:relaunch-panel for opencode session with auto policy"
        },
        {
          "ancestorTitles": [
            "TerminalWorkspacesManager startup restore — restorePolicy wiring",
            "auto policy — dispatch relaunch event"
          ],
          "failureMessages": [],
          "fullName": "TerminalWorkspacesManager startup restore — restorePolicy wiring auto policy — dispatch relaunch event dispatches devhub:relaunch-panel for shell-ephemeral session with auto policy",
          "location": null,
          "status": "passed",
          "title": "dispatches devhub:relaunch-panel for shell-ephemeral session with auto policy"
        },
        {
          "ancestorTitles": [
            "TerminalWorkspacesManager startup restore — restorePolicy wiring",
            "manual policy — NO relaunch dispatch"
          ],
          "failureMessages": [],
          "fullName": "TerminalWorkspacesManager startup restore — restorePolicy wiring manual policy — NO relaunch dispatch does NOT dispatch relaunch for opencode session with manual policy",
          "location": null,
          "status": "passed",
          "title": "does NOT dispatch relaunch for opencode session with manual policy"
        },
        {
          "ancestorTitles": [
            "TerminalWorkspacesManager startup restore — restorePolicy wiring",
            "manual policy — NO relaunch dispatch"
          ],
          "failureMessages": [],
          "fullName": "TerminalWorkspacesManager startup restore — restorePolicy wiring manual policy — NO relaunch dispatch manual revive dispatches opencode --session relaunch",
          "location": null,
          "status": "passed",
          "title": "manual revive dispatches opencode --session relaunch"
        },
        {
          "ancestorTitles": [
            "TerminalWorkspacesManager startup restore — restorePolicy wiring",
            "manual policy — NO relaunch dispatch"
          ],
          "failureMessages": [],
          "fullName": "TerminalWorkspacesManager startup restore — restorePolicy wiring manual policy — NO relaunch dispatch does NOT dispatch relaunch for shell-ephemeral session with manual policy",
          "location": null,
          "status": "passed",
          "title": "does NOT dispatch relaunch for shell-ephemeral session with manual policy"
        },
        {
          "ancestorTitles": [
            "TerminalWorkspacesManager startup restore — restorePolicy wiring",
            "off policy — NO relaunch dispatch"
          ],
          "failureMessages": [],
          "fullName": "TerminalWorkspacesManager startup restore — restorePolicy wiring off policy — NO relaunch dispatch does NOT dispatch relaunch for opencode session with off policy",
          "location": null,
          "status": "passed",
          "title": "does NOT dispatch relaunch for opencode session with off policy"
        },
        {
          "ancestorTitles": [
            "TerminalWorkspacesManager startup restore — restorePolicy wiring",
            "missing restorePolicy — defaults to auto and dispatches"
          ],
          "failureMessages": [],
          "fullName": "TerminalWorkspacesManager startup restore — restorePolicy wiring missing restorePolicy — defaults to auto and dispatches dispatches relaunch when restorePolicy is missing (treated as auto)",
          "location": null,
          "status": "passed",
          "title": "dispatches relaunch when restorePolicy is missing (treated as auto)"
        },
        {
          "ancestorTitles": [
            "TerminalWorkspacesManager startup restore — restorePolicy wiring",
            "dual mutex polling — waits for both opencode and generic mutex flags"
          ],
          "failureMessages": [],
          "fullName": "TerminalWorkspacesManager startup restore — restorePolicy wiring dual mutex polling — waits for both opencode and generic mutex flags sets and clears devhub_opencode_restore_in_progress mutex during startup restore",
          "location": null,
          "status": "passed",
          "title": "sets and clears devhub_opencode_restore_in_progress mutex during startup restore"
        },
        {
          "ancestorTitles": [
            "TerminalWorkspacesManager startup restore — restorePolicy wiring",
            "dual mutex polling — waits for both opencode and generic mutex flags"
          ],
          "failureMessages": [],
          "fullName": "TerminalWorkspacesManager startup restore — restorePolicy wiring dual mutex polling — waits for both opencode and generic mutex flags waits for devhub_generic_restore_in_progress to clear before dispatching when generic restore is running",
          "location": null,
          "status": "pending",
          "title": "waits for devhub_generic_restore_in_progress to clear before dispatching when generic restore is running"
        },
        {
          "ancestorTitles": [
            "TerminalWorkspacesManager startup restore — restorePolicy wiring",
            "mixed policies in same render"
          ],
          "failureMessages": [],
          "fullName": "TerminalWorkspacesManager startup restore — restorePolicy wiring mixed policies in same render auto session gets relaunch, manual and off sessions do not",
          "location": null,
          "status": "passed",
          "title": "auto session gets relaunch, manual and off sessions do not"
        },
        {
          "ancestorTitles": ["TerminalWorkspacesManager startup restore — in-app remount"],
          "failureMessages": [],
          "fullName": "TerminalWorkspacesManager startup restore — in-app remount does not show suspended overlay on second mount in the same browser session (auto policy)",
          "location": null,
          "status": "passed",
          "title": "does not show suspended overlay on second mount in the same browser session (auto policy)"
        },
        {
          "ancestorTitles": [
            "TerminalWorkspacesManager startup restore — OpenCode catalog discovery"
          ],
          "failureMessages": [],
          "fullName": "TerminalWorkspacesManager startup restore — OpenCode catalog discovery discovers session id from opencode session list when panel only has plain opencode",
          "location": null,
          "status": "passed",
          "title": "discovers session id from opencode session list when panel only has plain opencode"
        }
      ],
      "endTime": 1783203963771,
      "message": "",
      "name": "D:\\devhub\\src\\components\\__tests__\\TerminalWorkspacesManager.startupRestore.test.jsx",
      "startTime": 1783203952573,
      "status": "passed",
      "summary": ""
    },
    {
      "assertionResults": [
        {
          "ancestorTitles": ["resolveWorkspaceWindowsForRender"],
          "failureMessages": [],
          "fullName": "resolveWorkspaceWindowsForRender returns persisted window snapshots when present",
          "location": null,
          "status": "passed",
          "title": "returns persisted window snapshots when present"
        },
        {
          "ancestorTitles": ["resolveWorkspaceWindowsForRender"],
          "failureMessages": [],
          "fullName": "resolveWorkspaceWindowsForRender falls back to a single default window from live columns",
          "location": null,
          "status": "passed",
          "title": "falls back to a single default window from live columns"
        },
        {
          "ancestorTitles": ["resolveActiveWorkspaceWindowId"],
          "failureMessages": [],
          "fullName": "resolveActiveWorkspaceWindowId prefers activeWindowIds entry",
          "location": null,
          "status": "passed",
          "title": "prefers activeWindowIds entry"
        },
        {
          "ancestorTitles": ["resolveActiveWorkspaceWindowId"],
          "failureMessages": [],
          "fullName": "resolveActiveWorkspaceWindowId falls back to first window id",
          "location": null,
          "status": "passed",
          "title": "falls back to first window id"
        },
        {
          "ancestorTitles": ["TerminalWorkspacesManager workspace window switching"],
          "failureMessages": [],
          "fullName": "TerminalWorkspacesManager workspace window switching switching windows clears stale focus and shows all destination panels (TWS-S1)",
          "location": null,
          "status": "passed",
          "title": "switching windows clears stale focus and shows all destination panels (TWS-S1)"
        },
        {
          "ancestorTitles": ["TerminalWorkspacesManager workspace window switching"],
          "failureMessages": [],
          "fullName": "TerminalWorkspacesManager workspace window switching switching to a window that contains the focused panel keeps focus mode (TWS-S2)",
          "location": null,
          "status": "passed",
          "title": "switching to a window that contains the focused panel keeps focus mode (TWS-S2)"
        },
        {
          "ancestorTitles": ["TerminalWorkspacesManager workspace window switching"],
          "failureMessages": [],
          "fullName": "TerminalWorkspacesManager workspace window switching selecting the already-active window does not emit a new workspace-window-switch event (regression)",
          "location": null,
          "status": "passed",
          "title": "selecting the already-active window does not emit a new workspace-window-switch event (regression)"
        },
        {
          "ancestorTitles": ["TerminalWorkspacesManager workspace tab switching"],
          "failureMessages": [],
          "fullName": "TerminalWorkspacesManager workspace tab switching switching workspace tabs shows all destination panels without layout-settled bursts",
          "location": null,
          "status": "passed",
          "title": "switching workspace tabs shows all destination panels without layout-settled bursts"
        },
        {
          "ancestorTitles": ["TerminalWorkspacesManager workspace tab switching"],
          "failureMessages": [],
          "fullName": "TerminalWorkspacesManager workspace tab switching selecting the already-active workspace tab does not emit a new workspace-switch event",
          "location": null,
          "status": "passed",
          "title": "selecting the already-active workspace tab does not emit a new workspace-switch event"
        },
        {
          "ancestorTitles": ["TerminalWorkspacesManager workspace tab switching"],
          "failureMessages": [],
          "fullName": "TerminalWorkspacesManager workspace tab switching drag-and-dropping a workspace tab reorders workspaces",
          "location": null,
          "status": "passed",
          "title": "drag-and-dropping a workspace tab reorders workspaces"
        },
        {
          "ancestorTitles": ["TerminalWorkspacesManager workspace tab switching"],
          "failureMessages": [],
          "fullName": "TerminalWorkspacesManager workspace tab switching closing the active workspace dispatches a workspace-switch burst for the destination panels (RC0c)",
          "location": null,
          "status": "passed",
          "title": "closing the active workspace dispatches a workspace-switch burst for the destination panels (RC0c)"
        }
      ],
      "endTime": 1783203968348,
      "message": "",
      "name": "D:\\devhub\\src\\components\\__tests__\\TerminalWorkspacesManager.workspaceWindows.test.js",
      "startTime": 1783203963812,
      "status": "passed",
      "summary": ""
    },
    {
      "assertionResults": [
        {
          "ancestorTitles": ["TIC-1: Workspace close unbinds terminal identity state"],
          "failureMessages": [],
          "fullName": "TIC-1: Workspace close unbinds terminal identity state TIC-S1: devhub_agent_runs entries are deleted when workspace is removed",
          "location": null,
          "status": "passed",
          "title": "TIC-S1: devhub_agent_runs entries are deleted when workspace is removed"
        },
        {
          "ancestorTitles": ["TIC-1: Workspace close unbinds terminal identity state"],
          "failureMessages": [],
          "fullName": "TIC-1: Workspace close unbinds terminal identity state TIC-S2: closing a workspace with multiple panels cleans all its panel identities",
          "location": null,
          "status": "passed",
          "title": "TIC-S2: closing a workspace with multiple panels cleans all its panel identities"
        },
        {
          "ancestorTitles": ["TIC-2: Panel ID counter randomized on fresh workspace creation"],
          "failureMessages": [],
          "fullName": "TIC-2: Panel ID counter randomized on fresh workspace creation TIC-S3: new workspace panels get fresh IDs after close+add cycle",
          "location": null,
          "status": "passed",
          "title": "TIC-S3: new workspace panels get fresh IDs after close+add cycle"
        },
        {
          "ancestorTitles": ["TIC-S1 / TIC-S4 regression: no stale identity in new workspaces"],
          "failureMessages": [],
          "fullName": "TIC-S1 / TIC-S4 regression: no stale identity in new workspaces after swarm workspace close, first new workspace shows no director/coder label",
          "location": null,
          "status": "passed",
          "title": "after swarm workspace close, first new workspace shows no director/coder label"
        }
      ],
      "endTime": 1783203969596,
      "message": "",
      "name": "D:\\devhub\\src\\components\\__tests__\\TerminalWorkspacesManager.staleIdentity.test.jsx",
      "startTime": 1783203968389,
      "status": "passed",
      "summary": ""
    },
    {
      "assertionResults": [
        {
          "ancestorTitles": ["renderWorkspacePanel — v2 graveyard flag and mount logic"],
          "failureMessages": [],
          "fullName": "renderWorkspacePanel — v2 graveyard flag and mount logic passes isEngineV2=true for a v2 panel",
          "location": null,
          "status": "passed",
          "title": "passes isEngineV2=true for a v2 panel"
        },
        {
          "ancestorTitles": ["renderWorkspacePanel — v2 graveyard flag and mount logic"],
          "failureMessages": [],
          "fullName": "renderWorkspacePanel — v2 graveyard flag and mount logic passes isEngineV2=false for a legacy panel",
          "location": null,
          "status": "passed",
          "title": "passes isEngineV2=false for a legacy panel"
        },
        {
          "ancestorTitles": ["renderWorkspacePanel — v2 graveyard flag and mount logic"],
          "failureMessages": [],
          "fullName": "renderWorkspacePanel — v2 graveyard flag and mount logic mounts TerminalTTY for a visible v2 panel",
          "location": null,
          "status": "passed",
          "title": "mounts TerminalTTY for a visible v2 panel"
        },
        {
          "ancestorTitles": ["renderWorkspacePanel — v2 graveyard flag and mount logic"],
          "failureMessages": [],
          "fullName": "renderWorkspacePanel — v2 graveyard flag and mount logic renders a stash placeholder instead of TerminalTTY for a hidden v2 panel",
          "location": null,
          "status": "passed",
          "title": "renders a stash placeholder instead of TerminalTTY for a hidden v2 panel"
        },
        {
          "ancestorTitles": ["renderWorkspacePanel — v2 graveyard flag and mount logic"],
          "failureMessages": [],
          "fullName": "renderWorkspacePanel — v2 graveyard flag and mount logic keeps a legacy panel mounted even when hidden",
          "location": null,
          "status": "passed",
          "title": "keeps a legacy panel mounted even when hidden"
        }
      ],
      "endTime": 1783203970189,
      "message": "",
      "name": "D:\\devhub\\src\\components\\__tests__\\TerminalWorkspacesManager.v2graveyard.test.jsx",
      "startTime": 1783203969604,
      "status": "passed",
      "summary": ""
    }
  ],
  "wasInterrupted": false
}
